[11:57:03.8549] DEBUG 'Game':'Get'.
User IP: ::1. Execution time: 13003 milliseconds.

[11:57:15.4525] DEBUG 'Basket':'Add'.
User IP: ::1. Execution time: 61 milliseconds.

[11:57:15.4676] DEBUG 'Basket':'Get'.
User IP: ::1. Execution time: 4 milliseconds.

[11:57:17.0964] DEBUG 'Order':'New'.
User IP: ::1. Execution time: 285 milliseconds.

[11:57:17.1334] DEBUG 'Order':'Get'.
User IP: ::1. Execution time: 13 milliseconds.

[11:57:18.3893] DEBUG 'Payment':'Get'.
User IP: ::1. Execution time: 119 milliseconds.

[11:58:10.6360] DEBUG 'Payment':'Get'.
User IP: ::1. Execution time: 275 milliseconds.

[11:58:10.6601] DEBUG 'Game':'Get'.
User IP: ::1. Execution time: 7 milliseconds.

[11:58:13.3957] DEBUG 'Order':'Get'.
User IP: ::1. Execution time: 0 milliseconds.

[11:58:14.6567] DEBUG 'Game':'Get'.
User IP: ::1. Execution time: 4 milliseconds.

[11:58:19.7348] DEBUG 'Basket':'Add'.
User IP: ::1. Execution time: 106 milliseconds.

[11:58:19.7348] DEBUG 'Basket':'Get'.
User IP: ::1. Execution time: 1 milliseconds.

[11:58:20.7613] DEBUG 'Order':'New'.
User IP: ::1. Execution time: 77 milliseconds.

[11:58:20.7703] DEBUG 'Order':'Get'.
User IP: ::1. Execution time: 1 milliseconds.

[11:58:21.3781] DEBUG 'Payment':'Get'.
User IP: ::1. Execution time: 25 milliseconds.

[11:58:36.0842] DEBUG 'Payment':'Get'.
User IP: ::1. Execution time: 12 milliseconds.

[11:59:29.7437] ERROR 'Payment':'Get'.
Exception: System.FormatException: Index (zero based) must be greater than or equal to zero and less than the size of the argument list.
   at System.Text.StringBuilder.AppendFormat(IFormatProvider provider, String format, Object[] args)
   at System.String.Format(IFormatProvider provider, String format, Object[] args)
   at System.ComponentModel.DataAnnotations.MaxLengthAttribute.FormatErrorMessage(String name)
   at System.ComponentModel.DataAnnotations.ValidationAttribute.IsValid(Object value, ValidationContext validationContext)
   at System.ComponentModel.DataAnnotations.ValidationAttribute.GetValidationResult(Object value, ValidationContext validationContext)
   at System.Web.Mvc.DataAnnotationsModelValidator.<Validate>d__15.MoveNext()
   at System.Web.Mvc.ModelValidator.CompositeModelValidator.<Validate>d__1.MoveNext()
   at System.Web.Mvc.DefaultModelBinder.OnModelUpdated(ControllerContext controllerContext, ModelBindingContext bindingContext)
   at System.Web.Mvc.DefaultModelBinder.BindComplexElementalModel(ControllerContext controllerContext, ModelBindingContext bindingContext, Object model)
   at System.Web.Mvc.DefaultModelBinder.BindComplexModel(ControllerContext controllerContext, ModelBindingContext bindingContext)
   at System.Web.Mvc.DefaultModelBinder.BindModel(ControllerContext controllerContext, ModelBindingContext bindingContext)
   at System.Web.Mvc.DefaultModelBinder.GetPropertyValue(ControllerContext controllerContext, ModelBindingContext bindingContext, PropertyDescriptor propertyDescriptor, IModelBinder propertyBinder)
   at System.Web.Mvc.DefaultModelBinder.BindProperty(ControllerContext controllerContext, ModelBindingContext bindingContext, PropertyDescriptor propertyDescriptor)
   at System.Web.Mvc.DefaultModelBinder.BindProperties(ControllerContext controllerContext, ModelBindingContext bindingContext)
   at System.Web.Mvc.DefaultModelBinder.BindComplexElementalModel(ControllerContext controllerContext, ModelBindingContext bindingContext, Object model)
   at System.Web.Mvc.DefaultModelBinder.BindComplexModel(ControllerContext controllerContext, ModelBindingContext bindingContext)
   at System.Web.Mvc.DefaultModelBinder.BindModel(ControllerContext controllerContext, ModelBindingContext bindingContext)
   at System.Web.Mvc.DefaultModelBinder.GetPropertyValue(ControllerContext controllerContext, ModelBindingContext bindingContext, PropertyDescriptor propertyDescriptor, IModelBinder propertyBinder)
   at System.Web.Mvc.DefaultModelBinder.BindProperty(ControllerContext controllerContext, ModelBindingContext bindingContext, PropertyDescriptor propertyDescriptor)
   at System.Web.Mvc.DefaultModelBinder.BindProperties(ControllerContext controllerContext, ModelBindingContext bindingContext)
   at System.Web.Mvc.DefaultModelBinder.BindComplexElementalModel(ControllerContext controllerContext, ModelBindingContext bindingContext, Object model)
   at System.Web.Mvc.DefaultModelBinder.BindComplexModel(ControllerContext controllerContext, ModelBindingContext bindingContext)
   at System.Web.Mvc.DefaultModelBinder.BindModel(ControllerContext controllerContext, ModelBindingContext bindingContext)
   at System.Web.Mvc.ControllerActionInvoker.GetParameterValue(ControllerContext controllerContext, ParameterDescriptor parameterDescriptor)
   at System.Web.Mvc.ControllerActionInvoker.GetParameterValues(ControllerContext controllerContext, ActionDescriptor actionDescriptor)
   at System.Web.Mvc.Async.AsyncControllerActionInvoker.<>c__DisplayClass25.<BeginInvokeAction>b__1e(AsyncCallback asyncCallback, Object asyncState).

[11:59:29.7617] DEBUG 'Game':'Get'.
User IP: ::1. Execution time: 7 milliseconds.

[11:59:33.7817] DEBUG 'Order':'Get'.
User IP: ::1. Execution time: 1 milliseconds.

[11:59:35.2002] DEBUG 'Game':'Get'.
User IP: ::1. Execution time: 4 milliseconds.

[11:59:36.0100] DEBUG 'Basket':'Add'.
User IP: ::1. Execution time: 12 milliseconds.

[11:59:36.0181] DEBUG 'Basket':'Get'.
User IP: ::1. Execution time: 1 milliseconds.

[11:59:55.7671] DEBUG 'Order':'New'.
User IP: ::1. Execution time: 17 milliseconds.

[11:59:55.7671] DEBUG 'Order':'Get'.
User IP: ::1. Execution time: 1 milliseconds.

[11:59:56.4205] DEBUG 'Payment':'Get'.
User IP: ::1. Execution time: 5 milliseconds.

[12:00:10.2447] ERROR 'Payment':'Get'.
Exception: System.FormatException: Index (zero based) must be greater than or equal to zero and less than the size of the argument list.
   at System.Text.StringBuilder.AppendFormat(IFormatProvider provider, String format, Object[] args)
   at System.String.Format(IFormatProvider provider, String format, Object[] args)
   at System.ComponentModel.DataAnnotations.MaxLengthAttribute.FormatErrorMessage(String name)
   at System.ComponentModel.DataAnnotations.ValidationAttribute.IsValid(Object value, ValidationContext validationContext)
   at System.ComponentModel.DataAnnotations.ValidationAttribute.GetValidationResult(Object value, ValidationContext validationContext)
   at System.Web.Mvc.DataAnnotationsModelValidator.<Validate>d__15.MoveNext()
   at System.Web.Mvc.ModelValidator.CompositeModelValidator.<Validate>d__1.MoveNext()
   at System.Web.Mvc.DefaultModelBinder.OnModelUpdated(ControllerContext controllerContext, ModelBindingContext bindingContext)
   at System.Web.Mvc.DefaultModelBinder.BindComplexElementalModel(ControllerContext controllerContext, ModelBindingContext bindingContext, Object model)
   at System.Web.Mvc.DefaultModelBinder.BindComplexModel(ControllerContext controllerContext, ModelBindingContext bindingContext)
   at System.Web.Mvc.DefaultModelBinder.BindModel(ControllerContext controllerContext, ModelBindingContext bindingContext)
   at System.Web.Mvc.DefaultModelBinder.GetPropertyValue(ControllerContext controllerContext, ModelBindingContext bindingContext, PropertyDescriptor propertyDescriptor, IModelBinder propertyBinder)
   at System.Web.Mvc.DefaultModelBinder.BindProperty(ControllerContext controllerContext, ModelBindingContext bindingContext, PropertyDescriptor propertyDescriptor)
   at System.Web.Mvc.DefaultModelBinder.BindProperties(ControllerContext controllerContext, ModelBindingContext bindingContext)
   at System.Web.Mvc.DefaultModelBinder.BindComplexElementalModel(ControllerContext controllerContext, ModelBindingContext bindingContext, Object model)
   at System.Web.Mvc.DefaultModelBinder.BindComplexModel(ControllerContext controllerContext, ModelBindingContext bindingContext)
   at System.Web.Mvc.DefaultModelBinder.BindModel(ControllerContext controllerContext, ModelBindingContext bindingContext)
   at System.Web.Mvc.DefaultModelBinder.GetPropertyValue(ControllerContext controllerContext, ModelBindingContext bindingContext, PropertyDescriptor propertyDescriptor, IModelBinder propertyBinder)
   at System.Web.Mvc.DefaultModelBinder.BindProperty(ControllerContext controllerContext, ModelBindingContext bindingContext, PropertyDescriptor propertyDescriptor)
   at System.Web.Mvc.DefaultModelBinder.BindProperties(ControllerContext controllerContext, ModelBindingContext bindingContext)
   at System.Web.Mvc.DefaultModelBinder.BindComplexElementalModel(ControllerContext controllerContext, ModelBindingContext bindingContext, Object model)
   at System.Web.Mvc.DefaultModelBinder.BindComplexModel(ControllerContext controllerContext, ModelBindingContext bindingContext)
   at System.Web.Mvc.DefaultModelBinder.BindModel(ControllerContext controllerContext, ModelBindingContext bindingContext)
   at System.Web.Mvc.ControllerActionInvoker.GetParameterValue(ControllerContext controllerContext, ParameterDescriptor parameterDescriptor)
   at System.Web.Mvc.ControllerActionInvoker.GetParameterValues(ControllerContext controllerContext, ActionDescriptor actionDescriptor)
   at System.Web.Mvc.Async.AsyncControllerActionInvoker.<>c__DisplayClass25.<BeginInvokeAction>b__1e(AsyncCallback asyncCallback, Object asyncState).

[12:00:10.2627] DEBUG 'Game':'Get'.
User IP: ::1. Execution time: 8 milliseconds.

[12:01:13.6490] DEBUG 'Game':'Get'.
User IP: ::1. Execution time: 5461 milliseconds.

[12:01:17.5322] DEBUG 'Basket':'Add'.
User IP: ::1. Execution time: 170 milliseconds.

[12:01:17.5912] DEBUG 'Basket':'Get'.
User IP: ::1. Execution time: 4 milliseconds.

[12:01:19.4975] DEBUG 'Order':'New'.
User IP: ::1. Execution time: 153 milliseconds.

[12:01:19.5335] DEBUG 'Order':'Get'.
User IP: ::1. Execution time: 14 milliseconds.

[12:01:20.7291] DEBUG 'Payment':'Get'.
User IP: ::1. Execution time: 75 milliseconds.

[12:01:36.7300] DEBUG 'Payment':'Get'.
User IP: ::1. Execution time: 6166 milliseconds.

[12:01:36.7491] DEBUG 'Game':'Get'.
User IP: ::1. Execution time: 6 milliseconds.

[12:01:38.5813] DEBUG 'Order':'Get'.
User IP: ::1. Execution time: 0 milliseconds.

[12:01:39.9783] DEBUG 'Game':'Get'.
User IP: ::1. Execution time: 4 milliseconds.

[12:01:40.6828] DEBUG 'Basket':'Add'.
User IP: ::1. Execution time: 51 milliseconds.

[12:01:40.6918] DEBUG 'Basket':'Get'.
User IP: ::1. Execution time: 1 milliseconds.

[12:01:41.3870] DEBUG 'Order':'New'.
User IP: ::1. Execution time: 151 milliseconds.

[12:01:41.4080] DEBUG 'Order':'Get'.
User IP: ::1. Execution time: 2 milliseconds.

[12:01:42.0064] DEBUG 'Payment':'Get'.
User IP: ::1. Execution time: 4 milliseconds.

[12:01:58.6713] DEBUG 'Payment':'Get'.
User IP: ::1. Execution time: 2453 milliseconds.

[12:01:58.6863] DEBUG 'Game':'Get'.
User IP: ::1. Execution time: 4 milliseconds.

[12:02:24.1905] DEBUG 'Basket':'Add'.
User IP: ::1. Execution time: 8 milliseconds.

[12:02:24.1905] DEBUG 'Basket':'Get'.
User IP: ::1. Execution time: 1 milliseconds.

[12:02:25.4248] DEBUG 'Game':'Get'.
User IP: ::1. Execution time: 4 milliseconds.

[12:02:26.9320] DEBUG 'Basket':'Add'.
User IP: ::1. Execution time: 39 milliseconds.

[12:02:26.9414] DEBUG 'Basket':'Get'.
User IP: ::1. Execution time: 1 milliseconds.

[12:02:27.9370] DEBUG 'Order':'New'.
User IP: ::1. Execution time: 75 milliseconds.

[12:02:27.9460] DEBUG 'Order':'Get'.
User IP: ::1. Execution time: 2 milliseconds.

[12:02:28.7411] DEBUG 'Payment':'Get'.
User IP: ::1. Execution time: 5 milliseconds.

[12:02:38.7996] ERROR 'Payment':'Get'.
Exception: System.FormatException: Index (zero based) must be greater than or equal to zero and less than the size of the argument list.
   at System.Text.StringBuilder.AppendFormat(IFormatProvider provider, String format, Object[] args)
   at System.String.Format(IFormatProvider provider, String format, Object[] args)
   at System.ComponentModel.DataAnnotations.MaxLengthAttribute.FormatErrorMessage(String name)
   at System.ComponentModel.DataAnnotations.ValidationAttribute.IsValid(Object value, ValidationContext validationContext)
   at System.ComponentModel.DataAnnotations.ValidationAttribute.GetValidationResult(Object value, ValidationContext validationContext)
   at System.Web.Mvc.DataAnnotationsModelValidator.<Validate>d__15.MoveNext()
   at System.Web.Mvc.ModelValidator.CompositeModelValidator.<Validate>d__1.MoveNext()
   at System.Web.Mvc.DefaultModelBinder.OnModelUpdated(ControllerContext controllerContext, ModelBindingContext bindingContext)
   at System.Web.Mvc.DefaultModelBinder.BindComplexElementalModel(ControllerContext controllerContext, ModelBindingContext bindingContext, Object model)
   at System.Web.Mvc.DefaultModelBinder.BindComplexModel(ControllerContext controllerContext, ModelBindingContext bindingContext)
   at System.Web.Mvc.DefaultModelBinder.BindModel(ControllerContext controllerContext, ModelBindingContext bindingContext)
   at System.Web.Mvc.DefaultModelBinder.GetPropertyValue(ControllerContext controllerContext, ModelBindingContext bindingContext, PropertyDescriptor propertyDescriptor, IModelBinder propertyBinder)
   at System.Web.Mvc.DefaultModelBinder.BindProperty(ControllerContext controllerContext, ModelBindingContext bindingContext, PropertyDescriptor propertyDescriptor)
   at System.Web.Mvc.DefaultModelBinder.BindProperties(ControllerContext controllerContext, ModelBindingContext bindingContext)
   at System.Web.Mvc.DefaultModelBinder.BindComplexElementalModel(ControllerContext controllerContext, ModelBindingContext bindingContext, Object model)
   at System.Web.Mvc.DefaultModelBinder.BindComplexModel(ControllerContext controllerContext, ModelBindingContext bindingContext)
   at System.Web.Mvc.DefaultModelBinder.BindModel(ControllerContext controllerContext, ModelBindingContext bindingContext)
   at System.Web.Mvc.DefaultModelBinder.GetPropertyValue(ControllerContext controllerContext, ModelBindingContext bindingContext, PropertyDescriptor propertyDescriptor, IModelBinder propertyBinder)
   at System.Web.Mvc.DefaultModelBinder.BindProperty(ControllerContext controllerContext, ModelBindingContext bindingContext, PropertyDescriptor propertyDescriptor)
   at System.Web.Mvc.DefaultModelBinder.BindProperties(ControllerContext controllerContext, ModelBindingContext bindingContext)
   at System.Web.Mvc.DefaultModelBinder.BindComplexElementalModel(ControllerContext controllerContext, ModelBindingContext bindingContext, Object model)
   at System.Web.Mvc.DefaultModelBinder.BindComplexModel(ControllerContext controllerContext, ModelBindingContext bindingContext)
   at System.Web.Mvc.DefaultModelBinder.BindModel(ControllerContext controllerContext, ModelBindingContext bindingContext)
   at System.Web.Mvc.ControllerActionInvoker.GetParameterValue(ControllerContext controllerContext, ParameterDescriptor parameterDescriptor)
   at System.Web.Mvc.ControllerActionInvoker.GetParameterValues(ControllerContext controllerContext, ActionDescriptor actionDescriptor)
   at System.Web.Mvc.Async.AsyncControllerActionInvoker.<>c__DisplayClass25.<BeginInvokeAction>b__1e(AsyncCallback asyncCallback, Object asyncState).

[12:02:38.8176] DEBUG 'Game':'Get'.
User IP: ::1. Execution time: 8 milliseconds.

[12:05:48.2161] DEBUG 'Game':'Get'.
User IP: ::1. Execution time: 7907 milliseconds.

[12:05:57.9067] DEBUG 'Basket':'Add'.
User IP: ::1. Execution time: 55 milliseconds.

[12:05:57.9217] DEBUG 'Basket':'Get'.
User IP: ::1. Execution time: 4 milliseconds.

[12:05:59.2806] DEBUG 'Order':'New'.
User IP: ::1. Execution time: 64 milliseconds.

[12:05:59.2937] DEBUG 'Order':'Get'.
User IP: ::1. Execution time: 5 milliseconds.

[12:06:00.7165] DEBUG 'Payment':'Get'.
User IP: ::1. Execution time: 98 milliseconds.

[12:08:01.4221] DEBUG 'Game':'Get'.
User IP: ::1. Execution time: 5969 milliseconds.

[12:08:05.6277] DEBUG 'Basket':'Add'.
User IP: ::1. Execution time: 181 milliseconds.

[12:08:05.6437] DEBUG 'Basket':'Get'.
User IP: ::1. Execution time: 4 milliseconds.

[12:08:07.4984] DEBUG 'Order':'New'.
User IP: ::1. Execution time: 145 milliseconds.

[12:08:07.5264] DEBUG 'Order':'Get'.
User IP: ::1. Execution time: 11 milliseconds.

[12:08:08.5980] DEBUG 'Payment':'Get'.
User IP: ::1. Execution time: 75 milliseconds.

[12:09:29.4781] DEBUG 'Game':'Get'.
User IP: ::1. Execution time: 4940 milliseconds.

[12:09:35.8776] DEBUG 'Basket':'Add'.
User IP: ::1. Execution time: 39 milliseconds.

[12:09:35.8946] DEBUG 'Basket':'Get'.
User IP: ::1. Execution time: 4 milliseconds.

[12:09:37.2948] DEBUG 'Order':'New'.
User IP: ::1. Execution time: 44 milliseconds.

[12:09:37.3068] DEBUG 'Order':'Get'.
User IP: ::1. Execution time: 5 milliseconds.

[12:09:38.5099] DEBUG 'Payment':'Get'.
User IP: ::1. Execution time: 82 milliseconds.

[12:10:27.5300] DEBUG 'Game':'Get'.
User IP: ::1. Execution time: 5378 milliseconds.

[12:10:35.1849] DEBUG 'Basket':'Add'.
User IP: ::1. Execution time: 266 milliseconds.

[12:10:35.1999] DEBUG 'Basket':'Get'.
User IP: ::1. Execution time: 4 milliseconds.

[12:10:37.4809] DEBUG 'Order':'New'.
User IP: ::1. Execution time: 404 milliseconds.

[12:10:37.5179] DEBUG 'Order':'Get'.
User IP: ::1. Execution time: 7 milliseconds.

[12:10:39.7806] DEBUG 'Payment':'Get'.
User IP: ::1. Execution time: 80 milliseconds.

[12:11:40.7517] DEBUG 'Game':'Get'.
User IP: ::1. Execution time: 6842 milliseconds.

[12:17:29.5349] DEBUG 'Basket':'Add'.
User IP: ::1. Execution time: 589 milliseconds.

[12:17:29.5509] DEBUG 'Basket':'Get'.
User IP: ::1. Execution time: 4 milliseconds.

[12:17:32.8428] DEBUG 'Order':'New'.
User IP: ::1. Execution time: 51 milliseconds.

[12:17:32.8585] DEBUG 'Order':'Get'.
User IP: ::1. Execution time: 6 milliseconds.

[12:17:34.0710] DEBUG 'Payment':'Get'.
User IP: ::1. Execution time: 73 milliseconds.

[12:18:09.4622] DEBUG 'Payment':'Get'.
User IP: ::1. Execution time: 9301 milliseconds.

[12:18:09.6009] DEBUG 'Game':'Get'.
User IP: ::1. Execution time: 118 milliseconds.

[12:18:52.4299] DEBUG 'Order':'Get'.
User IP: ::1. Execution time: 0 milliseconds.

[12:18:54.4850] DEBUG 'Game':'Get'.
User IP: ::1. Execution time: 6 milliseconds.

[12:18:55.5979] DEBUG 'Basket':'Add'.
User IP: ::1. Execution time: 103 milliseconds.

[12:18:55.5979] DEBUG 'Basket':'Get'.
User IP: ::1. Execution time: 1 milliseconds.

[12:18:56.9341] DEBUG 'Order':'New'.
User IP: ::1. Execution time: 24 milliseconds.

[12:18:56.9441] DEBUG 'Order':'Get'.
User IP: ::1. Execution time: 1 milliseconds.

[12:18:58.4394] DEBUG 'Payment':'Get'.
User IP: ::1. Execution time: 6 milliseconds.

[12:19:21.7339] DEBUG 'Payment':'Get'.
User IP: ::1. Execution time: 50 milliseconds.

[12:19:29.3725] DEBUG 'Payment':'Get'.
User IP: ::1. Execution time: 6176 milliseconds.

[12:19:29.3986] ERROR 'Payment':'Get'.
Exception: System.InvalidOperationException: Sequence contains no elements
   at System.Linq.Enumerable.First[TSource](IEnumerable`1 source)
   at GameStore.BLL.Services.PaymentService.CreatePaymentModel(String sessionKey, PaymentType paymentType, PaymentInfoModel paymentInfoModel) in c:\Users\Ivan_Yurchenko1\Documents\Visual Studio 2013\Projects\MVCTask\GameStore\GameStore.BLL\Services\PaymentService.cs:line 34
   at GameStore.WebUI.Controllers.PaymentController.MakePayment(PaymentViewModel paymentViewModel) in c:\Users\Ivan_Yurchenko1\Documents\Visual Studio 2013\Projects\MVCTask\GameStore\GameStore.WebUI\Controllers\PaymentController.cs:line 143
   at lambda_method(Closure , ControllerBase , Object[] )
   at System.Web.Mvc.ActionMethodDispatcher.Execute(ControllerBase controller, Object[] parameters)
   at System.Web.Mvc.ReflectedActionDescriptor.Execute(ControllerContext controllerContext, IDictionary`2 parameters)
   at System.Web.Mvc.ControllerActionInvoker.InvokeActionMethod(ControllerContext controllerContext, ActionDescriptor actionDescriptor, IDictionary`2 parameters)
   at System.Web.Mvc.Async.AsyncControllerActionInvoker.<>c__DisplayClass42.<BeginInvokeSynchronousActionMethod>b__41()
   at System.Web.Mvc.Async.AsyncResultWrapper.<>c__DisplayClass8`1.<BeginSynchronous>b__7(IAsyncResult _)
   at System.Web.Mvc.Async.AsyncResultWrapper.WrappedAsyncResult`1.End()
   at System.Web.Mvc.Async.AsyncControllerActionInvoker.EndInvokeActionMethod(IAsyncResult asyncResult)
   at System.Web.Mvc.Async.AsyncControllerActionInvoker.<>c__DisplayClass37.<>c__DisplayClass39.<BeginInvokeActionMethodWithFilters>b__33()
   at System.Web.Mvc.Async.AsyncControllerActionInvoker.<>c__DisplayClass4f.<InvokeActionMethodFilterAsynchronously>b__49()
   at System.Web.Mvc.Async.AsyncControllerActionInvoker.<>c__DisplayClass4f.<InvokeActionMethodFilterAsynchronously>b__49()
   at System.Web.Mvc.Async.AsyncControllerActionInvoker.<>c__DisplayClass4f.<InvokeActionMethodFilterAsynchronously>b__49()
   at System.Web.Mvc.Async.AsyncControllerActionInvoker.<>c__DisplayClass37.<BeginInvokeActionMethodWithFilters>b__36(IAsyncResult asyncResult)
   at System.Web.Mvc.Async.AsyncResultWrapper.WrappedAsyncResult`1.End()
   at System.Web.Mvc.Async.AsyncControllerActionInvoker.EndInvokeActionMethodWithFilters(IAsyncResult asyncResult)
   at System.Web.Mvc.Async.AsyncControllerActionInvoker.<>c__DisplayClass25.<>c__DisplayClass2a.<BeginInvokeAction>b__20()
   at System.Web.Mvc.Async.AsyncControllerActionInvoker.<>c__DisplayClass25.<BeginInvokeAction>b__22(IAsyncResult asyncResult).

[12:19:29.4146] DEBUG 'Game':'Get'.
User IP: ::1. Execution time: 6 milliseconds.

[12:19:31.8860] DEBUG 'Order':'Get'.
User IP: ::1. Execution time: 0 milliseconds.

[12:19:32.9386] DEBUG 'Game':'Get'.
User IP: ::1. Execution time: 4 milliseconds.

[12:19:33.5871] DEBUG 'Basket':'Add'.
User IP: ::1. Execution time: 11 milliseconds.

[12:19:33.5961] DEBUG 'Basket':'Get'.
User IP: ::1. Execution time: 1 milliseconds.

[12:19:34.9234] DEBUG 'Order':'New'.
User IP: ::1. Execution time: 47 milliseconds.

[12:19:34.9234] DEBUG 'Order':'Get'.
User IP: ::1. Execution time: 1 milliseconds.

[12:19:35.7727] DEBUG 'Payment':'Get'.
User IP: ::1. Execution time: 27 milliseconds.

[12:19:57.5500] DEBUG 'Payment':'Get'.
User IP: ::1. Execution time: 59 milliseconds.

[12:21:29.7622] DEBUG 'Game':'Get'.
User IP: ::1. Execution time: 6707 milliseconds.

[12:21:57.5579] DEBUG 'Basket':'Add'.
User IP: ::1. Execution time: 89 milliseconds.

[12:21:57.5719] DEBUG 'Basket':'Get'.
User IP: ::1. Execution time: 4 milliseconds.

[12:21:59.3962] DEBUG 'Order':'New'.
User IP: ::1. Execution time: 44 milliseconds.

[12:21:59.4092] DEBUG 'Order':'Get'.
User IP: ::1. Execution time: 5 milliseconds.

[12:22:00.9827] DEBUG 'Payment':'Get'.
User IP: ::1. Execution time: 77 milliseconds.

[12:23:06.4060] DEBUG 'Game':'Get'.
User IP: ::1. Execution time: 5129 milliseconds.

[12:23:31.5051] DEBUG 'Basket':'Add'.
User IP: ::1. Execution time: 57 milliseconds.

[12:23:31.5191] DEBUG 'Basket':'Get'.
User IP: ::1. Execution time: 4 milliseconds.

[12:23:33.3157] DEBUG 'Order':'New'.
User IP: ::1. Execution time: 274 milliseconds.

[12:23:33.3387] DEBUG 'Order':'Get'.
User IP: ::1. Execution time: 10 milliseconds.

[12:23:34.8230] DEBUG 'Payment':'Get'.
User IP: ::1. Execution time: 108 milliseconds.

[12:23:45.2662] DEBUG 'Payment':'Get'.
User IP: ::1. Execution time: 40 milliseconds.

[12:23:46.3862] DEBUG 'Payment':'Get'.
User IP: ::1. Execution time: 5 milliseconds.

[12:23:46.6674] DEBUG 'Payment':'Get'.
User IP: ::1. Execution time: 65 milliseconds.

[12:23:46.9230] DEBUG 'Payment':'Get'.
User IP: ::1. Execution time: 5 milliseconds.

[12:27:02.4598] DEBUG 'Payment':'Get'.
User IP: ::1. Execution time: 3238 milliseconds.

[12:27:02.4908] DEBUG 'Game':'Get'.
User IP: ::1. Execution time: 11 milliseconds.

[12:27:04.3578] DEBUG 'Basket':'Add'.
User IP: ::1. Execution time: 35 milliseconds.

[12:27:04.3668] DEBUG 'Basket':'Get'.
User IP: ::1. Execution time: 1 milliseconds.

[12:27:05.4709] DEBUG 'Game':'Get'.
User IP: ::1. Execution time: 4 milliseconds.

[12:27:06.1580] DEBUG 'Basket':'Add'.
User IP: ::1. Execution time: 19 milliseconds.

[12:27:06.1661] DEBUG 'Basket':'Get'.
User IP: ::1. Execution time: 1 milliseconds.

[12:27:07.2059] DEBUG 'Game':'Get'.
User IP: ::1. Execution time: 4 milliseconds.

[12:27:08.0948] DEBUG 'Basket':'Add'.
User IP: ::1. Execution time: 5 milliseconds.

[12:27:08.1048] DEBUG 'Basket':'Get'.
User IP: ::1. Execution time: 2 milliseconds.

[12:27:09.0291] DEBUG 'Game':'Get'.
User IP: ::1. Execution time: 4 milliseconds.

[12:27:10.7048] DEBUG 'Basket':'Add'.
User IP: ::1. Execution time: 15 milliseconds.

[12:27:10.7178] DEBUG 'Basket':'Get'.
User IP: ::1. Execution time: 2 milliseconds.

[12:27:21.3184] DEBUG 'Order':'New'.
User IP: ::1. Execution time: 70 milliseconds.

[12:27:21.3184] DEBUG 'Order':'Get'.
User IP: ::1. Execution time: 2 milliseconds.

[12:27:22.2498] DEBUG 'Payment':'Get'.
User IP: ::1. Execution time: 4 milliseconds.

[12:27:47.2758] DEBUG 'Payment':'Get'.
User IP: ::1. Execution time: 16629 milliseconds.

[12:27:47.2959] DEBUG 'Game':'Get'.
User IP: ::1. Execution time: 6 milliseconds.

[12:30:00.1700] DEBUG 'Game':'Get'.
User IP: ::1. Execution time: 6364 milliseconds.

[12:30:06.9665] DEBUG 'Basket':'Add'.
User IP: ::1. Execution time: 39 milliseconds.

[12:30:06.9835] DEBUG 'Basket':'Get'.
User IP: ::1. Execution time: 4 milliseconds.

[12:30:08.1657] DEBUG 'Game':'Get'.
User IP: ::1. Execution time: 5 milliseconds.

[12:30:08.8963] DEBUG 'Basket':'Add'.
User IP: ::1. Execution time: 5 milliseconds.

[12:30:08.9064] DEBUG 'Basket':'Get'.
User IP: ::1. Execution time: 1 milliseconds.

[12:30:09.9159] DEBUG 'Order':'New'.
User IP: ::1. Execution time: 239 milliseconds.

[12:30:09.9319] DEBUG 'Order':'Get'.
User IP: ::1. Execution time: 6 milliseconds.

[12:30:11.2087] DEBUG 'Payment':'Get'.
User IP: ::1. Execution time: 77 milliseconds.

[12:31:05.1457] DEBUG 'Payment':'Get'.
User IP: ::1. Execution time: 35911 milliseconds.

[12:31:05.1677] DEBUG 'Game':'Get'.
User IP: ::1. Execution time: 6 milliseconds.

[12:31:07.5792] DEBUG 'Basket':'Add'.
User IP: ::1. Execution time: 103 milliseconds.

[12:31:07.6102] DEBUG 'Basket':'Get'.
User IP: ::1. Execution time: 3 milliseconds.

[12:31:08.5366] DEBUG 'Game':'Get'.
User IP: ::1. Execution time: 5 milliseconds.

[12:31:09.3448] DEBUG 'Basket':'Add'.
User IP: ::1. Execution time: 5 milliseconds.

[12:31:09.3539] DEBUG 'Basket':'Get'.
User IP: ::1. Execution time: 1 milliseconds.

[12:31:09.9978] DEBUG 'Game':'Get'.
User IP: ::1. Execution time: 4 milliseconds.

[12:31:10.6581] DEBUG 'Basket':'Add'.
User IP: ::1. Execution time: 6 milliseconds.

[12:31:10.6671] DEBUG 'Basket':'Get'.
User IP: ::1. Execution time: 1 milliseconds.

[12:31:11.8306] DEBUG 'Game':'Get'.
User IP: ::1. Execution time: 4 milliseconds.

[12:31:12.8633] DEBUG 'Basket':'Add'.
User IP: ::1. Execution time: 35 milliseconds.

[12:31:12.8723] DEBUG 'Basket':'Get'.
User IP: ::1. Execution time: 2 milliseconds.

[12:31:13.7261] DEBUG 'Order':'New'.
User IP: ::1. Execution time: 27 milliseconds.

[12:31:13.7381] DEBUG 'Order':'Get'.
User IP: ::1. Execution time: 3 milliseconds.

[12:31:14.2739] DEBUG 'Payment':'Get'.
User IP: ::1. Execution time: 6 milliseconds.

[12:31:23.9612] DEBUG 'Payment':'Get'.
User IP: ::1. Execution time: 8 milliseconds.

[12:31:25.9607] DEBUG 'Payment':'Get'.
User IP: ::1. Execution time: 7 milliseconds.

[12:31:26.1338] DEBUG 'Payment':'Get'.
User IP: ::1. Execution time: 7 milliseconds.

[13:17:11.7146] DEBUG 'Game':'Get'.
User IP: ::1. Execution time: 13099 milliseconds.

[13:17:20.9785] DEBUG 'Basket':'Add'.
User IP: ::1. Execution time: 38 milliseconds.

[13:17:20.9965] DEBUG 'Basket':'Get'.
User IP: ::1. Execution time: 5 milliseconds.

[13:17:22.4420] DEBUG 'Order':'New'.
User IP: ::1. Execution time: 58 milliseconds.

[13:17:22.4560] DEBUG 'Order':'Get'.
User IP: ::1. Execution time: 6 milliseconds.

[13:17:23.8920] DEBUG 'Payment':'Get'.
User IP: ::1. Execution time: 83 milliseconds.

[13:17:57.7438] DEBUG 'Payment':'Get'.
User IP: ::1. Execution time: 12415 milliseconds.

[13:17:57.7588] DEBUG 'Game':'Get'.
User IP: ::1. Execution time: 5 milliseconds.

