[12:13:10.1627] DEBUG 'Game':'Get'.
User IP: ::1. Execution time: 31194 milliseconds.

[12:14:21.7033] DEBUG 'Game':'Details'.
User IP: ::1. Execution time: 36 milliseconds.

[12:15:40.5316] DEBUG 'Game':'Get'.
User IP: ::1. Execution time: 5849 milliseconds.

[12:16:35.5175] DEBUG 'Game':'Details'.
User IP: ::1. Execution time: 63 milliseconds.

[12:16:44.2663] DEBUG 'Game':'Get'.
User IP: ::1. Execution time: 4 milliseconds.

[12:16:47.3075] DEBUG 'Game':'Get'.
User IP: ::1. Execution time: 4 milliseconds.

[12:16:53.7134] DEBUG 'Game':'Get'.
User IP: ::1. Execution time: 2 milliseconds.

[12:19:11.1157] DEBUG 'Game':'Get'.
User IP: ::1. Execution time: 6649 milliseconds.

[12:20:57.0672] DEBUG 'Game':'Get'.
User IP: ::1. Execution time: 6 milliseconds.

[12:21:11.2344] DEBUG 'Game':'Get'.
User IP: ::1. Execution time: 3 milliseconds.

[12:23:16.0413] DEBUG 'Game':'Get'.
User IP: ::1. Execution time: 11590 milliseconds.

[12:37:17.1864] DEBUG 'Game':'Get'.
User IP: ::1. Execution time: 11103 milliseconds.

[12:40:13.4251] DEBUG 'Game':'Get'.
User IP: ::1. Execution time: 8839 milliseconds.

[12:41:21.0943] DEBUG 'Game':'Get'.
User IP: ::1. Execution time: 10977 milliseconds.

[12:42:56.0899] DEBUG 'Game':'Get'.
User IP: ::1. Execution time: 6 milliseconds.

[12:43:00.3282] DEBUG 'Game':'Get'.
User IP: ::1. Execution time: 2 milliseconds.

[13:14:16.2245] DEBUG 'Game':'Get'.
User IP: ::1. Execution time: 9418 milliseconds.

[13:14:47.4960] DEBUG 'Game':'Get'.
User IP: ::1. Execution time: 5 milliseconds.

[13:14:54.1494] DEBUG 'Role':'Get'.
User IP: ::1. Execution time: 15 milliseconds.

[13:18:28.4344] DEBUG 'Role':'New'.
User IP: ::1. Execution time: 10 milliseconds.

[13:18:46.2842] DEBUG 'Game':'Get'.
User IP: ::1. Execution time: 367 milliseconds.

[13:18:47.7904] DEBUG 'Role':'Get'.
User IP: ::1. Execution time: 15 milliseconds.

[13:18:49.4247] DEBUG 'Role':'New'.
User IP: ::1. Execution time: 0 milliseconds.

[13:19:45.0666] DEBUG 'Game':'Get'.
User IP: ::1. Execution time: 6217 milliseconds.

[13:19:53.4125] DEBUG 'Role':'Get'.
User IP: ::1. Execution time: 14 milliseconds.

[13:19:58.0006] DEBUG 'Role':'New'.
User IP: ::1. Execution time: 0 milliseconds.

[13:20:08.7961] DEBUG 'Role':'New'.
User IP: ::1. Execution time: 0 milliseconds.

[13:20:13.5297] DEBUG 'Role':'New'.
User IP: ::1. Execution time: 0 milliseconds.

[13:21:37.2702] DEBUG 'Game':'Get'.
User IP: ::1. Execution time: 6768 milliseconds.

[13:21:45.9809] DEBUG 'Role':'Get'.
User IP: ::1. Execution time: 15 milliseconds.

[13:21:47.8410] DEBUG 'Role':'New'.
User IP: ::1. Execution time: 0 milliseconds.

[13:21:52.3574] DEBUG 'Role':'New'.
User IP: ::1. Execution time: 0 milliseconds.

[13:22:37.9226] DEBUG 'Role':'New'.
User IP: ::1. Execution time: 0 milliseconds.

[13:22:43.0824] DEBUG 'Role':'Get'.
User IP: ::1. Execution time: 1 milliseconds.

[13:22:43.8241] DEBUG 'Role':'New'.
User IP: ::1. Execution time: 0 milliseconds.

[13:22:46.6867] DEBUG 'Role':'New'.
User IP: ::1. Execution time: 23 milliseconds.

[13:22:46.7057] DEBUG 'Role':'Get'.
User IP: ::1. Execution time: 0 milliseconds.

[13:23:26.9665] DEBUG 'Game':'Get'.
User IP: ::1. Execution time: 6721 milliseconds.

[13:23:34.6127] DEBUG 'Role':'Get'.
User IP: ::1. Execution time: 31 milliseconds.

[13:23:36.8743] DEBUG 'Role':'New'.
User IP: ::1. Execution time: 0 milliseconds.

[13:23:39.6965] DEBUG 'Role':'New'.
User IP: ::1. Execution time: 69 milliseconds.

[13:23:39.7175] DEBUG 'Role':'Get'.
User IP: ::1. Execution time: 0 milliseconds.

[13:23:40.9381] DEBUG 'Role':'Update'.
User IP: ::1. Execution time: 14 milliseconds.

[13:23:42.6977] DEBUG 'Role':'Update'.
User IP: ::1. Execution time: 54 milliseconds.

[13:23:42.7067] DEBUG 'Role':'Get'.
User IP: ::1. Execution time: 0 milliseconds.

[13:53:30.9290] DEBUG 'Game':'Get'.
User IP: ::1. Execution time: 10451 milliseconds.

[13:53:36.0849] DEBUG 'Role':'Get'.
User IP: ::1. Execution time: 14 milliseconds.

[13:53:37.5964] DEBUG 'Role':'New'.
User IP: ::1. Execution time: 0 milliseconds.

[14:15:16.3439] DEBUG 'Game':'Get'.
User IP: ::1. Execution time: 14243 milliseconds.

[14:17:08.5515] DEBUG 'Game':'Get'.
User IP: ::1. Execution time: 6537 milliseconds.

[14:17:19.3451] DEBUG 'Role':'Get'.
User IP: ::1. Execution time: 14 milliseconds.

[14:17:22.3272] DEBUG 'Role':'New'.
User IP: ::1. Execution time: 0 milliseconds.

[14:17:24.9077] DEBUG 'Validation':'IsUserNameAvailable'.
User IP: ::1. Execution time: 65 milliseconds.

[14:17:25.3729] DEBUG 'Role':'New'.
User IP: ::1. Execution time: 65 milliseconds.

[14:17:25.3909] DEBUG 'Role':'Get'.
User IP: ::1. Execution time: 0 milliseconds.

[14:18:04.2957] DEBUG 'Role':'Get'.
User IP: ::1. Execution time: 0 milliseconds.

[14:18:11.0285] DEBUG 'Role':'Get'.
User IP: ::1. Execution time: 0 milliseconds.

[14:18:17.6846] DEBUG 'Role':'Get'.
User IP: ::1. Execution time: 0 milliseconds.

[14:18:33.3013] DEBUG 'Role':'Get'.
User IP: ::1. Execution time: 1 milliseconds.

[14:18:52.4155] DEBUG 'Role':'Get'.
User IP: ::1. Execution time: 1 milliseconds.

[14:20:13.2269] DEBUG 'Game':'Get'.
User IP: ::1. Execution time: 7423 milliseconds.

[14:20:22.4192] DEBUG 'Role':'Get'.
User IP: ::1. Execution time: 15 milliseconds.

[14:20:23.9983] DEBUG 'Role':'New'.
User IP: ::1. Execution time: 0 milliseconds.

[14:20:26.1711] DEBUG 'Validation':'IsUserNameAvailable'.
User IP: ::1. Execution time: 59 milliseconds.

[14:20:27.0230] DEBUG 'Role':'New'.
User IP: ::1. Execution time: 82 milliseconds.

[14:20:27.0420] DEBUG 'Role':'Get'.
User IP: ::1. Execution time: 0 milliseconds.

[14:20:29.1304] DEBUG 'Role':'Remove'.
User IP: ::1. Execution time: 36 milliseconds.

[14:20:29.1594] ERROR 'Role':'Remove'.
Exception: System.ArgumentException: The parameters dictionary contains a null entry for parameter 'roleId' of non-nullable type 'System.Int32' for method 'System.Web.Mvc.ActionResult Remove(Int32)' in 'GameStore.WebUI.Controllers.RoleController'. An optional parameter must be a reference type, a nullable type, or be declared as an optional parameter.
Parameter name: parameters
   at System.Web.Mvc.ActionDescriptor.ExtractParameterFromDictionary(ParameterInfo parameterInfo, IDictionary`2 parameters, MethodInfo methodInfo)
   at System.Web.Mvc.ReflectedActionDescriptor.<>c__DisplayClass1.<Execute>b__0(ParameterInfo parameterInfo)
   at System.Linq.Enumerable.WhereSelectArrayIterator`2.MoveNext()
   at System.Linq.Buffer`1..ctor(IEnumerable`1 source)
   at System.Linq.Enumerable.ToArray[TSource](IEnumerable`1 source)
   at System.Web.Mvc.ReflectedActionDescriptor.Execute(ControllerContext controllerContext, IDictionary`2 parameters)
   at System.Web.Mvc.ControllerActionInvoker.InvokeActionMethod(ControllerContext controllerContext, ActionDescriptor actionDescriptor, IDictionary`2 parameters)
   at System.Web.Mvc.Async.AsyncControllerActionInvoker.InvokeSynchronousActionMethod(ControllerContext controllerContext, ActionDescriptor actionDescriptor, IDictionary`2 parameters)
   at System.Web.Mvc.Async.AsyncControllerActionInvoker.<>c__DisplayClass42.<BeginInvokeSynchronousActionMethod>b__41()
   at System.Web.Mvc.Async.AsyncResultWrapper.<>c__DisplayClass8`1.<BeginSynchronous>b__7(IAsyncResult _)
   at System.Web.Mvc.Async.AsyncResultWrapper.WrappedAsyncResult`1.End()
   at System.Web.Mvc.Async.AsyncResultWrapper.End[TResult](IAsyncResult asyncResult, Object tag)
   at System.Web.Mvc.Async.AsyncControllerActionInvoker.EndInvokeActionMethod(IAsyncResult asyncResult)
   at System.Web.Mvc.Async.AsyncControllerActionInvoker.<>c__DisplayClass37.<>c__DisplayClass39.<BeginInvokeActionMethodWithFilters>b__33()
   at System.Web.Mvc.Async.AsyncControllerActionInvoker.<>c__DisplayClass4f.<InvokeActionMethodFilterAsynchronously>b__49()
   at System.Web.Mvc.Async.AsyncControllerActionInvoker.<>c__DisplayClass4f.<InvokeActionMethodFilterAsynchronously>b__49()
   at System.Web.Mvc.Async.AsyncControllerActionInvoker.<>c__DisplayClass4f.<InvokeActionMethodFilterAsynchronously>b__49()
   at System.Web.Mvc.Async.AsyncControllerActionInvoker.<>c__DisplayClass37.<BeginInvokeActionMethodWithFilters>b__36(IAsyncResult asyncResult)
   at System.Web.Mvc.Async.AsyncResultWrapper.WrappedAsyncResult`1.End()
   at System.Web.Mvc.Async.AsyncResultWrapper.End[TResult](IAsyncResult asyncResult, Object tag)
   at System.Web.Mvc.Async.AsyncControllerActionInvoker.EndInvokeActionMethodWithFilters(IAsyncResult asyncResult)
   at System.Web.Mvc.Async.AsyncControllerActionInvoker.<>c__DisplayClass25.<>c__DisplayClass2a.<BeginInvokeAction>b__20()
   at System.Web.Mvc.Async.AsyncControllerActionInvoker.<>c__DisplayClass25.<BeginInvokeAction>b__22(IAsyncResult asyncResult).

[14:20:29.1754] DEBUG 'Game':'Get'.
User IP: ::1. Execution time: 3 milliseconds.

[14:20:30.7980] DEBUG 'Role':'Get'.
User IP: ::1. Execution time: 0 milliseconds.

[14:20:44.4219] DEBUG 'Role':'Remove'.
User IP: ::1. Execution time: 31 milliseconds.

[14:20:44.4489] ERROR 'Role':'Remove'.
Exception: System.ArgumentException: The parameters dictionary contains a null entry for parameter 'roleId' of non-nullable type 'System.Int32' for method 'System.Web.Mvc.ActionResult Remove(Int32)' in 'GameStore.WebUI.Controllers.RoleController'. An optional parameter must be a reference type, a nullable type, or be declared as an optional parameter.
Parameter name: parameters
   at System.Web.Mvc.ActionDescriptor.ExtractParameterFromDictionary(ParameterInfo parameterInfo, IDictionary`2 parameters, MethodInfo methodInfo)
   at System.Web.Mvc.ReflectedActionDescriptor.<>c__DisplayClass1.<Execute>b__0(ParameterInfo parameterInfo)
   at System.Linq.Enumerable.WhereSelectArrayIterator`2.MoveNext()
   at System.Linq.Buffer`1..ctor(IEnumerable`1 source)
   at System.Linq.Enumerable.ToArray[TSource](IEnumerable`1 source)
   at System.Web.Mvc.ReflectedActionDescriptor.Execute(ControllerContext controllerContext, IDictionary`2 parameters)
   at System.Web.Mvc.ControllerActionInvoker.InvokeActionMethod(ControllerContext controllerContext, ActionDescriptor actionDescriptor, IDictionary`2 parameters)
   at System.Web.Mvc.Async.AsyncControllerActionInvoker.InvokeSynchronousActionMethod(ControllerContext controllerContext, ActionDescriptor actionDescriptor, IDictionary`2 parameters)
   at System.Web.Mvc.Async.AsyncControllerActionInvoker.<>c__DisplayClass42.<BeginInvokeSynchronousActionMethod>b__41()
   at System.Web.Mvc.Async.AsyncResultWrapper.<>c__DisplayClass8`1.<BeginSynchronous>b__7(IAsyncResult _)
   at System.Web.Mvc.Async.AsyncResultWrapper.WrappedAsyncResult`1.End()
   at System.Web.Mvc.Async.AsyncResultWrapper.End[TResult](IAsyncResult asyncResult, Object tag)
   at System.Web.Mvc.Async.AsyncControllerActionInvoker.EndInvokeActionMethod(IAsyncResult asyncResult)
   at System.Web.Mvc.Async.AsyncControllerActionInvoker.<>c__DisplayClass37.<>c__DisplayClass39.<BeginInvokeActionMethodWithFilters>b__33()
   at System.Web.Mvc.Async.AsyncControllerActionInvoker.<>c__DisplayClass4f.<InvokeActionMethodFilterAsynchronously>b__49()
   at System.Web.Mvc.Async.AsyncControllerActionInvoker.<>c__DisplayClass4f.<InvokeActionMethodFilterAsynchronously>b__49()
   at System.Web.Mvc.Async.AsyncControllerActionInvoker.<>c__DisplayClass4f.<InvokeActionMethodFilterAsynchronously>b__49()
   at System.Web.Mvc.Async.AsyncControllerActionInvoker.<>c__DisplayClass37.<BeginInvokeActionMethodWithFilters>b__36(IAsyncResult asyncResult)
   at System.Web.Mvc.Async.AsyncResultWrapper.WrappedAsyncResult`1.End()
   at System.Web.Mvc.Async.AsyncResultWrapper.End[TResult](IAsyncResult asyncResult, Object tag)
   at System.Web.Mvc.Async.AsyncControllerActionInvoker.EndInvokeActionMethodWithFilters(IAsyncResult asyncResult)
   at System.Web.Mvc.Async.AsyncControllerActionInvoker.<>c__DisplayClass25.<>c__DisplayClass2a.<BeginInvokeAction>b__20()
   at System.Web.Mvc.Async.AsyncControllerActionInvoker.<>c__DisplayClass25.<BeginInvokeAction>b__22(IAsyncResult asyncResult).

[14:20:44.4650] DEBUG 'Game':'Get'.
User IP: ::1. Execution time: 6 milliseconds.

[14:20:45.9503] DEBUG 'Role':'Get'.
User IP: ::1. Execution time: 1 milliseconds.

[14:21:22.8042] DEBUG 'Role':'Get'.
User IP: ::1. Execution time: 6828 milliseconds.

[14:21:29.4955] DEBUG 'Role':'New'.
User IP: ::1. Execution time: 0 milliseconds.

[14:21:32.2348] DEBUG 'Validation':'IsUserNameAvailable'.
User IP: ::1. Execution time: 182 milliseconds.

[14:21:32.9759] DEBUG 'Role':'New'.
User IP: ::1. Execution time: 67 milliseconds.

[14:21:33.0200] DEBUG 'Role':'Get'.
User IP: ::1. Execution time: 2 milliseconds.

[14:21:47.3669] DEBUG 'Role':'Remove'.
User IP: ::1. Execution time: 4704 milliseconds.

[14:21:47.3669] DEBUG 'Role':'Get'.
User IP: ::1. Execution time: 1 milliseconds.

[14:21:49.7885] DEBUG 'Role':'New'.
User IP: ::1. Execution time: 0 milliseconds.

[14:21:51.0307] DEBUG 'Validation':'IsUserNameAvailable'.
User IP: ::1. Execution time: 1 milliseconds.

[14:21:52.4898] DEBUG 'Role':'New'.
User IP: ::1. Execution time: 55 milliseconds.

[14:21:52.4989] DEBUG 'Role':'Get'.
User IP: ::1. Execution time: 0 milliseconds.

[14:23:13.2728] DEBUG 'Role':'Get'.
User IP: ::1. Execution time: 1 milliseconds.

[14:23:51.4359] DEBUG 'Role':'Get'.
User IP: ::1. Execution time: 0 milliseconds.

[14:23:52.4215] ERROR 'Role':'Get'.
Exception: System.Web.HttpCompileException (0x80004005): c:\Users\Ivan_Yurchenko1\Documents\Visual Studio 2013\Projects\MVCTask\GameStore\GameStore.WebUI\Views\Role\Get.cshtml(33): error CS1002: ; expected
   at System.Web.Compilation.AssemblyBuilder.Compile()
   at System.Web.Compilation.BuildProvidersCompiler.PerformBuild()
   at System.Web.Compilation.BuildManager.CompileWebFile(VirtualPath virtualPath)
   at System.Web.Compilation.BuildManager.GetVPathBuildResultInternal(VirtualPath virtualPath, Boolean noBuild, Boolean allowCrossApp, Boolean allowBuildInPrecompile, Boolean throwIfNotFound, Boolean ensureIsUpToDate)
   at System.Web.Compilation.BuildManager.GetVPathBuildResultWithNoAssert(HttpContext context, VirtualPath virtualPath, Boolean noBuild, Boolean allowCrossApp, Boolean allowBuildInPrecompile, Boolean throwIfNotFound, Boolean ensureIsUpToDate)
   at System.Web.Compilation.BuildManager.GetVirtualPathObjectFactory(VirtualPath virtualPath, HttpContext context, Boolean allowCrossApp, Boolean throwIfNotFound)
   at System.Web.Compilation.BuildManager.GetObjectFactory(String virtualPath, Boolean throwIfNotFound)
   at System.Web.Mvc.BuildManagerWrapper.System.Web.Mvc.IBuildManager.FileExists(String virtualPath)
   at System.Web.Mvc.BuildManagerViewEngine.FileExists(ControllerContext controllerContext, String virtualPath)
   at Microsoft.Web.Mvc.FixedRazorViewEngine.Microsoft.Web.Mvc.IViewEngineProxy.FileExists(ControllerContext controllerContext, String virtualPath)
   at Microsoft.Web.Mvc.ViewEngineFixWorker`1.FileExists(ControllerContext controllerContext, String virtualPath)
   at Microsoft.Web.Mvc.ViewEngineFixWorker`1.<>c__DisplayClass4.<GetPathFromGeneralName>b__0(String path)
   at System.Web.WebPages.DefaultDisplayMode.GetDisplayInfo(HttpContextBase httpContext, String virtualPath, Func`2 virtualPathExists)
   at System.Web.WebPages.DisplayModeProvider.<>c__DisplayClassb.<GetDisplayInfoForVirtualPath>b__8(IDisplayMode mode)
   at System.Linq.Enumerable.WhereSelectListIterator`2.MoveNext()
   at System.Linq.Enumerable.FirstOrDefault[TSource](IEnumerable`1 source, Func`2 predicate)
   at System.Web.WebPages.DisplayModeProvider.GetDisplayInfoForVirtualPath(String virtualPath, HttpContextBase httpContext, Func`2 virtualPathExists, IDisplayMode currentDisplayMode, Boolean requireConsistentDisplayMode)
   at System.Web.WebPages.DisplayModeProvider.GetDisplayInfoForVirtualPath(String virtualPath, HttpContextBase httpContext, Func`2 virtualPathExists, IDisplayMode currentDisplayMode)
   at Microsoft.Web.Mvc.ViewEngineFixWorker`1.GetPathFromGeneralName(ControllerContext controllerContext, List`1 locations, String name, String controllerName, String areaName, String cacheKey, String[]& searchedLocations)
   at Microsoft.Web.Mvc.ViewEngineFixWorker`1.GetPath(ControllerContext controllerContext, String[] locations, String[] areaLocations, String locationsPropertyName, String name, String controllerName, String cacheKeyPrefix, Boolean useCache, String[]& searchedLocations)
   at Microsoft.Web.Mvc.ViewEngineFixWorker`1.FindView(ControllerContext controllerContext, String viewName, String masterName, Boolean useCache)
   at Microsoft.Web.Mvc.FixedRazorViewEngine.FindView(ControllerContext controllerContext, String viewName, String masterName, Boolean useCache)
   at System.Web.Mvc.ViewEngineCollection.<>c__DisplayClassc.<FindView>b__b(IViewEngine e)
   at System.Web.Mvc.ViewEngineCollection.Find(Func`2 lookup, Boolean trackSearchedPaths)
   at System.Web.Mvc.ViewEngineCollection.Find(Func`2 cacheLocator, Func`2 locator)
   at System.Web.Mvc.ViewEngineCollection.FindView(ControllerContext controllerContext, String viewName, String masterName)
   at System.Web.Mvc.ViewResult.FindView(ControllerContext context)
   at System.Web.Mvc.ViewResultBase.ExecuteResult(ControllerContext context)
   at System.Web.Mvc.ControllerActionInvoker.InvokeActionResult(ControllerContext controllerContext, ActionResult actionResult)
   at System.Web.Mvc.ControllerActionInvoker.<>c__DisplayClass1a.<InvokeActionResultWithFilters>b__17()
   at System.Web.Mvc.ControllerActionInvoker.InvokeActionResultFilter(IResultFilter filter, ResultExecutingContext preContext, Func`1 continuation)
   at System.Web.Mvc.ControllerActionInvoker.<>c__DisplayClass1a.<>c__DisplayClass1c.<InvokeActionResultWithFilters>b__19()
   at System.Web.Mvc.ControllerActionInvoker.InvokeActionResultFilter(IResultFilter filter, ResultExecutingContext preContext, Func`1 continuation)
   at System.Web.Mvc.ControllerActionInvoker.<>c__DisplayClass1a.<>c__DisplayClass1c.<InvokeActionResultWithFilters>b__19()
   at System.Web.Mvc.ControllerActionInvoker.InvokeActionResultFilter(IResultFilter filter, ResultExecutingContext preContext, Func`1 continuation)
   at System.Web.Mvc.ControllerActionInvoker.<>c__DisplayClass1a.<>c__DisplayClass1c.<InvokeActionResultWithFilters>b__19()
   at System.Web.Mvc.ControllerActionInvoker.InvokeActionResultWithFilters(ControllerContext controllerContext, IList`1 filters, ActionResult actionResult)
   at System.Web.Mvc.Async.AsyncControllerActionInvoker.<>c__DisplayClass25.<>c__DisplayClass2a.<BeginInvokeAction>b__20()
   at System.Web.Mvc.Async.AsyncControllerActionInvoker.<>c__DisplayClass25.<BeginInvokeAction>b__22(IAsyncResult asyncResult).

[14:23:52.7027] DEBUG 'Game':'Get'.
User IP: ::1. Execution time: 261 milliseconds.

[14:23:54.3897] DEBUG 'Role':'Get'.
User IP: ::1. Execution time: 0 milliseconds.

[14:23:54.4530] ERROR 'Role':'Get'.
Exception: System.Web.HttpCompileException (0x80004005): c:\Users\Ivan_Yurchenko1\Documents\Visual Studio 2013\Projects\MVCTask\GameStore\GameStore.WebUI\Views\Role\Get.cshtml(33): error CS1002: ; expected
   at System.Web.Compilation.BuildManager.PostProcessFoundBuildResult(BuildResult result, Boolean keyFromVPP, VirtualPath virtualPath)
   at System.Web.Compilation.BuildManager.GetBuildResultFromCacheInternal(String cacheKey, Boolean keyFromVPP, VirtualPath virtualPath, Int64 hashCode, Boolean ensureIsUpToDate)
   at System.Web.Compilation.BuildManager.GetVPathBuildResultFromCacheInternal(VirtualPath virtualPath, Boolean ensureIsUpToDate)
   at System.Web.Compilation.BuildManager.GetVPathBuildResultInternal(VirtualPath virtualPath, Boolean noBuild, Boolean allowCrossApp, Boolean allowBuildInPrecompile, Boolean throwIfNotFound, Boolean ensureIsUpToDate)
   at System.Web.Compilation.BuildManager.GetVPathBuildResultWithNoAssert(HttpContext context, VirtualPath virtualPath, Boolean noBuild, Boolean allowCrossApp, Boolean allowBuildInPrecompile, Boolean throwIfNotFound, Boolean ensureIsUpToDate)
   at System.Web.Compilation.BuildManager.GetVirtualPathObjectFactory(VirtualPath virtualPath, HttpContext context, Boolean allowCrossApp, Boolean throwIfNotFound)
   at System.Web.Compilation.BuildManager.GetObjectFactory(String virtualPath, Boolean throwIfNotFound)
   at System.Web.Mvc.BuildManagerWrapper.System.Web.Mvc.IBuildManager.FileExists(String virtualPath)
   at System.Web.Mvc.BuildManagerViewEngine.FileExists(ControllerContext controllerContext, String virtualPath)
   at Microsoft.Web.Mvc.FixedRazorViewEngine.Microsoft.Web.Mvc.IViewEngineProxy.FileExists(ControllerContext controllerContext, String virtualPath)
   at Microsoft.Web.Mvc.ViewEngineFixWorker`1.FileExists(ControllerContext controllerContext, String virtualPath)
   at Microsoft.Web.Mvc.ViewEngineFixWorker`1.<>c__DisplayClass4.<GetPathFromGeneralName>b__0(String path)
   at System.Web.WebPages.DefaultDisplayMode.GetDisplayInfo(HttpContextBase httpContext, String virtualPath, Func`2 virtualPathExists)
   at System.Web.WebPages.DisplayModeProvider.<>c__DisplayClassb.<GetDisplayInfoForVirtualPath>b__8(IDisplayMode mode)
   at System.Linq.Enumerable.WhereSelectListIterator`2.MoveNext()
   at System.Linq.Enumerable.FirstOrDefault[TSource](IEnumerable`1 source, Func`2 predicate)
   at System.Web.WebPages.DisplayModeProvider.GetDisplayInfoForVirtualPath(String virtualPath, HttpContextBase httpContext, Func`2 virtualPathExists, IDisplayMode currentDisplayMode, Boolean requireConsistentDisplayMode)
   at System.Web.WebPages.DisplayModeProvider.GetDisplayInfoForVirtualPath(String virtualPath, HttpContextBase httpContext, Func`2 virtualPathExists, IDisplayMode currentDisplayMode)
   at Microsoft.Web.Mvc.ViewEngineFixWorker`1.GetPathFromGeneralName(ControllerContext controllerContext, List`1 locations, String name, String controllerName, String areaName, String cacheKey, String[]& searchedLocations)
   at Microsoft.Web.Mvc.ViewEngineFixWorker`1.GetPath(ControllerContext controllerContext, String[] locations, String[] areaLocations, String locationsPropertyName, String name, String controllerName, String cacheKeyPrefix, Boolean useCache, String[]& searchedLocations)
   at Microsoft.Web.Mvc.ViewEngineFixWorker`1.FindView(ControllerContext controllerContext, String viewName, String masterName, Boolean useCache)
   at Microsoft.Web.Mvc.FixedRazorViewEngine.FindView(ControllerContext controllerContext, String viewName, String masterName, Boolean useCache)
   at System.Web.Mvc.ViewEngineCollection.<>c__DisplayClassc.<FindView>b__b(IViewEngine e)
   at System.Web.Mvc.ViewEngineCollection.Find(Func`2 lookup, Boolean trackSearchedPaths)
   at System.Web.Mvc.ViewEngineCollection.Find(Func`2 cacheLocator, Func`2 locator)
   at System.Web.Mvc.ViewEngineCollection.FindView(ControllerContext controllerContext, String viewName, String masterName)
   at System.Web.Mvc.ViewResult.FindView(ControllerContext context)
   at System.Web.Mvc.ViewResultBase.ExecuteResult(ControllerContext context)
   at System.Web.Mvc.ControllerActionInvoker.InvokeActionResult(ControllerContext controllerContext, ActionResult actionResult)
   at System.Web.Mvc.ControllerActionInvoker.<>c__DisplayClass1a.<InvokeActionResultWithFilters>b__17()
   at System.Web.Mvc.ControllerActionInvoker.InvokeActionResultFilter(IResultFilter filter, ResultExecutingContext preContext, Func`1 continuation)
   at System.Web.Mvc.ControllerActionInvoker.<>c__DisplayClass1a.<>c__DisplayClass1c.<InvokeActionResultWithFilters>b__19()
   at System.Web.Mvc.ControllerActionInvoker.InvokeActionResultFilter(IResultFilter filter, ResultExecutingContext preContext, Func`1 continuation)
   at System.Web.Mvc.ControllerActionInvoker.<>c__DisplayClass1a.<>c__DisplayClass1c.<InvokeActionResultWithFilters>b__19()
   at System.Web.Mvc.ControllerActionInvoker.InvokeActionResultFilter(IResultFilter filter, ResultExecutingContext preContext, Func`1 continuation)
   at System.Web.Mvc.ControllerActionInvoker.<>c__DisplayClass1a.<>c__DisplayClass1c.<InvokeActionResultWithFilters>b__19()
   at System.Web.Mvc.ControllerActionInvoker.InvokeActionResultWithFilters(ControllerContext controllerContext, IList`1 filters, ActionResult actionResult)
   at System.Web.Mvc.Async.AsyncControllerActionInvoker.<>c__DisplayClass25.<>c__DisplayClass2a.<BeginInvokeAction>b__20()
   at System.Web.Mvc.Async.AsyncControllerActionInvoker.<>c__DisplayClass25.<BeginInvokeAction>b__22(IAsyncResult asyncResult).

[14:23:54.4690] DEBUG 'Game':'Get'.
User IP: ::1. Execution time: 5 milliseconds.

[14:24:10.9577] DEBUG 'Role':'Get'.
User IP: ::1. Execution time: 1 milliseconds.

[14:24:16.6454] DEBUG 'Role':'Get'.
User IP: ::1. Execution time: 0 milliseconds.

[14:24:19.4653] DEBUG 'Role':'Update'.
User IP: ::1. Execution time: 2 milliseconds.

[14:24:23.0295] DEBUG 'Role':'Remove'.
User IP: ::1. Execution time: 6 milliseconds.

[14:24:23.0295] DEBUG 'Role':'Get'.
User IP: ::1. Execution time: 0 milliseconds.

[14:24:27.0005] DEBUG 'User':'Get'.
User IP: ::1. Execution time: 49 milliseconds.

[14:24:34.5900] DEBUG 'User':'Update'.
User IP: ::1. Execution time: 6 milliseconds.

[14:31:00.8192] DEBUG 'User':'Get'.
User IP: ::1. Execution time: 12058 milliseconds.

[14:31:16.7115] DEBUG 'User':'Get'.
User IP: ::1. Execution time: 1 milliseconds.

[14:31:26.1490] DEBUG 'User':'Get'.
User IP: ::1. Execution time: 0 milliseconds.

[14:31:41.6075] DEBUG 'User':'Get'.
User IP: ::1. Execution time: 2 milliseconds.

[14:31:50.3894] DEBUG 'User':'Get'.
User IP: ::1. Execution time: 1 milliseconds.

[14:31:53.2081] DEBUG 'User':'Disable'.
User IP: ::1. Execution time: 60 milliseconds.

[14:31:53.2271] DEBUG 'User':'Get'.
User IP: ::1. Execution time: 1 milliseconds.

[14:31:59.5920] DEBUG 'User':'Enable'.
User IP: ::1. Execution time: 64 milliseconds.

[14:31:59.6140] DEBUG 'User':'Get'.
User IP: ::1. Execution time: 1 milliseconds.

[14:32:00.2702] DEBUG 'User':'Disable'.
User IP: ::1. Execution time: 6 milliseconds.

[14:32:00.2802] DEBUG 'User':'Get'.
User IP: ::1. Execution time: 1 milliseconds.

[14:32:00.9656] DEBUG 'User':'Enable'.
User IP: ::1. Execution time: 6 milliseconds.

[14:32:00.9656] DEBUG 'User':'Get'.
User IP: ::1. Execution time: 1 milliseconds.

[14:32:01.7544] DEBUG 'User':'Disable'.
User IP: ::1. Execution time: 58 milliseconds.

[14:32:01.7634] DEBUG 'User':'Get'.
User IP: ::1. Execution time: 1 milliseconds.

[14:32:02.3613] DEBUG 'User':'Enable'.
User IP: ::1. Execution time: 43 milliseconds.

[14:32:02.3723] DEBUG 'User':'Get'.
User IP: ::1. Execution time: 1 milliseconds.

[14:32:03.1201] DEBUG 'User':'Disable'.
User IP: ::1. Execution time: 25 milliseconds.

[14:32:03.1201] DEBUG 'User':'Get'.
User IP: ::1. Execution time: 1 milliseconds.

[14:32:03.8535] DEBUG 'User':'Enable'.
User IP: ::1. Execution time: 14 milliseconds.

[14:32:03.8635] DEBUG 'User':'Get'.
User IP: ::1. Execution time: 1 milliseconds.

[14:32:04.3198] DEBUG 'User':'Disable'.
User IP: ::1. Execution time: 15 milliseconds.

[14:32:04.3278] DEBUG 'User':'Get'.
User IP: ::1. Execution time: 1 milliseconds.

[14:32:05.1616] DEBUG 'User':'Enable'.
User IP: ::1. Execution time: 10 milliseconds.

[14:32:05.1716] DEBUG 'User':'Get'.
User IP: ::1. Execution time: 1 milliseconds.

[14:32:05.7170] DEBUG 'User':'Disable'.
User IP: ::1. Execution time: 3 milliseconds.

[14:32:05.7170] DEBUG 'User':'Get'.
User IP: ::1. Execution time: 0 milliseconds.

[14:32:06.4730] DEBUG 'User':'Enable'.
User IP: ::1. Execution time: 25 milliseconds.

[14:32:06.4821] DEBUG 'User':'Get'.
User IP: ::1. Execution time: 0 milliseconds.

[14:32:06.9384] DEBUG 'User':'Disable'.
User IP: ::1. Execution time: 26 milliseconds.

[14:32:06.9384] DEBUG 'User':'Get'.
User IP: ::1. Execution time: 0 milliseconds.

[14:32:07.6982] DEBUG 'User':'Enable'.
User IP: ::1. Execution time: 11 milliseconds.

[14:32:07.6982] DEBUG 'User':'Get'.
User IP: ::1. Execution time: 0 milliseconds.

[14:32:08.2665] DEBUG 'User':'Disable'.
User IP: ::1. Execution time: 97 milliseconds.

[14:32:08.2665] DEBUG 'User':'Get'.
User IP: ::1. Execution time: 0 milliseconds.

[14:32:08.8424] DEBUG 'User':'Enable'.
User IP: ::1. Execution time: 3 milliseconds.

[14:32:08.8424] DEBUG 'User':'Get'.
User IP: ::1. Execution time: 0 milliseconds.

[14:32:43.3019] DEBUG 'User':'Get'.
User IP: ::1. Execution time: 0 milliseconds.

[14:44:44.6960] DEBUG 'User':'Get'.
User IP: ::1. Execution time: 2655 milliseconds.

[14:44:53.9280] DEBUG 'User':'Get'.
User IP: ::1. Execution time: 1 milliseconds.

[14:45:01.0141] DEBUG 'User':'Get'.
User IP: ::1. Execution time: 0 milliseconds.

[14:45:06.1189] DEBUG 'User':'Get'.
User IP: ::1. Execution time: 0 milliseconds.

[14:45:40.8738] DEBUG 'User':'Get'.
User IP: ::1. Execution time: 0 milliseconds.

[14:45:57.9438] DEBUG 'User':'Get'.
User IP: ::1. Execution time: 1 milliseconds.

[14:46:04.0256] DEBUG 'User':'Get'.
User IP: ::1. Execution time: 1 milliseconds.

[14:46:23.6236] DEBUG 'User':'Get'.
User IP: ::1. Execution time: 0 milliseconds.

[15:27:12.6367] DEBUG 'Game':'Get'.
User IP: ::1. Execution time: 15322 milliseconds.

[15:27:18.7038] DEBUG 'Error':'AccessDenied'.
User IP: ::1. Execution time: 0 milliseconds.

[15:28:55.4724] DEBUG 'Game':'Get'.
User IP: ::1. Execution time: 6926 milliseconds.

[15:29:34.4252] DEBUG 'Game':'Get'.
User IP: ::1. Execution time: 6891 milliseconds.

[15:29:46.3733] DEBUG 'Order':'Orders'.
User IP: ::1. Execution time: 22 milliseconds.

[15:29:52.7823] DEBUG 'Order':'History'.
User IP: ::1. Execution time: 0 milliseconds.

[15:29:54.6994] DEBUG 'Order':'Orders'.
User IP: ::1. Execution time: 0 milliseconds.

[15:29:55.2509] DEBUG 'Order':'History'.
User IP: ::1. Execution time: 0 milliseconds.

[15:29:57.0118] DEBUG 'Order':'History'.
User IP: ::1. Execution time: 0 milliseconds.

[15:31:05.7003] DEBUG 'Game':'Get'.
User IP: ::1. Execution time: 8827 milliseconds.

[15:31:11.2377] DEBUG 'Order':'Orders'.
User IP: ::1. Execution time: 21 milliseconds.

[15:31:13.6947] DEBUG 'Order':'History'.
User IP: ::1. Execution time: 0 milliseconds.

[15:31:15.4196] DEBUG 'Order':'History'.
User IP: ::1. Execution time: 0 milliseconds.

[15:31:16.2905] DEBUG 'Order':'History'.
User IP: ::1. Execution time: 0 milliseconds.

[15:31:16.9321] DEBUG 'Order':'History'.
User IP: ::1. Execution time: 0 milliseconds.

[15:31:24.8203] DEBUG 'Order':'History'.
User IP: ::1. Execution time: 0 milliseconds.

[17:14:38.2619] DEBUG 'Game':'Get'.
User IP: ::1. Execution time: 10477 milliseconds.

[17:16:11.7223] DEBUG 'Order':'History'.
User IP: ::1. Execution time: 5710 milliseconds.

[17:16:19.9663] DEBUG 'Game':'Get'.
User IP: ::1. Execution time: 283 milliseconds.

[17:16:21.9578] DEBUG 'Order':'History'.
User IP: ::1. Execution time: 0 milliseconds.

[17:16:23.4136] DEBUG 'Order':'Orders'.
User IP: ::1. Execution time: 7 milliseconds.

[17:17:16.2722] DEBUG 'Order':'Orders'.
User IP: ::1. Execution time: 1 milliseconds.

[17:21:25.2760] DEBUG 'Game':'Get'.
User IP: ::1. Execution time: 6890 milliseconds.

[17:21:30.4840] DEBUG 'Order':'Orders'.
User IP: ::1. Execution time: 36 milliseconds.

[17:21:39.6310] DEBUG 'Order':'History'.
User IP: ::1. Execution time: 9 milliseconds.

[17:23:10.3977] DEBUG 'Game':'Get'.
User IP: ::1. Execution time: 5817 milliseconds.

[17:23:16.2493] DEBUG 'Order':'Orders'.
User IP: ::1. Execution time: 34 milliseconds.

[17:23:20.0248] DEBUG 'Order':'MakeShipped'.
User IP: ::1. Execution time: 20 milliseconds.

[17:23:20.1249] DEBUG 'Error':'AccessDenied'.
User IP: ::1. Execution time: 0 milliseconds.

[17:28:33.7682] DEBUG 'Game':'Get'.
User IP: ::1. Execution time: 5809 milliseconds.

[17:28:42.3027] DEBUG 'Order':'Orders'.
User IP: ::1. Execution time: 32 milliseconds.

[17:28:45.6650] DEBUG 'Order':'MakeShipped'.
User IP: ::1. Execution time: 20 milliseconds.

[17:28:45.6970] DEBUG 'Error':'AccessDenied'.
User IP: ::1. Execution time: 0 milliseconds.

[17:29:17.2966] DEBUG 'Game':'Get'.
User IP: ::1. Execution time: 6163 milliseconds.

[17:29:24.8553] DEBUG 'Order':'Orders'.
User IP: ::1. Execution time: 33 milliseconds.

[17:29:30.6317] DEBUG 'Order':'MakeShipped'.
User IP: ::1. Execution time: 162 milliseconds.

[17:29:30.6828] DEBUG 'Order':'History'.
User IP: ::1. Execution time: 2 milliseconds.

[17:29:32.5898] DEBUG 'Order':'MakeShipped'.
User IP: ::1. Execution time: 33 milliseconds.

[17:29:32.6018] DEBUG 'Order':'History'.
User IP: ::1. Execution time: 1 milliseconds.

[17:29:35.1731] DEBUG 'Order':'History'.
User IP: ::1. Execution time: 10 milliseconds.

[17:40:24.4792] DEBUG 'Game':'Get'.
User IP: ::1. Execution time: 9788 milliseconds.

[17:40:50.5476] DEBUG 'User':'Get'.
User IP: ::1. Execution time: 54 milliseconds.

[17:40:54.8842] DEBUG 'User':'Disable'.
User IP: ::1. Execution time: 33 milliseconds.

[17:40:54.9042] DEBUG 'User':'Get'.
User IP: ::1. Execution time: 1 milliseconds.

[17:40:56.3671] DEBUG 'User':'Enable'.
User IP: ::1. Execution time: 38 milliseconds.

[17:40:56.3781] DEBUG 'User':'Get'.
User IP: ::1. Execution time: 0 milliseconds.

[17:40:57.4022] DEBUG 'User':'Disable'.
User IP: ::1. Execution time: 9 milliseconds.

[17:40:57.4122] DEBUG 'User':'Get'.
User IP: ::1. Execution time: 1 milliseconds.

[17:40:58.0367] DEBUG 'User':'Enable'.
User IP: ::1. Execution time: 5 milliseconds.

[17:40:58.0457] DEBUG 'User':'Get'.
User IP: ::1. Execution time: 0 milliseconds.

[17:41:07.5436] DEBUG 'User':'Get'.
User IP: ::1. Execution time: 0 milliseconds.

[17:41:08.3097] DEBUG 'Role':'Get'.
User IP: ::1. Execution time: 4 milliseconds.

[17:41:11.6711] DEBUG 'User':'Get'.
User IP: ::1. Execution time: 0 milliseconds.

[17:41:14.9880] DEBUG 'Publisher':'Get'.
User IP: ::1. Execution time: 3 milliseconds.

[17:41:16.5338] DEBUG 'Order':'Orders'.
User IP: ::1. Execution time: 42 milliseconds.

[17:41:18.8878] DEBUG 'Publisher':'Get'.
User IP: ::1. Execution time: 0 milliseconds.

[17:41:19.9173] DEBUG 'Publisher':'Details'.
User IP: ::1. Execution time: 332 milliseconds.

[17:41:21.7032] DEBUG 'Publisher':'Get'.
User IP: ::1. Execution time: 0 milliseconds.

[17:41:25.2612] DEBUG 'Game':'Get'.
User IP: ::1. Execution time: 4 milliseconds.

[17:41:27.1186] DEBUG 'Game':'Details'.
User IP: ::1. Execution time: 15 milliseconds.

[17:41:30.5565] DEBUG 'Comment':'Comments'.
User IP: ::1. Execution time: 2 milliseconds.

[17:41:35.2293] DEBUG 'Account':'LogOut'.
User IP: ::1. Execution time: 4 milliseconds.

[17:41:35.2523] DEBUG 'Game':'Get'.
User IP: ::1. Execution time: 5 milliseconds.

[17:41:38.4514] DEBUG 'Game':'Details'.
User IP: ::1. Execution time: 4 milliseconds.

[17:41:39.3204] DEBUG 'Comment':'Comments'.
User IP: ::1. Execution time: 1 milliseconds.

[17:41:41.7263] DEBUG 'Publisher':'Get'.
User IP: ::1. Execution time: 0 milliseconds.

[17:41:43.1044] DEBUG 'Publisher':'Details'.
User IP: ::1. Execution time: 1 milliseconds.

[17:41:44.1351] DEBUG 'Publisher':'Get'.
User IP: ::1. Execution time: 0 milliseconds.

[17:41:44.8580] DEBUG 'Game':'Get'.
User IP: ::1. Execution time: 2 milliseconds.

[17:43:28.8679] DEBUG 'Game':'Get'.
User IP: ::1. Execution time: 6496 milliseconds.

[17:43:43.8982] DEBUG 'Account':'Login'.
User IP: ::1. Execution time: 0 milliseconds.

[17:43:51.6311] DEBUG 'Account':'Login'.
User IP: ::1. Execution time: 442 milliseconds.

[17:43:51.7001] DEBUG 'Game':'Get'.
User IP: ::1. Execution time: 5 milliseconds.

[17:43:54.9111] DEBUG 'Role':'Get'.
User IP: ::1. Execution time: 5 milliseconds.

[17:43:56.6254] DEBUG 'Account':'LogOut'.
User IP: ::1. Execution time: 3 milliseconds.

[17:43:56.6394] DEBUG 'Game':'Get'.
User IP: ::1. Execution time: 3 milliseconds.

[17:43:58.7894] DEBUG 'Account':'Login'.
User IP: ::1. Execution time: 0 milliseconds.

[17:44:02.4713] DEBUG 'Account':'Login'.
User IP: ::1. Execution time: 1 milliseconds.

[17:44:06.7658] DEBUG 'Account':'Login'.
User IP: ::1. Execution time: 0 milliseconds.

[17:44:11.3183] DEBUG 'Account':'Login'.
User IP: ::1. Execution time: 1 milliseconds.

[17:44:11.3322] DEBUG 'Game':'Get'.
User IP: ::1. Execution time: 3 milliseconds.

[17:44:16.3653] DEBUG 'Game':'Details'.
User IP: ::1. Execution time: 15 milliseconds.

[17:44:17.1302] DEBUG 'Comment':'Comments'.
User IP: ::1. Execution time: 1 milliseconds.

[17:44:19.4986] DEBUG 'Game':'Get'.
User IP: ::1. Execution time: 2 milliseconds.

[17:44:20.4474] DEBUG 'Account':'LogOut'.
User IP: ::1. Execution time: 0 milliseconds.

[17:44:20.4594] DEBUG 'Game':'Get'.
User IP: ::1. Execution time: 2 milliseconds.

[17:44:22.3499] DEBUG 'Account':'Login'.
User IP: ::1. Execution time: 0 milliseconds.

[17:44:27.5766] DEBUG 'Account':'Login'.
User IP: ::1. Execution time: 2 milliseconds.

[17:44:27.5916] DEBUG 'Game':'Get'.
User IP: ::1. Execution time: 3 milliseconds.

[17:44:28.6994] DEBUG 'Order':'History'.
User IP: ::1. Execution time: 48 milliseconds.

[17:44:30.3487] DEBUG 'Order':'Orders'.
User IP: ::1. Execution time: 13 milliseconds.

[17:44:31.7018] DEBUG 'Account':'LogOut'.
User IP: ::1. Execution time: 0 milliseconds.

[17:44:31.7512] DEBUG 'Game':'Get'.
User IP: ::1. Execution time: 3 milliseconds.

[17:45:16.3335] DEBUG 'Game':'Get'.
User IP: ::1. Execution time: 6255 milliseconds.

[17:45:35.2407] DEBUG 'Account':'Register'.
User IP: ::1. Execution time: 0 milliseconds.

[17:45:39.6755] DEBUG 'Validation':'IsUserNameAvailable'.
User IP: ::1. Execution time: 44 milliseconds.

[17:45:41.6897] DEBUG 'Validation':'IsUserNameAvailable'.
User IP: ::1. Execution time: 2 milliseconds.

[17:45:46.8007] DEBUG 'Game':'Get'.
User IP: ::1. Execution time: 3 milliseconds.

