[13:54:25.3376] DEBUG 'Game':'Get'.
User IP: ::1. Execution time: 12327 milliseconds.

[13:54:52.4186] DEBUG 'Game':'Get'.
User IP: ::1. Execution time: 4 milliseconds.

[13:54:59.5702] DEBUG 'Game':'Get'.
User IP: ::1. Execution time: 4 milliseconds.

[21:37:54.0936] DEBUG 'Game':'Get'.
User IP: ::1. Execution time: 9532 milliseconds.

[21:38:10.6165] DEBUG 'Account':'Login'.
User IP: ::1. Execution time: 0 milliseconds.

[21:38:15.6414] DEBUG 'Account':'Login'.
User IP: ::1. Execution time: 451 milliseconds.

[21:38:15.6924] DEBUG 'Game':'Get'.
User IP: ::1. Execution time: 7 milliseconds.

[21:38:16.5809] DEBUG 'Basket':'Add'.
User IP: ::1. Execution time: 187 milliseconds.

[21:38:16.6119] DEBUG 'Basket':'Get'.
User IP: ::1. Execution time: 8 milliseconds.

[21:38:17.9250] DEBUG 'Order':'New'.
User IP: ::1. Execution time: 74 milliseconds.

[21:38:17.9481] DEBUG 'Order':'Get'.
User IP: ::1. Execution time: 5 milliseconds.

[21:39:35.9365] DEBUG 'Game':'Get'.
User IP: ::1. Execution time: 5298 milliseconds.

[21:40:30.5799] DEBUG 'Basket':'Add'.
User IP: ::1. Execution time: 43 milliseconds.

[21:40:30.5950] DEBUG 'Basket':'Get'.
User IP: ::1. Execution time: 4 milliseconds.

[21:40:32.0060] DEBUG 'Order':'New'.
User IP: ::1. Execution time: 124 milliseconds.

[21:40:32.0060] DEBUG 'Order':'Get'.
User IP: ::1. Execution time: 5 milliseconds.

[21:40:33.4569] DEBUG 'Payment':'Get'.
User IP: ::1. Execution time: 118 milliseconds.

[21:41:04.1032] ERROR 'Payment':'Get'.
Exception: System.FormatException: Index (zero based) must be greater than or equal to zero and less than the size of the argument list.
   at System.Text.StringBuilder.AppendFormat(IFormatProvider provider, String format, Object[] args)
   at System.String.Format(IFormatProvider provider, String format, Object[] args)
   at System.ComponentModel.DataAnnotations.StringLengthAttribute.FormatErrorMessage(String name)
   at System.Web.Mvc.DataAnnotationsModelValidator.get_ErrorMessage()
   at System.Web.Mvc.StringLengthAttributeAdapter.GetClientValidationRules()
   at System.Web.Mvc.HtmlHelper.<.ctor>b__1(ModelValidator v)
   at System.Linq.Enumerable.<SelectManyIterator>d__14`2.MoveNext()
   at System.Web.Mvc.UnobtrusiveValidationAttributesGenerator.GetValidationAttributes(IEnumerable`1 clientRules, IDictionary`2 results)
   at System.Web.Mvc.HtmlHelper.GetUnobtrusiveValidationAttributes(String name, ModelMetadata metadata)
   at System.Web.Mvc.Html.InputExtensions.InputHelper(HtmlHelper htmlHelper, InputType inputType, ModelMetadata metadata, String name, Object value, Boolean useViewData, Boolean isChecked, Boolean setId, Boolean isExplicitValue, String format, IDictionary`2 htmlAttributes)
   at System.Web.Mvc.Html.InputExtensions.TextBoxFor[TModel,TProperty](HtmlHelper`1 htmlHelper, Expression`1 expression, String format, IDictionary`2 htmlAttributes)
   at System.Web.Mvc.Html.InputExtensions.TextBoxFor[TModel,TProperty](HtmlHelper`1 htmlHelper, Expression`1 expression, String format, Object htmlAttributes)
   at System.Web.Mvc.Html.InputExtensions.TextBoxFor[TModel,TProperty](HtmlHelper`1 htmlHelper, Expression`1 expression, Object htmlAttributes)
   at ASP._Page_Views_Payment__VisaPartial_cshtml.Execute() in c:\Users\Ivan_Yurchenko1\Documents\Visual Studio 2013\Projects\MVCTask\GameStore\GameStore.WebUI\Views\Payment\_VisaPartial.cshtml:line 27
   at System.Web.WebPages.WebPageBase.ExecutePageHierarchy()
   at System.Web.Mvc.WebViewPage.ExecutePageHierarchy()
   at System.Web.WebPages.WebPageBase.ExecutePageHierarchy(WebPageContext pageContext, TextWriter writer, WebPageRenderingBase startPage)
   at System.Web.Mvc.RazorView.RenderView(ViewContext viewContext, TextWriter writer, Object instance)
   at System.Web.Mvc.BuildManagerCompiledView.Render(ViewContext viewContext, TextWriter writer)
   at System.Web.Mvc.HtmlHelper.RenderPartialInternal(String partialViewName, ViewDataDictionary viewData, Object model, TextWriter writer, ViewEngineCollection viewEngineCollection)
   at System.Web.Mvc.Html.PartialExtensions.Partial(HtmlHelper htmlHelper, String partialViewName, Object model, ViewDataDictionary viewData)
   at System.Web.Mvc.Html.PartialExtensions.Partial(HtmlHelper htmlHelper, String partialViewName)
   at ASP._Page_Views_Payment_Get_cshtml.Execute() in c:\Users\Ivan_Yurchenko1\Documents\Visual Studio 2013\Projects\MVCTask\GameStore\GameStore.WebUI\Views\Payment\Get.cshtml:line 16
   at System.Web.WebPages.WebPageBase.ExecutePageHierarchy()
   at System.Web.Mvc.WebViewPage.ExecutePageHierarchy()
   at System.Web.WebPages.StartPage.RunPage()
   at System.Web.WebPages.StartPage.ExecutePageHierarchy()
   at System.Web.WebPages.WebPageBase.ExecutePageHierarchy(WebPageContext pageContext, TextWriter writer, WebPageRenderingBase startPage)
   at System.Web.Mvc.RazorView.RenderView(ViewContext viewContext, TextWriter writer, Object instance)
   at System.Web.Mvc.BuildManagerCompiledView.Render(ViewContext viewContext, TextWriter writer)
   at System.Web.Mvc.ViewResultBase.ExecuteResult(ControllerContext context)
   at System.Web.Mvc.ControllerActionInvoker.InvokeActionResult(ControllerContext controllerContext, ActionResult actionResult)
   at System.Web.Mvc.ControllerActionInvoker.<>c__DisplayClass1a.<InvokeActionResultWithFilters>b__17()
   at System.Web.Mvc.ControllerActionInvoker.InvokeActionResultFilter(IResultFilter filter, ResultExecutingContext preContext, Func`1 continuation)
   at System.Web.Mvc.ControllerActionInvoker.<>c__DisplayClass1a.<>c__DisplayClass1c.<InvokeActionResultWithFilters>b__19()
   at System.Web.Mvc.ControllerActionInvoker.InvokeActionResultFilter(IResultFilter filter, ResultExecutingContext preContext, Func`1 continuation)
   at System.Web.Mvc.ControllerActionInvoker.<>c__DisplayClass1a.<>c__DisplayClass1c.<InvokeActionResultWithFilters>b__19()
   at System.Web.Mvc.ControllerActionInvoker.InvokeActionResultFilter(IResultFilter filter, ResultExecutingContext preContext, Func`1 continuation)
   at System.Web.Mvc.ControllerActionInvoker.<>c__DisplayClass1a.<>c__DisplayClass1c.<InvokeActionResultWithFilters>b__19()
   at System.Web.Mvc.ControllerActionInvoker.InvokeActionResultWithFilters(ControllerContext controllerContext, IList`1 filters, ActionResult actionResult)
   at System.Web.Mvc.Async.AsyncControllerActionInvoker.<>c__DisplayClass25.<>c__DisplayClass2a.<BeginInvokeAction>b__20()
   at System.Web.Mvc.Async.AsyncControllerActionInvoker.<>c__DisplayClass25.<BeginInvokeAction>b__22(IAsyncResult asyncResult).

[21:41:04.1222] DEBUG 'Game':'Get'.
User IP: ::1. Execution time: 7 milliseconds.

[21:41:18.2037] DEBUG 'Order':'Get'.
User IP: ::1. Execution time: 2 milliseconds.

[21:41:56.9044] DEBUG 'Payment':'Get'.
User IP: ::1. Execution time: 36997 milliseconds.

[21:42:07.0832] ERROR 'Payment':'Get'.
Exception: System.FormatException: Index (zero based) must be greater than or equal to zero and less than the size of the argument list.
   at System.Text.StringBuilder.AppendFormat(IFormatProvider provider, String format, Object[] args)
   at System.String.Format(IFormatProvider provider, String format, Object[] args)
   at System.ComponentModel.DataAnnotations.StringLengthAttribute.FormatErrorMessage(String name)
   at System.Web.Mvc.DataAnnotationsModelValidator.get_ErrorMessage()
   at System.Web.Mvc.StringLengthAttributeAdapter.GetClientValidationRules()
   at System.Web.Mvc.HtmlHelper.<.ctor>b__1(ModelValidator v)
   at System.Linq.Enumerable.<SelectManyIterator>d__14`2.MoveNext()
   at System.Web.Mvc.UnobtrusiveValidationAttributesGenerator.GetValidationAttributes(IEnumerable`1 clientRules, IDictionary`2 results)
   at System.Web.Mvc.HtmlHelper.GetUnobtrusiveValidationAttributes(String name, ModelMetadata metadata)
   at System.Web.Mvc.Html.InputExtensions.InputHelper(HtmlHelper htmlHelper, InputType inputType, ModelMetadata metadata, String name, Object value, Boolean useViewData, Boolean isChecked, Boolean setId, Boolean isExplicitValue, String format, IDictionary`2 htmlAttributes)
   at System.Web.Mvc.Html.InputExtensions.TextBoxFor[TModel,TProperty](HtmlHelper`1 htmlHelper, Expression`1 expression, String format, IDictionary`2 htmlAttributes)
   at System.Web.Mvc.Html.InputExtensions.TextBoxFor[TModel,TProperty](HtmlHelper`1 htmlHelper, Expression`1 expression, String format, Object htmlAttributes)
   at System.Web.Mvc.Html.InputExtensions.TextBoxFor[TModel,TProperty](HtmlHelper`1 htmlHelper, Expression`1 expression, Object htmlAttributes)
   at ASP._Page_Views_Payment__VisaPartial_cshtml.Execute() in c:\Users\Ivan_Yurchenko1\Documents\Visual Studio 2013\Projects\MVCTask\GameStore\GameStore.WebUI\Views\Payment\_VisaPartial.cshtml:line 27
   at System.Web.WebPages.WebPageBase.ExecutePageHierarchy()
   at System.Web.Mvc.WebViewPage.ExecutePageHierarchy()
   at System.Web.WebPages.WebPageBase.ExecutePageHierarchy(WebPageContext pageContext, TextWriter writer, WebPageRenderingBase startPage)
   at System.Web.Mvc.RazorView.RenderView(ViewContext viewContext, TextWriter writer, Object instance)
   at System.Web.Mvc.BuildManagerCompiledView.Render(ViewContext viewContext, TextWriter writer)
   at System.Web.Mvc.HtmlHelper.RenderPartialInternal(String partialViewName, ViewDataDictionary viewData, Object model, TextWriter writer, ViewEngineCollection viewEngineCollection)
   at System.Web.Mvc.Html.PartialExtensions.Partial(HtmlHelper htmlHelper, String partialViewName, Object model, ViewDataDictionary viewData)
   at System.Web.Mvc.Html.PartialExtensions.Partial(HtmlHelper htmlHelper, String partialViewName)
   at ASP._Page_Views_Payment_Get_cshtml.Execute() in c:\Users\Ivan_Yurchenko1\Documents\Visual Studio 2013\Projects\MVCTask\GameStore\GameStore.WebUI\Views\Payment\Get.cshtml:line 16
   at System.Web.WebPages.WebPageBase.ExecutePageHierarchy()
   at System.Web.Mvc.WebViewPage.ExecutePageHierarchy()
   at System.Web.WebPages.StartPage.RunPage()
   at System.Web.WebPages.StartPage.ExecutePageHierarchy()
   at System.Web.WebPages.WebPageBase.ExecutePageHierarchy(WebPageContext pageContext, TextWriter writer, WebPageRenderingBase startPage)
   at System.Web.Mvc.RazorView.RenderView(ViewContext viewContext, TextWriter writer, Object instance)
   at System.Web.Mvc.BuildManagerCompiledView.Render(ViewContext viewContext, TextWriter writer)
   at System.Web.Mvc.ViewResultBase.ExecuteResult(ControllerContext context)
   at System.Web.Mvc.ControllerActionInvoker.InvokeActionResult(ControllerContext controllerContext, ActionResult actionResult)
   at System.Web.Mvc.ControllerActionInvoker.<>c__DisplayClass1a.<InvokeActionResultWithFilters>b__17()
   at System.Web.Mvc.ControllerActionInvoker.InvokeActionResultFilter(IResultFilter filter, ResultExecutingContext preContext, Func`1 continuation)
   at System.Web.Mvc.ControllerActionInvoker.<>c__DisplayClass1a.<>c__DisplayClass1c.<InvokeActionResultWithFilters>b__19()
   at System.Web.Mvc.ControllerActionInvoker.InvokeActionResultFilter(IResultFilter filter, ResultExecutingContext preContext, Func`1 continuation)
   at System.Web.Mvc.ControllerActionInvoker.<>c__DisplayClass1a.<>c__DisplayClass1c.<InvokeActionResultWithFilters>b__19()
   at System.Web.Mvc.ControllerActionInvoker.InvokeActionResultFilter(IResultFilter filter, ResultExecutingContext preContext, Func`1 continuation)
   at System.Web.Mvc.ControllerActionInvoker.<>c__DisplayClass1a.<>c__DisplayClass1c.<InvokeActionResultWithFilters>b__19()
   at System.Web.Mvc.ControllerActionInvoker.InvokeActionResultWithFilters(ControllerContext controllerContext, IList`1 filters, ActionResult actionResult)
   at System.Web.Mvc.Async.AsyncControllerActionInvoker.<>c__DisplayClass25.<>c__DisplayClass2a.<BeginInvokeAction>b__20()
   at System.Web.Mvc.Async.AsyncControllerActionInvoker.<>c__DisplayClass25.<BeginInvokeAction>b__22(IAsyncResult asyncResult).

[21:42:07.1052] DEBUG 'Game':'Get'.
User IP: ::1. Execution time: 8 milliseconds.

[21:42:14.9004] DEBUG 'Order':'Get'.
User IP: ::1. Execution time: 2 milliseconds.

[21:42:17.1952] DEBUG 'Payment':'Get'.
User IP: ::1. Execution time: 1430 milliseconds.

[21:44:19.2374] ERROR 'Payment':'Get'.
Exception: System.FormatException: Index (zero based) must be greater than or equal to zero and less than the size of the argument list.
   at System.Text.StringBuilder.AppendFormat(IFormatProvider provider, String format, Object[] args)
   at System.String.Format(IFormatProvider provider, String format, Object[] args)
   at System.ComponentModel.DataAnnotations.StringLengthAttribute.FormatErrorMessage(String name)
   at System.Web.Mvc.DataAnnotationsModelValidator.get_ErrorMessage()
   at System.Web.Mvc.StringLengthAttributeAdapter.GetClientValidationRules()
   at System.Web.Mvc.HtmlHelper.<.ctor>b__1(ModelValidator v)
   at System.Linq.Enumerable.<SelectManyIterator>d__14`2.MoveNext()
   at System.Web.Mvc.UnobtrusiveValidationAttributesGenerator.GetValidationAttributes(IEnumerable`1 clientRules, IDictionary`2 results)
   at System.Web.Mvc.HtmlHelper.GetUnobtrusiveValidationAttributes(String name, ModelMetadata metadata)
   at System.Web.Mvc.Html.InputExtensions.InputHelper(HtmlHelper htmlHelper, InputType inputType, ModelMetadata metadata, String name, Object value, Boolean useViewData, Boolean isChecked, Boolean setId, Boolean isExplicitValue, String format, IDictionary`2 htmlAttributes)
   at System.Web.Mvc.Html.InputExtensions.TextBoxFor[TModel,TProperty](HtmlHelper`1 htmlHelper, Expression`1 expression, String format, IDictionary`2 htmlAttributes)
   at System.Web.Mvc.Html.InputExtensions.TextBoxFor[TModel,TProperty](HtmlHelper`1 htmlHelper, Expression`1 expression, String format, Object htmlAttributes)
   at System.Web.Mvc.Html.InputExtensions.TextBoxFor[TModel,TProperty](HtmlHelper`1 htmlHelper, Expression`1 expression, Object htmlAttributes)
   at ASP._Page_Views_Payment__VisaPartial_cshtml.Execute() in c:\Users\Ivan_Yurchenko1\Documents\Visual Studio 2013\Projects\MVCTask\GameStore\GameStore.WebUI\Views\Payment\_VisaPartial.cshtml:line 27
   at System.Web.WebPages.WebPageBase.ExecutePageHierarchy()
   at System.Web.Mvc.WebViewPage.ExecutePageHierarchy()
   at System.Web.WebPages.WebPageBase.ExecutePageHierarchy(WebPageContext pageContext, TextWriter writer, WebPageRenderingBase startPage)
   at System.Web.Mvc.RazorView.RenderView(ViewContext viewContext, TextWriter writer, Object instance)
   at System.Web.Mvc.BuildManagerCompiledView.Render(ViewContext viewContext, TextWriter writer)
   at System.Web.Mvc.HtmlHelper.RenderPartialInternal(String partialViewName, ViewDataDictionary viewData, Object model, TextWriter writer, ViewEngineCollection viewEngineCollection)
   at System.Web.Mvc.Html.PartialExtensions.Partial(HtmlHelper htmlHelper, String partialViewName, Object model, ViewDataDictionary viewData)
   at System.Web.Mvc.Html.PartialExtensions.Partial(HtmlHelper htmlHelper, String partialViewName)
   at ASP._Page_Views_Payment_Get_cshtml.Execute() in c:\Users\Ivan_Yurchenko1\Documents\Visual Studio 2013\Projects\MVCTask\GameStore\GameStore.WebUI\Views\Payment\Get.cshtml:line 16
   at System.Web.WebPages.WebPageBase.ExecutePageHierarchy()
   at System.Web.Mvc.WebViewPage.ExecutePageHierarchy()
   at System.Web.WebPages.StartPage.RunPage()
   at System.Web.WebPages.StartPage.ExecutePageHierarchy()
   at System.Web.WebPages.WebPageBase.ExecutePageHierarchy(WebPageContext pageContext, TextWriter writer, WebPageRenderingBase startPage)
   at System.Web.Mvc.RazorView.RenderView(ViewContext viewContext, TextWriter writer, Object instance)
   at System.Web.Mvc.BuildManagerCompiledView.Render(ViewContext viewContext, TextWriter writer)
   at System.Web.Mvc.ViewResultBase.ExecuteResult(ControllerContext context)
   at System.Web.Mvc.ControllerActionInvoker.InvokeActionResult(ControllerContext controllerContext, ActionResult actionResult)
   at System.Web.Mvc.ControllerActionInvoker.<>c__DisplayClass1a.<InvokeActionResultWithFilters>b__17()
   at System.Web.Mvc.ControllerActionInvoker.InvokeActionResultFilter(IResultFilter filter, ResultExecutingContext preContext, Func`1 continuation)
   at System.Web.Mvc.ControllerActionInvoker.<>c__DisplayClass1a.<>c__DisplayClass1c.<InvokeActionResultWithFilters>b__19()
   at System.Web.Mvc.ControllerActionInvoker.InvokeActionResultFilter(IResultFilter filter, ResultExecutingContext preContext, Func`1 continuation)
   at System.Web.Mvc.ControllerActionInvoker.<>c__DisplayClass1a.<>c__DisplayClass1c.<InvokeActionResultWithFilters>b__19()
   at System.Web.Mvc.ControllerActionInvoker.InvokeActionResultFilter(IResultFilter filter, ResultExecutingContext preContext, Func`1 continuation)
   at System.Web.Mvc.ControllerActionInvoker.<>c__DisplayClass1a.<>c__DisplayClass1c.<InvokeActionResultWithFilters>b__19()
   at System.Web.Mvc.ControllerActionInvoker.InvokeActionResultWithFilters(ControllerContext controllerContext, IList`1 filters, ActionResult actionResult)
   at System.Web.Mvc.Async.AsyncControllerActionInvoker.<>c__DisplayClass25.<>c__DisplayClass2a.<BeginInvokeAction>b__20()
   at System.Web.Mvc.Async.AsyncControllerActionInvoker.<>c__DisplayClass25.<BeginInvokeAction>b__22(IAsyncResult asyncResult).

[21:44:19.2765] DEBUG 'Game':'Get'.
User IP: ::1. Execution time: 8 milliseconds.

[21:44:28.5069] DEBUG 'Order':'Get'.
User IP: ::1. Execution time: 2 milliseconds.

[21:44:30.3271] DEBUG 'Payment':'Get'.
User IP: ::1. Execution time: 1151 milliseconds.

[21:44:45.9468] DEBUG 'Payment':'Get'.
User IP: ::1. Execution time: 720 milliseconds.

[22:10:23.2058] DEBUG 'Game':'Get'.
User IP: ::1. Execution time: 10338 milliseconds.

[22:10:31.8341] DEBUG 'Basket':'Add'.
User IP: ::1. Execution time: 40 milliseconds.

[22:10:31.8491] DEBUG 'Basket':'Get'.
User IP: ::1. Execution time: 4 milliseconds.

[22:10:33.5431] DEBUG 'Order':'New'.
User IP: ::1. Execution time: 159 milliseconds.

[22:10:33.5762] DEBUG 'Order':'Get'.
User IP: ::1. Execution time: 14 milliseconds.

[22:10:34.8308] DEBUG 'Payment':'Get'.
User IP: ::1. Execution time: 70 milliseconds.

[22:11:10.7353] ERROR 'Payment':'Get'.
Exception: System.FormatException: Index (zero based) must be greater than or equal to zero and less than the size of the argument list.
   at System.Text.StringBuilder.AppendFormat(IFormatProvider provider, String format, Object[] args)
   at System.String.Format(IFormatProvider provider, String format, Object[] args)
   at System.ComponentModel.DataAnnotations.StringLengthAttribute.FormatErrorMessage(String name)
   at System.Web.Mvc.DataAnnotationsModelValidator.get_ErrorMessage()
   at System.Web.Mvc.StringLengthAttributeAdapter.GetClientValidationRules()
   at System.Web.Mvc.HtmlHelper.<.ctor>b__1(ModelValidator v)
   at System.Linq.Enumerable.<SelectManyIterator>d__14`2.MoveNext()
   at System.Web.Mvc.UnobtrusiveValidationAttributesGenerator.GetValidationAttributes(IEnumerable`1 clientRules, IDictionary`2 results)
   at System.Web.Mvc.HtmlHelper.GetUnobtrusiveValidationAttributes(String name, ModelMetadata metadata)
   at System.Web.Mvc.Html.InputExtensions.InputHelper(HtmlHelper htmlHelper, InputType inputType, ModelMetadata metadata, String name, Object value, Boolean useViewData, Boolean isChecked, Boolean setId, Boolean isExplicitValue, String format, IDictionary`2 htmlAttributes)
   at System.Web.Mvc.Html.InputExtensions.TextBoxFor[TModel,TProperty](HtmlHelper`1 htmlHelper, Expression`1 expression, String format, IDictionary`2 htmlAttributes)
   at System.Web.Mvc.Html.InputExtensions.TextBoxFor[TModel,TProperty](HtmlHelper`1 htmlHelper, Expression`1 expression, String format, Object htmlAttributes)
   at System.Web.Mvc.Html.InputExtensions.TextBoxFor[TModel,TProperty](HtmlHelper`1 htmlHelper, Expression`1 expression, Object htmlAttributes)
   at ASP._Page_Views_Payment__VisaPartial_cshtml.Execute() in c:\Users\Ivan_Yurchenko1\Documents\Visual Studio 2013\Projects\MVCTask\GameStore\GameStore.WebUI\Views\Payment\_VisaPartial.cshtml:line 28
   at System.Web.WebPages.WebPageBase.ExecutePageHierarchy()
   at System.Web.Mvc.WebViewPage.ExecutePageHierarchy()
   at System.Web.WebPages.WebPageBase.ExecutePageHierarchy(WebPageContext pageContext, TextWriter writer, WebPageRenderingBase startPage)
   at System.Web.Mvc.RazorView.RenderView(ViewContext viewContext, TextWriter writer, Object instance)
   at System.Web.Mvc.BuildManagerCompiledView.Render(ViewContext viewContext, TextWriter writer)
   at System.Web.Mvc.HtmlHelper.RenderPartialInternal(String partialViewName, ViewDataDictionary viewData, Object model, TextWriter writer, ViewEngineCollection viewEngineCollection)
   at System.Web.Mvc.Html.PartialExtensions.Partial(HtmlHelper htmlHelper, String partialViewName, Object model, ViewDataDictionary viewData)
   at System.Web.Mvc.Html.PartialExtensions.Partial(HtmlHelper htmlHelper, String partialViewName)
   at ASP._Page_Views_Payment_Get_cshtml.Execute() in c:\Users\Ivan_Yurchenko1\Documents\Visual Studio 2013\Projects\MVCTask\GameStore\GameStore.WebUI\Views\Payment\Get.cshtml:line 16
   at System.Web.WebPages.WebPageBase.ExecutePageHierarchy()
   at System.Web.Mvc.WebViewPage.ExecutePageHierarchy()
   at System.Web.WebPages.StartPage.RunPage()
   at System.Web.WebPages.StartPage.ExecutePageHierarchy()
   at System.Web.WebPages.WebPageBase.ExecutePageHierarchy(WebPageContext pageContext, TextWriter writer, WebPageRenderingBase startPage)
   at System.Web.Mvc.RazorView.RenderView(ViewContext viewContext, TextWriter writer, Object instance)
   at System.Web.Mvc.BuildManagerCompiledView.Render(ViewContext viewContext, TextWriter writer)
   at System.Web.Mvc.ViewResultBase.ExecuteResult(ControllerContext context)
   at System.Web.Mvc.ControllerActionInvoker.InvokeActionResult(ControllerContext controllerContext, ActionResult actionResult)
   at System.Web.Mvc.ControllerActionInvoker.<>c__DisplayClass1a.<InvokeActionResultWithFilters>b__17()
   at System.Web.Mvc.ControllerActionInvoker.InvokeActionResultFilter(IResultFilter filter, ResultExecutingContext preContext, Func`1 continuation)
   at System.Web.Mvc.ControllerActionInvoker.<>c__DisplayClass1a.<>c__DisplayClass1c.<InvokeActionResultWithFilters>b__19()
   at System.Web.Mvc.ControllerActionInvoker.InvokeActionResultFilter(IResultFilter filter, ResultExecutingContext preContext, Func`1 continuation)
   at System.Web.Mvc.ControllerActionInvoker.<>c__DisplayClass1a.<>c__DisplayClass1c.<InvokeActionResultWithFilters>b__19()
   at System.Web.Mvc.ControllerActionInvoker.InvokeActionResultFilter(IResultFilter filter, ResultExecutingContext preContext, Func`1 continuation)
   at System.Web.Mvc.ControllerActionInvoker.<>c__DisplayClass1a.<>c__DisplayClass1c.<InvokeActionResultWithFilters>b__19()
   at System.Web.Mvc.ControllerActionInvoker.InvokeActionResultWithFilters(ControllerContext controllerContext, IList`1 filters, ActionResult actionResult)
   at System.Web.Mvc.Async.AsyncControllerActionInvoker.<>c__DisplayClass25.<>c__DisplayClass2a.<BeginInvokeAction>b__20()
   at System.Web.Mvc.Async.AsyncControllerActionInvoker.<>c__DisplayClass25.<BeginInvokeAction>b__22(IAsyncResult asyncResult).

[22:11:10.7573] DEBUG 'Game':'Get'.
User IP: ::1. Execution time: 7 milliseconds.

[22:11:12.7341] DEBUG 'Order':'Get'.
User IP: ::1. Execution time: 1 milliseconds.

[22:11:13.3760] DEBUG 'Payment':'Get'.
User IP: ::1. Execution time: 5 milliseconds.

[22:12:23.9728] ERROR 'Payment':'Get'.
Exception: System.FormatException: Index (zero based) must be greater than or equal to zero and less than the size of the argument list.
   at System.Text.StringBuilder.AppendFormat(IFormatProvider provider, String format, Object[] args)
   at System.String.Format(IFormatProvider provider, String format, Object[] args)
   at System.ComponentModel.DataAnnotations.StringLengthAttribute.FormatErrorMessage(String name)
   at System.Web.Mvc.DataAnnotationsModelValidator.get_ErrorMessage()
   at System.Web.Mvc.StringLengthAttributeAdapter.GetClientValidationRules()
   at System.Web.Mvc.HtmlHelper.<.ctor>b__1(ModelValidator v)
   at System.Linq.Enumerable.<SelectManyIterator>d__14`2.MoveNext()
   at System.Web.Mvc.UnobtrusiveValidationAttributesGenerator.GetValidationAttributes(IEnumerable`1 clientRules, IDictionary`2 results)
   at System.Web.Mvc.HtmlHelper.GetUnobtrusiveValidationAttributes(String name, ModelMetadata metadata)
   at System.Web.Mvc.Html.InputExtensions.InputHelper(HtmlHelper htmlHelper, InputType inputType, ModelMetadata metadata, String name, Object value, Boolean useViewData, Boolean isChecked, Boolean setId, Boolean isExplicitValue, String format, IDictionary`2 htmlAttributes)
   at System.Web.Mvc.Html.InputExtensions.TextBoxFor[TModel,TProperty](HtmlHelper`1 htmlHelper, Expression`1 expression, String format, IDictionary`2 htmlAttributes)
   at System.Web.Mvc.Html.InputExtensions.TextBoxFor[TModel,TProperty](HtmlHelper`1 htmlHelper, Expression`1 expression, String format, Object htmlAttributes)
   at System.Web.Mvc.Html.InputExtensions.TextBoxFor[TModel,TProperty](HtmlHelper`1 htmlHelper, Expression`1 expression, Object htmlAttributes)
   at ASP._Page_Views_Payment__VisaPartial_cshtml.Execute() in c:\Users\Ivan_Yurchenko1\Documents\Visual Studio 2013\Projects\MVCTask\GameStore\GameStore.WebUI\Views\Payment\_VisaPartial.cshtml:line 28
   at System.Web.WebPages.WebPageBase.ExecutePageHierarchy()
   at System.Web.Mvc.WebViewPage.ExecutePageHierarchy()
   at System.Web.WebPages.WebPageBase.ExecutePageHierarchy(WebPageContext pageContext, TextWriter writer, WebPageRenderingBase startPage)
   at System.Web.Mvc.RazorView.RenderView(ViewContext viewContext, TextWriter writer, Object instance)
   at System.Web.Mvc.BuildManagerCompiledView.Render(ViewContext viewContext, TextWriter writer)
   at System.Web.Mvc.HtmlHelper.RenderPartialInternal(String partialViewName, ViewDataDictionary viewData, Object model, TextWriter writer, ViewEngineCollection viewEngineCollection)
   at System.Web.Mvc.Html.PartialExtensions.Partial(HtmlHelper htmlHelper, String partialViewName, Object model, ViewDataDictionary viewData)
   at System.Web.Mvc.Html.PartialExtensions.Partial(HtmlHelper htmlHelper, String partialViewName)
   at ASP._Page_Views_Payment_Get_cshtml.Execute() in c:\Users\Ivan_Yurchenko1\Documents\Visual Studio 2013\Projects\MVCTask\GameStore\GameStore.WebUI\Views\Payment\Get.cshtml:line 16
   at System.Web.WebPages.WebPageBase.ExecutePageHierarchy()
   at System.Web.Mvc.WebViewPage.ExecutePageHierarchy()
   at System.Web.WebPages.StartPage.RunPage()
   at System.Web.WebPages.StartPage.ExecutePageHierarchy()
   at System.Web.WebPages.WebPageBase.ExecutePageHierarchy(WebPageContext pageContext, TextWriter writer, WebPageRenderingBase startPage)
   at System.Web.Mvc.RazorView.RenderView(ViewContext viewContext, TextWriter writer, Object instance)
   at System.Web.Mvc.BuildManagerCompiledView.Render(ViewContext viewContext, TextWriter writer)
   at System.Web.Mvc.ViewResultBase.ExecuteResult(ControllerContext context)
   at System.Web.Mvc.ControllerActionInvoker.InvokeActionResult(ControllerContext controllerContext, ActionResult actionResult)
   at System.Web.Mvc.ControllerActionInvoker.<>c__DisplayClass1a.<InvokeActionResultWithFilters>b__17()
   at System.Web.Mvc.ControllerActionInvoker.InvokeActionResultFilter(IResultFilter filter, ResultExecutingContext preContext, Func`1 continuation)
   at System.Web.Mvc.ControllerActionInvoker.<>c__DisplayClass1a.<>c__DisplayClass1c.<InvokeActionResultWithFilters>b__19()
   at System.Web.Mvc.ControllerActionInvoker.InvokeActionResultFilter(IResultFilter filter, ResultExecutingContext preContext, Func`1 continuation)
   at System.Web.Mvc.ControllerActionInvoker.<>c__DisplayClass1a.<>c__DisplayClass1c.<InvokeActionResultWithFilters>b__19()
   at System.Web.Mvc.ControllerActionInvoker.InvokeActionResultFilter(IResultFilter filter, ResultExecutingContext preContext, Func`1 continuation)
   at System.Web.Mvc.ControllerActionInvoker.<>c__DisplayClass1a.<>c__DisplayClass1c.<InvokeActionResultWithFilters>b__19()
   at System.Web.Mvc.ControllerActionInvoker.InvokeActionResultWithFilters(ControllerContext controllerContext, IList`1 filters, ActionResult actionResult)
   at System.Web.Mvc.Async.AsyncControllerActionInvoker.<>c__DisplayClass25.<>c__DisplayClass2a.<BeginInvokeAction>b__20()
   at System.Web.Mvc.Async.AsyncControllerActionInvoker.<>c__DisplayClass25.<BeginInvokeAction>b__22(IAsyncResult asyncResult).

[22:12:23.9988] DEBUG 'Game':'Get'.
User IP: ::1. Execution time: 8 milliseconds.

[22:12:26.0566] DEBUG 'Order':'Get'.
User IP: ::1. Execution time: 2 milliseconds.

[22:12:26.6817] DEBUG 'Payment':'Get'.
User IP: ::1. Execution time: 6 milliseconds.

[22:12:33.4959] ERROR 'Payment':'Get'.
Exception: System.FormatException: Index (zero based) must be greater than or equal to zero and less than the size of the argument list.
   at System.Text.StringBuilder.AppendFormat(IFormatProvider provider, String format, Object[] args)
   at System.String.Format(IFormatProvider provider, String format, Object[] args)
   at System.ComponentModel.DataAnnotations.StringLengthAttribute.FormatErrorMessage(String name)
   at System.Web.Mvc.DataAnnotationsModelValidator.get_ErrorMessage()
   at System.Web.Mvc.StringLengthAttributeAdapter.GetClientValidationRules()
   at System.Web.Mvc.HtmlHelper.<.ctor>b__1(ModelValidator v)
   at System.Linq.Enumerable.<SelectManyIterator>d__14`2.MoveNext()
   at System.Web.Mvc.UnobtrusiveValidationAttributesGenerator.GetValidationAttributes(IEnumerable`1 clientRules, IDictionary`2 results)
   at System.Web.Mvc.HtmlHelper.GetUnobtrusiveValidationAttributes(String name, ModelMetadata metadata)
   at System.Web.Mvc.Html.InputExtensions.InputHelper(HtmlHelper htmlHelper, InputType inputType, ModelMetadata metadata, String name, Object value, Boolean useViewData, Boolean isChecked, Boolean setId, Boolean isExplicitValue, String format, IDictionary`2 htmlAttributes)
   at System.Web.Mvc.Html.InputExtensions.TextBoxFor[TModel,TProperty](HtmlHelper`1 htmlHelper, Expression`1 expression, String format, IDictionary`2 htmlAttributes)
   at System.Web.Mvc.Html.InputExtensions.TextBoxFor[TModel,TProperty](HtmlHelper`1 htmlHelper, Expression`1 expression, String format, Object htmlAttributes)
   at System.Web.Mvc.Html.InputExtensions.TextBoxFor[TModel,TProperty](HtmlHelper`1 htmlHelper, Expression`1 expression, Object htmlAttributes)
   at ASP._Page_Views_Payment__VisaPartial_cshtml.Execute() in c:\Users\Ivan_Yurchenko1\Documents\Visual Studio 2013\Projects\MVCTask\GameStore\GameStore.WebUI\Views\Payment\_VisaPartial.cshtml:line 28
   at System.Web.WebPages.WebPageBase.ExecutePageHierarchy()
   at System.Web.Mvc.WebViewPage.ExecutePageHierarchy()
   at System.Web.WebPages.WebPageBase.ExecutePageHierarchy(WebPageContext pageContext, TextWriter writer, WebPageRenderingBase startPage)
   at System.Web.Mvc.RazorView.RenderView(ViewContext viewContext, TextWriter writer, Object instance)
   at System.Web.Mvc.BuildManagerCompiledView.Render(ViewContext viewContext, TextWriter writer)
   at System.Web.Mvc.HtmlHelper.RenderPartialInternal(String partialViewName, ViewDataDictionary viewData, Object model, TextWriter writer, ViewEngineCollection viewEngineCollection)
   at System.Web.Mvc.Html.PartialExtensions.Partial(HtmlHelper htmlHelper, String partialViewName, Object model, ViewDataDictionary viewData)
   at System.Web.Mvc.Html.PartialExtensions.Partial(HtmlHelper htmlHelper, String partialViewName)
   at ASP._Page_Views_Payment_Get_cshtml.Execute() in c:\Users\Ivan_Yurchenko1\Documents\Visual Studio 2013\Projects\MVCTask\GameStore\GameStore.WebUI\Views\Payment\Get.cshtml:line 16
   at System.Web.WebPages.WebPageBase.ExecutePageHierarchy()
   at System.Web.Mvc.WebViewPage.ExecutePageHierarchy()
   at System.Web.WebPages.StartPage.RunPage()
   at System.Web.WebPages.StartPage.ExecutePageHierarchy()
   at System.Web.WebPages.WebPageBase.ExecutePageHierarchy(WebPageContext pageContext, TextWriter writer, WebPageRenderingBase startPage)
   at System.Web.Mvc.RazorView.RenderView(ViewContext viewContext, TextWriter writer, Object instance)
   at System.Web.Mvc.BuildManagerCompiledView.Render(ViewContext viewContext, TextWriter writer)
   at System.Web.Mvc.ViewResultBase.ExecuteResult(ControllerContext context)
   at System.Web.Mvc.ControllerActionInvoker.InvokeActionResult(ControllerContext controllerContext, ActionResult actionResult)
   at System.Web.Mvc.ControllerActionInvoker.<>c__DisplayClass1a.<InvokeActionResultWithFilters>b__17()
   at System.Web.Mvc.ControllerActionInvoker.InvokeActionResultFilter(IResultFilter filter, ResultExecutingContext preContext, Func`1 continuation)
   at System.Web.Mvc.ControllerActionInvoker.<>c__DisplayClass1a.<>c__DisplayClass1c.<InvokeActionResultWithFilters>b__19()
   at System.Web.Mvc.ControllerActionInvoker.InvokeActionResultFilter(IResultFilter filter, ResultExecutingContext preContext, Func`1 continuation)
   at System.Web.Mvc.ControllerActionInvoker.<>c__DisplayClass1a.<>c__DisplayClass1c.<InvokeActionResultWithFilters>b__19()
   at System.Web.Mvc.ControllerActionInvoker.InvokeActionResultFilter(IResultFilter filter, ResultExecutingContext preContext, Func`1 continuation)
   at System.Web.Mvc.ControllerActionInvoker.<>c__DisplayClass1a.<>c__DisplayClass1c.<InvokeActionResultWithFilters>b__19()
   at System.Web.Mvc.ControllerActionInvoker.InvokeActionResultWithFilters(ControllerContext controllerContext, IList`1 filters, ActionResult actionResult)
   at System.Web.Mvc.Async.AsyncControllerActionInvoker.<>c__DisplayClass25.<>c__DisplayClass2a.<BeginInvokeAction>b__20()
   at System.Web.Mvc.Async.AsyncControllerActionInvoker.<>c__DisplayClass25.<BeginInvokeAction>b__22(IAsyncResult asyncResult).

[22:12:33.5369] DEBUG 'Game':'Get'.
User IP: ::1. Execution time: 6 milliseconds.

[22:12:38.5512] DEBUG 'Order':'Get'.
User IP: ::1. Execution time: 2 milliseconds.

[22:12:39.3663] DEBUG 'Payment':'Get'.
User IP: ::1. Execution time: 5 milliseconds.

[22:13:15.9701] ERROR 'Payment':'Get'.
Exception: System.FormatException: Index (zero based) must be greater than or equal to zero and less than the size of the argument list.
   at System.Text.StringBuilder.AppendFormat(IFormatProvider provider, String format, Object[] args)
   at System.String.Format(IFormatProvider provider, String format, Object[] args)
   at System.ComponentModel.DataAnnotations.StringLengthAttribute.FormatErrorMessage(String name)
   at System.Web.Mvc.DataAnnotationsModelValidator.get_ErrorMessage()
   at System.Web.Mvc.StringLengthAttributeAdapter.GetClientValidationRules()
   at System.Web.Mvc.HtmlHelper.<.ctor>b__1(ModelValidator v)
   at System.Linq.Enumerable.<SelectManyIterator>d__14`2.MoveNext()
   at System.Web.Mvc.UnobtrusiveValidationAttributesGenerator.GetValidationAttributes(IEnumerable`1 clientRules, IDictionary`2 results)
   at System.Web.Mvc.HtmlHelper.GetUnobtrusiveValidationAttributes(String name, ModelMetadata metadata)
   at System.Web.Mvc.Html.InputExtensions.InputHelper(HtmlHelper htmlHelper, InputType inputType, ModelMetadata metadata, String name, Object value, Boolean useViewData, Boolean isChecked, Boolean setId, Boolean isExplicitValue, String format, IDictionary`2 htmlAttributes)
   at System.Web.Mvc.Html.InputExtensions.TextBoxFor[TModel,TProperty](HtmlHelper`1 htmlHelper, Expression`1 expression, String format, IDictionary`2 htmlAttributes)
   at System.Web.Mvc.Html.InputExtensions.TextBoxFor[TModel,TProperty](HtmlHelper`1 htmlHelper, Expression`1 expression, String format, Object htmlAttributes)
   at System.Web.Mvc.Html.InputExtensions.TextBoxFor[TModel,TProperty](HtmlHelper`1 htmlHelper, Expression`1 expression, Object htmlAttributes)
   at ASP._Page_Views_Payment__VisaPartial_cshtml.Execute() in c:\Users\Ivan_Yurchenko1\Documents\Visual Studio 2013\Projects\MVCTask\GameStore\GameStore.WebUI\Views\Payment\_VisaPartial.cshtml:line 76
   at System.Web.WebPages.WebPageBase.ExecutePageHierarchy()
   at System.Web.Mvc.WebViewPage.ExecutePageHierarchy()
   at System.Web.WebPages.WebPageBase.ExecutePageHierarchy(WebPageContext pageContext, TextWriter writer, WebPageRenderingBase startPage)
   at System.Web.Mvc.RazorView.RenderView(ViewContext viewContext, TextWriter writer, Object instance)
   at System.Web.Mvc.BuildManagerCompiledView.Render(ViewContext viewContext, TextWriter writer)
   at System.Web.Mvc.HtmlHelper.RenderPartialInternal(String partialViewName, ViewDataDictionary viewData, Object model, TextWriter writer, ViewEngineCollection viewEngineCollection)
   at System.Web.Mvc.Html.PartialExtensions.Partial(HtmlHelper htmlHelper, String partialViewName, Object model, ViewDataDictionary viewData)
   at System.Web.Mvc.Html.PartialExtensions.Partial(HtmlHelper htmlHelper, String partialViewName)
   at ASP._Page_Views_Payment_Get_cshtml.Execute() in c:\Users\Ivan_Yurchenko1\Documents\Visual Studio 2013\Projects\MVCTask\GameStore\GameStore.WebUI\Views\Payment\Get.cshtml:line 16
   at System.Web.WebPages.WebPageBase.ExecutePageHierarchy()
   at System.Web.Mvc.WebViewPage.ExecutePageHierarchy()
   at System.Web.WebPages.StartPage.RunPage()
   at System.Web.WebPages.StartPage.ExecutePageHierarchy()
   at System.Web.WebPages.WebPageBase.ExecutePageHierarchy(WebPageContext pageContext, TextWriter writer, WebPageRenderingBase startPage)
   at System.Web.Mvc.RazorView.RenderView(ViewContext viewContext, TextWriter writer, Object instance)
   at System.Web.Mvc.BuildManagerCompiledView.Render(ViewContext viewContext, TextWriter writer)
   at System.Web.Mvc.ViewResultBase.ExecuteResult(ControllerContext context)
   at System.Web.Mvc.ControllerActionInvoker.InvokeActionResult(ControllerContext controllerContext, ActionResult actionResult)
   at System.Web.Mvc.ControllerActionInvoker.<>c__DisplayClass1a.<InvokeActionResultWithFilters>b__17()
   at System.Web.Mvc.ControllerActionInvoker.InvokeActionResultFilter(IResultFilter filter, ResultExecutingContext preContext, Func`1 continuation)
   at System.Web.Mvc.ControllerActionInvoker.<>c__DisplayClass1a.<>c__DisplayClass1c.<InvokeActionResultWithFilters>b__19()
   at System.Web.Mvc.ControllerActionInvoker.InvokeActionResultFilter(IResultFilter filter, ResultExecutingContext preContext, Func`1 continuation)
   at System.Web.Mvc.ControllerActionInvoker.<>c__DisplayClass1a.<>c__DisplayClass1c.<InvokeActionResultWithFilters>b__19()
   at System.Web.Mvc.ControllerActionInvoker.InvokeActionResultFilter(IResultFilter filter, ResultExecutingContext preContext, Func`1 continuation)
   at System.Web.Mvc.ControllerActionInvoker.<>c__DisplayClass1a.<>c__DisplayClass1c.<InvokeActionResultWithFilters>b__19()
   at System.Web.Mvc.ControllerActionInvoker.InvokeActionResultWithFilters(ControllerContext controllerContext, IList`1 filters, ActionResult actionResult)
   at System.Web.Mvc.Async.AsyncControllerActionInvoker.<>c__DisplayClass25.<>c__DisplayClass2a.<BeginInvokeAction>b__20()
   at System.Web.Mvc.Async.AsyncControllerActionInvoker.<>c__DisplayClass25.<BeginInvokeAction>b__22(IAsyncResult asyncResult).

[22:13:16.0011] DEBUG 'Game':'Get'.
User IP: ::1. Execution time: 6 milliseconds.

[22:13:18.3677] DEBUG 'Order':'Get'.
User IP: ::1. Execution time: 1 milliseconds.

[22:13:30.2634] DEBUG 'Payment':'Get'.
User IP: ::1. Execution time: 5 milliseconds.

[22:13:42.2224] ERROR 'Payment':'Get'.
Exception: System.FormatException: Index (zero based) must be greater than or equal to zero and less than the size of the argument list.
   at System.Text.StringBuilder.AppendFormat(IFormatProvider provider, String format, Object[] args)
   at System.String.Format(IFormatProvider provider, String format, Object[] args)
   at System.ComponentModel.DataAnnotations.StringLengthAttribute.FormatErrorMessage(String name)
   at System.Web.Mvc.DataAnnotationsModelValidator.get_ErrorMessage()
   at System.Web.Mvc.StringLengthAttributeAdapter.GetClientValidationRules()
   at System.Web.Mvc.HtmlHelper.<.ctor>b__1(ModelValidator v)
   at System.Linq.Enumerable.<SelectManyIterator>d__14`2.MoveNext()
   at System.Web.Mvc.UnobtrusiveValidationAttributesGenerator.GetValidationAttributes(IEnumerable`1 clientRules, IDictionary`2 results)
   at System.Web.Mvc.HtmlHelper.GetUnobtrusiveValidationAttributes(String name, ModelMetadata metadata)
   at System.Web.Mvc.Html.InputExtensions.InputHelper(HtmlHelper htmlHelper, InputType inputType, ModelMetadata metadata, String name, Object value, Boolean useViewData, Boolean isChecked, Boolean setId, Boolean isExplicitValue, String format, IDictionary`2 htmlAttributes)
   at System.Web.Mvc.Html.InputExtensions.TextBoxFor[TModel,TProperty](HtmlHelper`1 htmlHelper, Expression`1 expression, String format, IDictionary`2 htmlAttributes)
   at System.Web.Mvc.Html.InputExtensions.TextBoxFor[TModel,TProperty](HtmlHelper`1 htmlHelper, Expression`1 expression, String format, Object htmlAttributes)
   at System.Web.Mvc.Html.InputExtensions.TextBoxFor[TModel,TProperty](HtmlHelper`1 htmlHelper, Expression`1 expression, Object htmlAttributes)
   at ASP._Page_Views_Payment__VisaPartial_cshtml.Execute() in c:\Users\Ivan_Yurchenko1\Documents\Visual Studio 2013\Projects\MVCTask\GameStore\GameStore.WebUI\Views\Payment\_VisaPartial.cshtml:line 28
   at System.Web.WebPages.WebPageBase.ExecutePageHierarchy()
   at System.Web.Mvc.WebViewPage.ExecutePageHierarchy()
   at System.Web.WebPages.WebPageBase.ExecutePageHierarchy(WebPageContext pageContext, TextWriter writer, WebPageRenderingBase startPage)
   at System.Web.Mvc.RazorView.RenderView(ViewContext viewContext, TextWriter writer, Object instance)
   at System.Web.Mvc.BuildManagerCompiledView.Render(ViewContext viewContext, TextWriter writer)
   at System.Web.Mvc.HtmlHelper.RenderPartialInternal(String partialViewName, ViewDataDictionary viewData, Object model, TextWriter writer, ViewEngineCollection viewEngineCollection)
   at System.Web.Mvc.Html.PartialExtensions.Partial(HtmlHelper htmlHelper, String partialViewName, Object model, ViewDataDictionary viewData)
   at System.Web.Mvc.Html.PartialExtensions.Partial(HtmlHelper htmlHelper, String partialViewName)
   at ASP._Page_Views_Payment_Get_cshtml.Execute() in c:\Users\Ivan_Yurchenko1\Documents\Visual Studio 2013\Projects\MVCTask\GameStore\GameStore.WebUI\Views\Payment\Get.cshtml:line 16
   at System.Web.WebPages.WebPageBase.ExecutePageHierarchy()
   at System.Web.Mvc.WebViewPage.ExecutePageHierarchy()
   at System.Web.WebPages.StartPage.RunPage()
   at System.Web.WebPages.StartPage.ExecutePageHierarchy()
   at System.Web.WebPages.WebPageBase.ExecutePageHierarchy(WebPageContext pageContext, TextWriter writer, WebPageRenderingBase startPage)
   at System.Web.Mvc.RazorView.RenderView(ViewContext viewContext, TextWriter writer, Object instance)
   at System.Web.Mvc.BuildManagerCompiledView.Render(ViewContext viewContext, TextWriter writer)
   at System.Web.Mvc.ViewResultBase.ExecuteResult(ControllerContext context)
   at System.Web.Mvc.ControllerActionInvoker.InvokeActionResult(ControllerContext controllerContext, ActionResult actionResult)
   at System.Web.Mvc.ControllerActionInvoker.<>c__DisplayClass1a.<InvokeActionResultWithFilters>b__17()
   at System.Web.Mvc.ControllerActionInvoker.InvokeActionResultFilter(IResultFilter filter, ResultExecutingContext preContext, Func`1 continuation)
   at System.Web.Mvc.ControllerActionInvoker.<>c__DisplayClass1a.<>c__DisplayClass1c.<InvokeActionResultWithFilters>b__19()
   at System.Web.Mvc.ControllerActionInvoker.InvokeActionResultFilter(IResultFilter filter, ResultExecutingContext preContext, Func`1 continuation)
   at System.Web.Mvc.ControllerActionInvoker.<>c__DisplayClass1a.<>c__DisplayClass1c.<InvokeActionResultWithFilters>b__19()
   at System.Web.Mvc.ControllerActionInvoker.InvokeActionResultFilter(IResultFilter filter, ResultExecutingContext preContext, Func`1 continuation)
   at System.Web.Mvc.ControllerActionInvoker.<>c__DisplayClass1a.<>c__DisplayClass1c.<InvokeActionResultWithFilters>b__19()
   at System.Web.Mvc.ControllerActionInvoker.InvokeActionResultWithFilters(ControllerContext controllerContext, IList`1 filters, ActionResult actionResult)
   at System.Web.Mvc.Async.AsyncControllerActionInvoker.<>c__DisplayClass25.<>c__DisplayClass2a.<BeginInvokeAction>b__20()
   at System.Web.Mvc.Async.AsyncControllerActionInvoker.<>c__DisplayClass25.<BeginInvokeAction>b__22(IAsyncResult asyncResult).

[22:13:42.3324] DEBUG 'Game':'Get'.
User IP: ::1. Execution time: 8 milliseconds.

[22:14:02.2911] DEBUG 'Order':'Get'.
User IP: ::1. Execution time: 2 milliseconds.

[22:14:03.1312] DEBUG 'Payment':'Get'.
User IP: ::1. Execution time: 5 milliseconds.

[22:14:34.1909] DEBUG 'Payment':'Get'.
User IP: ::1. Execution time: 165 milliseconds.

[22:15:50.4949] DEBUG 'Payment':'Get'.
User IP: ::1. Execution time: 3566 milliseconds.

[22:15:50.5169] ERROR 'Payment':'Get'.
Exception: System.InvalidOperationException: Sequence contains no elements
   at System.Linq.Enumerable.First[TSource](IEnumerable`1 source)
   at GameStore.BLL.Services.PaymentService.CreatePaymentModel(String sessionKey, PaymentType paymentType, PaymentInfoModel paymentInfoModel) in c:\Users\Ivan_Yurchenko1\Documents\Visual Studio 2013\Projects\MVCTask\GameStore\GameStore.BLL\Services\PaymentService.cs:line 34
   at GameStore.WebUI.Controllers.PaymentController.MakePayment(PaymentViewModel paymentViewModel) in c:\Users\Ivan_Yurchenko1\Documents\Visual Studio 2013\Projects\MVCTask\GameStore\GameStore.WebUI\Controllers\PaymentController.cs:line 141
   at lambda_method(Closure , ControllerBase , Object[] )
   at System.Web.Mvc.ActionMethodDispatcher.Execute(ControllerBase controller, Object[] parameters)
   at System.Web.Mvc.ReflectedActionDescriptor.Execute(ControllerContext controllerContext, IDictionary`2 parameters)
   at System.Web.Mvc.ControllerActionInvoker.InvokeActionMethod(ControllerContext controllerContext, ActionDescriptor actionDescriptor, IDictionary`2 parameters)
   at System.Web.Mvc.Async.AsyncControllerActionInvoker.<>c__DisplayClass42.<BeginInvokeSynchronousActionMethod>b__41()
   at System.Web.Mvc.Async.AsyncResultWrapper.<>c__DisplayClass8`1.<BeginSynchronous>b__7(IAsyncResult _)
   at System.Web.Mvc.Async.AsyncResultWrapper.WrappedAsyncResult`1.End()
   at System.Web.Mvc.Async.AsyncControllerActionInvoker.EndInvokeActionMethod(IAsyncResult asyncResult)
   at System.Web.Mvc.Async.AsyncControllerActionInvoker.<>c__DisplayClass37.<>c__DisplayClass39.<BeginInvokeActionMethodWithFilters>b__33()
   at System.Web.Mvc.Async.AsyncControllerActionInvoker.<>c__DisplayClass4f.<InvokeActionMethodFilterAsynchronously>b__49()
   at System.Web.Mvc.Async.AsyncControllerActionInvoker.<>c__DisplayClass4f.<InvokeActionMethodFilterAsynchronously>b__49()
   at System.Web.Mvc.Async.AsyncControllerActionInvoker.<>c__DisplayClass4f.<InvokeActionMethodFilterAsynchronously>b__49()
   at System.Web.Mvc.Async.AsyncControllerActionInvoker.<>c__DisplayClass37.<BeginInvokeActionMethodWithFilters>b__36(IAsyncResult asyncResult)
   at System.Web.Mvc.Async.AsyncResultWrapper.WrappedAsyncResult`1.End()
   at System.Web.Mvc.Async.AsyncControllerActionInvoker.EndInvokeActionMethodWithFilters(IAsyncResult asyncResult)
   at System.Web.Mvc.Async.AsyncControllerActionInvoker.<>c__DisplayClass25.<>c__DisplayClass2a.<BeginInvokeAction>b__20()
   at System.Web.Mvc.Async.AsyncControllerActionInvoker.<>c__DisplayClass25.<BeginInvokeAction>b__22(IAsyncResult asyncResult).

[22:15:50.5379] DEBUG 'Game':'Get'.
User IP: ::1. Execution time: 8 milliseconds.

[22:15:52.4796] DEBUG 'Order':'Get'.
User IP: ::1. Execution time: 1 milliseconds.

[22:15:54.2386] DEBUG 'Game':'Get'.
User IP: ::1. Execution time: 6 milliseconds.

[22:15:54.9746] DEBUG 'Basket':'Add'.
User IP: ::1. Execution time: 55 milliseconds.

[22:15:54.9746] DEBUG 'Basket':'Get'.
User IP: ::1. Execution time: 1 milliseconds.

[22:15:55.6083] DEBUG 'Order':'Get'.
User IP: ::1. Execution time: 0 milliseconds.

[22:15:56.7282] DEBUG 'Basket':'Get'.
User IP: ::1. Execution time: 1 milliseconds.

[22:15:57.3042] DEBUG 'Order':'New'.
User IP: ::1. Execution time: 17 milliseconds.

[22:15:57.3042] DEBUG 'Order':'Get'.
User IP: ::1. Execution time: 1 milliseconds.

[22:15:57.9284] DEBUG 'Order':'Get'.
User IP: ::1. Execution time: 1 milliseconds.

[22:15:58.5509] DEBUG 'Payment':'Get'.
User IP: ::1. Execution time: 5 milliseconds.

[22:16:41.0057] ERROR 'Payment':'Get'.
Exception: System.FormatException: Index (zero based) must be greater than or equal to zero and less than the size of the argument list.
   at System.Text.StringBuilder.AppendFormat(IFormatProvider provider, String format, Object[] args)
   at System.String.Format(IFormatProvider provider, String format, Object[] args)
   at System.ComponentModel.DataAnnotations.StringLengthAttribute.FormatErrorMessage(String name)
   at System.Web.Mvc.DataAnnotationsModelValidator.get_ErrorMessage()
   at System.Web.Mvc.StringLengthAttributeAdapter.GetClientValidationRules()
   at System.Web.Mvc.HtmlHelper.<.ctor>b__1(ModelValidator v)
   at System.Linq.Enumerable.<SelectManyIterator>d__14`2.MoveNext()
   at System.Web.Mvc.UnobtrusiveValidationAttributesGenerator.GetValidationAttributes(IEnumerable`1 clientRules, IDictionary`2 results)
   at System.Web.Mvc.HtmlHelper.GetUnobtrusiveValidationAttributes(String name, ModelMetadata metadata)
   at System.Web.Mvc.Html.InputExtensions.InputHelper(HtmlHelper htmlHelper, InputType inputType, ModelMetadata metadata, String name, Object value, Boolean useViewData, Boolean isChecked, Boolean setId, Boolean isExplicitValue, String format, IDictionary`2 htmlAttributes)
   at System.Web.Mvc.Html.InputExtensions.TextBoxFor[TModel,TProperty](HtmlHelper`1 htmlHelper, Expression`1 expression, String format, IDictionary`2 htmlAttributes)
   at System.Web.Mvc.Html.InputExtensions.TextBoxFor[TModel,TProperty](HtmlHelper`1 htmlHelper, Expression`1 expression, String format, Object htmlAttributes)
   at System.Web.Mvc.Html.InputExtensions.TextBoxFor[TModel,TProperty](HtmlHelper`1 htmlHelper, Expression`1 expression, Object htmlAttributes)
   at ASP._Page_Views_Payment__VisaPartial_cshtml.Execute() in c:\Users\Ivan_Yurchenko1\Documents\Visual Studio 2013\Projects\MVCTask\GameStore\GameStore.WebUI\Views\Payment\_VisaPartial.cshtml:line 28
   at System.Web.WebPages.WebPageBase.ExecutePageHierarchy()
   at System.Web.Mvc.WebViewPage.ExecutePageHierarchy()
   at System.Web.WebPages.WebPageBase.ExecutePageHierarchy(WebPageContext pageContext, TextWriter writer, WebPageRenderingBase startPage)
   at System.Web.Mvc.RazorView.RenderView(ViewContext viewContext, TextWriter writer, Object instance)
   at System.Web.Mvc.BuildManagerCompiledView.Render(ViewContext viewContext, TextWriter writer)
   at System.Web.Mvc.HtmlHelper.RenderPartialInternal(String partialViewName, ViewDataDictionary viewData, Object model, TextWriter writer, ViewEngineCollection viewEngineCollection)
   at System.Web.Mvc.Html.PartialExtensions.Partial(HtmlHelper htmlHelper, String partialViewName, Object model, ViewDataDictionary viewData)
   at System.Web.Mvc.Html.PartialExtensions.Partial(HtmlHelper htmlHelper, String partialViewName)
   at ASP._Page_Views_Payment_Get_cshtml.Execute() in c:\Users\Ivan_Yurchenko1\Documents\Visual Studio 2013\Projects\MVCTask\GameStore\GameStore.WebUI\Views\Payment\Get.cshtml:line 16
   at System.Web.WebPages.WebPageBase.ExecutePageHierarchy()
   at System.Web.Mvc.WebViewPage.ExecutePageHierarchy()
   at System.Web.WebPages.StartPage.RunPage()
   at System.Web.WebPages.StartPage.ExecutePageHierarchy()
   at System.Web.WebPages.WebPageBase.ExecutePageHierarchy(WebPageContext pageContext, TextWriter writer, WebPageRenderingBase startPage)
   at System.Web.Mvc.RazorView.RenderView(ViewContext viewContext, TextWriter writer, Object instance)
   at System.Web.Mvc.BuildManagerCompiledView.Render(ViewContext viewContext, TextWriter writer)
   at System.Web.Mvc.ViewResultBase.ExecuteResult(ControllerContext context)
   at System.Web.Mvc.ControllerActionInvoker.InvokeActionResult(ControllerContext controllerContext, ActionResult actionResult)
   at System.Web.Mvc.ControllerActionInvoker.<>c__DisplayClass1a.<InvokeActionResultWithFilters>b__17()
   at System.Web.Mvc.ControllerActionInvoker.InvokeActionResultFilter(IResultFilter filter, ResultExecutingContext preContext, Func`1 continuation)
   at System.Web.Mvc.ControllerActionInvoker.<>c__DisplayClass1a.<>c__DisplayClass1c.<InvokeActionResultWithFilters>b__19()
   at System.Web.Mvc.ControllerActionInvoker.InvokeActionResultFilter(IResultFilter filter, ResultExecutingContext preContext, Func`1 continuation)
   at System.Web.Mvc.ControllerActionInvoker.<>c__DisplayClass1a.<>c__DisplayClass1c.<InvokeActionResultWithFilters>b__19()
   at System.Web.Mvc.ControllerActionInvoker.InvokeActionResultFilter(IResultFilter filter, ResultExecutingContext preContext, Func`1 continuation)
   at System.Web.Mvc.ControllerActionInvoker.<>c__DisplayClass1a.<>c__DisplayClass1c.<InvokeActionResultWithFilters>b__19()
   at System.Web.Mvc.ControllerActionInvoker.InvokeActionResultWithFilters(ControllerContext controllerContext, IList`1 filters, ActionResult actionResult)
   at System.Web.Mvc.Async.AsyncControllerActionInvoker.<>c__DisplayClass25.<>c__DisplayClass2a.<BeginInvokeAction>b__20()
   at System.Web.Mvc.Async.AsyncControllerActionInvoker.<>c__DisplayClass25.<BeginInvokeAction>b__22(IAsyncResult asyncResult).

[22:16:41.0325] DEBUG 'Game':'Get'.
User IP: ::1. Execution time: 5 milliseconds.

[22:16:42.9134] DEBUG 'Order':'Get'.
User IP: ::1. Execution time: 1 milliseconds.

[22:16:43.7122] DEBUG 'Payment':'Get'.
User IP: ::1. Execution time: 5 milliseconds.

[22:19:27.7137] ERROR 'Payment':'Get'.
Exception: System.FormatException: Index (zero based) must be greater than or equal to zero and less than the size of the argument list.
   at System.Text.StringBuilder.AppendFormat(IFormatProvider provider, String format, Object[] args)
   at System.String.Format(IFormatProvider provider, String format, Object[] args)
   at System.ComponentModel.DataAnnotations.StringLengthAttribute.FormatErrorMessage(String name)
   at System.Web.Mvc.DataAnnotationsModelValidator.get_ErrorMessage()
   at System.Web.Mvc.StringLengthAttributeAdapter.GetClientValidationRules()
   at System.Web.Mvc.HtmlHelper.<.ctor>b__1(ModelValidator v)
   at System.Linq.Enumerable.<SelectManyIterator>d__14`2.MoveNext()
   at System.Web.Mvc.UnobtrusiveValidationAttributesGenerator.GetValidationAttributes(IEnumerable`1 clientRules, IDictionary`2 results)
   at System.Web.Mvc.HtmlHelper.GetUnobtrusiveValidationAttributes(String name, ModelMetadata metadata)
   at System.Web.Mvc.Html.InputExtensions.InputHelper(HtmlHelper htmlHelper, InputType inputType, ModelMetadata metadata, String name, Object value, Boolean useViewData, Boolean isChecked, Boolean setId, Boolean isExplicitValue, String format, IDictionary`2 htmlAttributes)
   at System.Web.Mvc.Html.InputExtensions.TextBoxFor[TModel,TProperty](HtmlHelper`1 htmlHelper, Expression`1 expression, String format, IDictionary`2 htmlAttributes)
   at System.Web.Mvc.Html.InputExtensions.TextBoxFor[TModel,TProperty](HtmlHelper`1 htmlHelper, Expression`1 expression, String format, Object htmlAttributes)
   at System.Web.Mvc.Html.InputExtensions.TextBoxFor[TModel,TProperty](HtmlHelper`1 htmlHelper, Expression`1 expression, Object htmlAttributes)
   at ASP._Page_Views_Payment__VisaPartial_cshtml.Execute() in c:\Users\Ivan_Yurchenko1\Documents\Visual Studio 2013\Projects\MVCTask\GameStore\GameStore.WebUI\Views\Payment\_VisaPartial.cshtml:line 28
   at System.Web.WebPages.WebPageBase.ExecutePageHierarchy()
   at System.Web.Mvc.WebViewPage.ExecutePageHierarchy()
   at System.Web.WebPages.WebPageBase.ExecutePageHierarchy(WebPageContext pageContext, TextWriter writer, WebPageRenderingBase startPage)
   at System.Web.Mvc.RazorView.RenderView(ViewContext viewContext, TextWriter writer, Object instance)
   at System.Web.Mvc.BuildManagerCompiledView.Render(ViewContext viewContext, TextWriter writer)
   at System.Web.Mvc.HtmlHelper.RenderPartialInternal(String partialViewName, ViewDataDictionary viewData, Object model, TextWriter writer, ViewEngineCollection viewEngineCollection)
   at System.Web.Mvc.Html.PartialExtensions.Partial(HtmlHelper htmlHelper, String partialViewName, Object model, ViewDataDictionary viewData)
   at System.Web.Mvc.Html.PartialExtensions.Partial(HtmlHelper htmlHelper, String partialViewName)
   at ASP._Page_Views_Payment_Get_cshtml.Execute() in c:\Users\Ivan_Yurchenko1\Documents\Visual Studio 2013\Projects\MVCTask\GameStore\GameStore.WebUI\Views\Payment\Get.cshtml:line 16
   at System.Web.WebPages.WebPageBase.ExecutePageHierarchy()
   at System.Web.Mvc.WebViewPage.ExecutePageHierarchy()
   at System.Web.WebPages.StartPage.RunPage()
   at System.Web.WebPages.StartPage.ExecutePageHierarchy()
   at System.Web.WebPages.WebPageBase.ExecutePageHierarchy(WebPageContext pageContext, TextWriter writer, WebPageRenderingBase startPage)
   at System.Web.Mvc.RazorView.RenderView(ViewContext viewContext, TextWriter writer, Object instance)
   at System.Web.Mvc.BuildManagerCompiledView.Render(ViewContext viewContext, TextWriter writer)
   at System.Web.Mvc.ViewResultBase.ExecuteResult(ControllerContext context)
   at System.Web.Mvc.ControllerActionInvoker.InvokeActionResult(ControllerContext controllerContext, ActionResult actionResult)
   at System.Web.Mvc.ControllerActionInvoker.<>c__DisplayClass1a.<InvokeActionResultWithFilters>b__17()
   at System.Web.Mvc.ControllerActionInvoker.InvokeActionResultFilter(IResultFilter filter, ResultExecutingContext preContext, Func`1 continuation)
   at System.Web.Mvc.ControllerActionInvoker.<>c__DisplayClass1a.<>c__DisplayClass1c.<InvokeActionResultWithFilters>b__19()
   at System.Web.Mvc.ControllerActionInvoker.InvokeActionResultFilter(IResultFilter filter, ResultExecutingContext preContext, Func`1 continuation)
   at System.Web.Mvc.ControllerActionInvoker.<>c__DisplayClass1a.<>c__DisplayClass1c.<InvokeActionResultWithFilters>b__19()
   at System.Web.Mvc.ControllerActionInvoker.InvokeActionResultFilter(IResultFilter filter, ResultExecutingContext preContext, Func`1 continuation)
   at System.Web.Mvc.ControllerActionInvoker.<>c__DisplayClass1a.<>c__DisplayClass1c.<InvokeActionResultWithFilters>b__19()
   at System.Web.Mvc.ControllerActionInvoker.InvokeActionResultWithFilters(ControllerContext controllerContext, IList`1 filters, ActionResult actionResult)
   at System.Web.Mvc.Async.AsyncControllerActionInvoker.<>c__DisplayClass25.<>c__DisplayClass2a.<BeginInvokeAction>b__20()
   at System.Web.Mvc.Async.AsyncControllerActionInvoker.<>c__DisplayClass25.<BeginInvokeAction>b__22(IAsyncResult asyncResult).

[22:19:27.7448] DEBUG 'Game':'Get'.
User IP: ::1. Execution time: 7 milliseconds.

[22:19:31.6549] DEBUG 'Order':'Get'.
User IP: ::1. Execution time: 2 milliseconds.

[22:19:32.4591] DEBUG 'Payment':'Get'.
User IP: ::1. Execution time: 6 milliseconds.

[22:20:02.3892] ERROR 'Payment':'Get'.
Exception: System.FormatException: Index (zero based) must be greater than or equal to zero and less than the size of the argument list.
   at System.Text.StringBuilder.AppendFormat(IFormatProvider provider, String format, Object[] args)
   at System.String.Format(IFormatProvider provider, String format, Object[] args)
   at System.ComponentModel.DataAnnotations.StringLengthAttribute.FormatErrorMessage(String name)
   at System.Web.Mvc.DataAnnotationsModelValidator.get_ErrorMessage()
   at System.Web.Mvc.StringLengthAttributeAdapter.GetClientValidationRules()
   at System.Web.Mvc.HtmlHelper.<.ctor>b__1(ModelValidator v)
   at System.Linq.Enumerable.<SelectManyIterator>d__14`2.MoveNext()
   at System.Web.Mvc.UnobtrusiveValidationAttributesGenerator.GetValidationAttributes(IEnumerable`1 clientRules, IDictionary`2 results)
   at System.Web.Mvc.HtmlHelper.GetUnobtrusiveValidationAttributes(String name, ModelMetadata metadata)
   at System.Web.Mvc.Html.InputExtensions.InputHelper(HtmlHelper htmlHelper, InputType inputType, ModelMetadata metadata, String name, Object value, Boolean useViewData, Boolean isChecked, Boolean setId, Boolean isExplicitValue, String format, IDictionary`2 htmlAttributes)
   at System.Web.Mvc.Html.InputExtensions.TextBoxFor[TModel,TProperty](HtmlHelper`1 htmlHelper, Expression`1 expression, String format, IDictionary`2 htmlAttributes)
   at System.Web.Mvc.Html.InputExtensions.TextBoxFor[TModel,TProperty](HtmlHelper`1 htmlHelper, Expression`1 expression, String format, Object htmlAttributes)
   at System.Web.Mvc.Html.InputExtensions.TextBoxFor[TModel,TProperty](HtmlHelper`1 htmlHelper, Expression`1 expression, Object htmlAttributes)
   at ASP._Page_Views_Payment__VisaPartial_cshtml.Execute() in c:\Users\Ivan_Yurchenko1\Documents\Visual Studio 2013\Projects\MVCTask\GameStore\GameStore.WebUI\Views\Payment\_VisaPartial.cshtml:line 29
   at System.Web.WebPages.WebPageBase.ExecutePageHierarchy()
   at System.Web.Mvc.WebViewPage.ExecutePageHierarchy()
   at System.Web.WebPages.WebPageBase.ExecutePageHierarchy(WebPageContext pageContext, TextWriter writer, WebPageRenderingBase startPage)
   at System.Web.Mvc.RazorView.RenderView(ViewContext viewContext, TextWriter writer, Object instance)
   at System.Web.Mvc.BuildManagerCompiledView.Render(ViewContext viewContext, TextWriter writer)
   at System.Web.Mvc.HtmlHelper.RenderPartialInternal(String partialViewName, ViewDataDictionary viewData, Object model, TextWriter writer, ViewEngineCollection viewEngineCollection)
   at System.Web.Mvc.Html.PartialExtensions.Partial(HtmlHelper htmlHelper, String partialViewName, Object model, ViewDataDictionary viewData)
   at System.Web.Mvc.Html.PartialExtensions.Partial(HtmlHelper htmlHelper, String partialViewName)
   at ASP._Page_Views_Payment_Get_cshtml.Execute() in c:\Users\Ivan_Yurchenko1\Documents\Visual Studio 2013\Projects\MVCTask\GameStore\GameStore.WebUI\Views\Payment\Get.cshtml:line 16
   at System.Web.WebPages.WebPageBase.ExecutePageHierarchy()
   at System.Web.Mvc.WebViewPage.ExecutePageHierarchy()
   at System.Web.WebPages.StartPage.RunPage()
   at System.Web.WebPages.StartPage.ExecutePageHierarchy()
   at System.Web.WebPages.WebPageBase.ExecutePageHierarchy(WebPageContext pageContext, TextWriter writer, WebPageRenderingBase startPage)
   at System.Web.Mvc.RazorView.RenderView(ViewContext viewContext, TextWriter writer, Object instance)
   at System.Web.Mvc.BuildManagerCompiledView.Render(ViewContext viewContext, TextWriter writer)
   at System.Web.Mvc.ViewResultBase.ExecuteResult(ControllerContext context)
   at System.Web.Mvc.ControllerActionInvoker.InvokeActionResult(ControllerContext controllerContext, ActionResult actionResult)
   at System.Web.Mvc.ControllerActionInvoker.<>c__DisplayClass1a.<InvokeActionResultWithFilters>b__17()
   at System.Web.Mvc.ControllerActionInvoker.InvokeActionResultFilter(IResultFilter filter, ResultExecutingContext preContext, Func`1 continuation)
   at System.Web.Mvc.ControllerActionInvoker.<>c__DisplayClass1a.<>c__DisplayClass1c.<InvokeActionResultWithFilters>b__19()
   at System.Web.Mvc.ControllerActionInvoker.InvokeActionResultFilter(IResultFilter filter, ResultExecutingContext preContext, Func`1 continuation)
   at System.Web.Mvc.ControllerActionInvoker.<>c__DisplayClass1a.<>c__DisplayClass1c.<InvokeActionResultWithFilters>b__19()
   at System.Web.Mvc.ControllerActionInvoker.InvokeActionResultFilter(IResultFilter filter, ResultExecutingContext preContext, Func`1 continuation)
   at System.Web.Mvc.ControllerActionInvoker.<>c__DisplayClass1a.<>c__DisplayClass1c.<InvokeActionResultWithFilters>b__19()
   at System.Web.Mvc.ControllerActionInvoker.InvokeActionResultWithFilters(ControllerContext controllerContext, IList`1 filters, ActionResult actionResult)
   at System.Web.Mvc.Async.AsyncControllerActionInvoker.<>c__DisplayClass25.<>c__DisplayClass2a.<BeginInvokeAction>b__20()
   at System.Web.Mvc.Async.AsyncControllerActionInvoker.<>c__DisplayClass25.<BeginInvokeAction>b__22(IAsyncResult asyncResult).

[22:20:02.4062] DEBUG 'Game':'Get'.
User IP: ::1. Execution time: 4 milliseconds.

[22:20:41.1880] DEBUG 'Game':'Get'.
User IP: 127.0.0.1. Execution time: 355 milliseconds.

[22:20:42.8486] DEBUG 'Game':'Get'.
User IP: ::1. Execution time: 5951 milliseconds.

[22:20:46.1064] ERROR 'Game':'Get'.
Exception: System.NullReferenceException: Object reference not set to an instance of an object.
   at System.Data.SqlClient.SqlConnection.TryOpenInner(TaskCompletionSource`1 retry)
   at System.Data.SqlClient.SqlConnection.TryOpen(TaskCompletionSource`1 retry)
   at System.Data.SqlClient.SqlConnection.Open()
   at System.Data.EntityClient.EntityConnection.OpenStoreConnectionIf(Boolean openCondition, DbConnection storeConnectionToOpen, DbConnection originalConnection, String exceptionCode, String attemptedOperation, Boolean& closeStoreConnectionOnFailure)
   at System.Data.EntityClient.EntityConnection.Open()
   at System.Data.Objects.ObjectContext.EnsureConnection()
   at System.Data.Objects.ObjectQuery`1.GetResults(Nullable`1 forMergeOption)
   at System.Data.Objects.ObjectQuery`1.System.Collections.Generic.IEnumerable<T>.GetEnumerator()
   at System.Linq.Enumerable.Single[TSource](IEnumerable`1 source)
   at System.Data.Objects.ELinq.ObjectQueryProvider.<GetElementFunction>b__3[TResult](IEnumerable`1 sequence)
   at System.Data.Objects.ELinq.ObjectQueryProvider.ExecuteSingle[TResult](IEnumerable`1 query, Expression queryRoot)
   at System.Data.Objects.ELinq.ObjectQueryProvider.System.Linq.IQueryProvider.Execute[S](Expression expression)
   at System.Data.Entity.Internal.Linq.DbQueryProvider.Execute[TResult](Expression expression)
   at System.Linq.Queryable.Count[TSource](IQueryable`1 source)
   at GameStore.DAL.Repositories.GenericRepository`1.GetCount(Func`2 filterCondition) in c:\Users\Ivan_Yurchenko1\Documents\Visual Studio 2013\Projects\MVCTask\GameStore\GameStore.DAL\Repositories\GenericRepository.cs:line 107
   at GameStore.BLL.Services.GameService.GetGamesCount(Func`2 filterCondition) in c:\Users\Ivan_Yurchenko1\Documents\Visual Studio 2013\Projects\MVCTask\GameStore\GameStore.BLL\Services\GameService.cs:line 188
   at GameStore.WebUI.Helpers.Layout.LayoutHelper.GetGamesCount() in c:\Users\Ivan_Yurchenko1\Documents\Visual Studio 2013\Projects\MVCTask\GameStore\GameStore.WebUI\Helpers\Layout\LayoutHelper.cs:line 21
   at ASP._Page_Views_Shared__BootstrapLayout_basic_cshtml.Execute() in c:\Users\Ivan_Yurchenko1\Documents\Visual Studio 2013\Projects\MVCTask\GameStore\GameStore.WebUI\Views\Shared\_BootstrapLayout.basic.cshtml:line 31
   at System.Web.WebPages.WebPageBase.ExecutePageHierarchy()
   at System.Web.Mvc.WebViewPage.ExecutePageHierarchy()
   at System.Web.WebPages.WebPageBase.ExecutePageHierarchy(WebPageContext pageContext, TextWriter writer, WebPageRenderingBase startPage)
   at System.Web.WebPages.WebPageBase.<>c__DisplayClass7.<RenderPageCore>b__6(TextWriter writer)
   at System.Web.WebPages.HelperResult.WriteTo(TextWriter writer)
   at System.Web.WebPages.WebPageBase.Write(HelperResult result)
   at System.Web.WebPages.WebPageBase.RenderSurrounding(String partialViewName, Action`1 body)
   at System.Web.WebPages.WebPageBase.PopContext()
   at System.Web.WebPages.WebPageBase.ExecutePageHierarchy(WebPageContext pageContext, TextWriter writer, WebPageRenderingBase startPage)
   at System.Web.Mvc.RazorView.RenderView(ViewContext viewContext, TextWriter writer, Object instance)
   at System.Web.Mvc.BuildManagerCompiledView.Render(ViewContext viewContext, TextWriter writer)
   at System.Web.Mvc.ViewResultBase.ExecuteResult(ControllerContext context)
   at System.Web.Mvc.ControllerActionInvoker.InvokeActionResult(ControllerContext controllerContext, ActionResult actionResult)
   at System.Web.Mvc.ControllerActionInvoker.<>c__DisplayClass1a.<InvokeActionResultWithFilters>b__17()
   at System.Web.Mvc.ControllerActionInvoker.InvokeActionResultFilter(IResultFilter filter, ResultExecutingContext preContext, Func`1 continuation)
   at System.Web.Mvc.ControllerActionInvoker.<>c__DisplayClass1a.<>c__DisplayClass1c.<InvokeActionResultWithFilters>b__19()
   at System.Web.Mvc.ControllerActionInvoker.InvokeActionResultFilter(IResultFilter filter, ResultExecutingContext preContext, Func`1 continuation)
   at System.Web.Mvc.ControllerActionInvoker.<>c__DisplayClass1a.<>c__DisplayClass1c.<InvokeActionResultWithFilters>b__19()
   at System.Web.Mvc.ControllerActionInvoker.InvokeActionResultFilter(IResultFilter filter, ResultExecutingContext preContext, Func`1 continuation)
   at System.Web.Mvc.ControllerActionInvoker.<>c__DisplayClass1a.<>c__DisplayClass1c.<InvokeActionResultWithFilters>b__19()
   at System.Web.Mvc.ControllerActionInvoker.InvokeActionResultWithFilters(ControllerContext controllerContext, IList`1 filters, ActionResult actionResult)
   at System.Web.Mvc.Async.AsyncControllerActionInvoker.<>c__DisplayClass25.<>c__DisplayClass2a.<BeginInvokeAction>b__20()
   at System.Web.Mvc.Async.AsyncControllerActionInvoker.<>c__DisplayClass25.<BeginInvokeAction>b__22(IAsyncResult asyncResult).

[22:20:46.1535] DEBUG 'Game':'Get'.
User IP: 127.0.0.1. Execution time: 5 milliseconds.

[22:20:49.8309] DEBUG 'Order':'Get'.
User IP: 127.0.0.1. Execution time: 17 milliseconds.

[22:20:53.5674] DEBUG 'Game':'Get'.
User IP: 127.0.0.1. Execution time: 4 milliseconds.

[22:20:54.9756] DEBUG 'Basket':'Add'.
User IP: 127.0.0.1. Execution time: 195 milliseconds.

[22:20:54.9926] DEBUG 'Basket':'Get'.
User IP: 127.0.0.1. Execution time: 4 milliseconds.

[22:20:56.7785] DEBUG 'Order':'New'.
User IP: 127.0.0.1. Execution time: 169 milliseconds.

[22:20:56.7895] DEBUG 'Order':'Get'.
User IP: 127.0.0.1. Execution time: 4 milliseconds.

[22:20:57.8444] DEBUG 'Payment':'Get'.
User IP: 127.0.0.1. Execution time: 78 milliseconds.

[22:24:28.4017] DEBUG 'Game':'Get'.
User IP: ::1. Execution time: 4361 milliseconds.

[22:24:36.2421] DEBUG 'Basket':'Add'.
User IP: ::1. Execution time: 41 milliseconds.

[22:24:36.2431] DEBUG 'Basket':'Get'.
User IP: ::1. Execution time: 4 milliseconds.

[22:24:38.0271] DEBUG 'Order':'New'.
User IP: ::1. Execution time: 54 milliseconds.

[22:24:38.0271] DEBUG 'Order':'Get'.
User IP: ::1. Execution time: 4 milliseconds.

[22:24:39.6224] DEBUG 'Payment':'Get'.
User IP: ::1. Execution time: 87 milliseconds.

[22:24:58.4547] DEBUG 'Payment':'Get'.
User IP: ::1. Execution time: 131 milliseconds.

[22:27:29.4704] DEBUG 'Payment':'Get'.
User IP: ::1. Execution time: 5379 milliseconds.

[22:27:29.4885] ERROR 'Payment':'Get'.
Exception: System.InvalidOperationException: Sequence contains no elements
   at System.Linq.Enumerable.First[TSource](IEnumerable`1 source)
   at GameStore.BLL.Services.PaymentService.CreatePaymentModel(String sessionKey, PaymentType paymentType, PaymentInfoModel paymentInfoModel) in c:\Users\Ivan_Yurchenko1\Documents\Visual Studio 2013\Projects\MVCTask\GameStore\GameStore.BLL\Services\PaymentService.cs:line 34
   at GameStore.WebUI.Controllers.PaymentController.MakePayment(PaymentViewModel paymentViewModel) in c:\Users\Ivan_Yurchenko1\Documents\Visual Studio 2013\Projects\MVCTask\GameStore\GameStore.WebUI\Controllers\PaymentController.cs:line 141
   at lambda_method(Closure , ControllerBase , Object[] )
   at System.Web.Mvc.ActionMethodDispatcher.Execute(ControllerBase controller, Object[] parameters)
   at System.Web.Mvc.ReflectedActionDescriptor.Execute(ControllerContext controllerContext, IDictionary`2 parameters)
   at System.Web.Mvc.ControllerActionInvoker.InvokeActionMethod(ControllerContext controllerContext, ActionDescriptor actionDescriptor, IDictionary`2 parameters)
   at System.Web.Mvc.Async.AsyncControllerActionInvoker.<>c__DisplayClass42.<BeginInvokeSynchronousActionMethod>b__41()
   at System.Web.Mvc.Async.AsyncResultWrapper.<>c__DisplayClass8`1.<BeginSynchronous>b__7(IAsyncResult _)
   at System.Web.Mvc.Async.AsyncResultWrapper.WrappedAsyncResult`1.End()
   at System.Web.Mvc.Async.AsyncControllerActionInvoker.EndInvokeActionMethod(IAsyncResult asyncResult)
   at System.Web.Mvc.Async.AsyncControllerActionInvoker.<>c__DisplayClass37.<>c__DisplayClass39.<BeginInvokeActionMethodWithFilters>b__33()
   at System.Web.Mvc.Async.AsyncControllerActionInvoker.<>c__DisplayClass4f.<InvokeActionMethodFilterAsynchronously>b__49()
   at System.Web.Mvc.Async.AsyncControllerActionInvoker.<>c__DisplayClass4f.<InvokeActionMethodFilterAsynchronously>b__49()
   at System.Web.Mvc.Async.AsyncControllerActionInvoker.<>c__DisplayClass4f.<InvokeActionMethodFilterAsynchronously>b__49()
   at System.Web.Mvc.Async.AsyncControllerActionInvoker.<>c__DisplayClass37.<BeginInvokeActionMethodWithFilters>b__36(IAsyncResult asyncResult)
   at System.Web.Mvc.Async.AsyncResultWrapper.WrappedAsyncResult`1.End()
   at System.Web.Mvc.Async.AsyncControllerActionInvoker.EndInvokeActionMethodWithFilters(IAsyncResult asyncResult)
   at System.Web.Mvc.Async.AsyncControllerActionInvoker.<>c__DisplayClass25.<>c__DisplayClass2a.<BeginInvokeAction>b__20()
   at System.Web.Mvc.Async.AsyncControllerActionInvoker.<>c__DisplayClass25.<BeginInvokeAction>b__22(IAsyncResult asyncResult).

[22:27:29.5055] DEBUG 'Game':'Get'.
User IP: ::1. Execution time: 6 milliseconds.

[22:27:31.6306] DEBUG 'Order':'Get'.
User IP: ::1. Execution time: 0 milliseconds.

[22:27:33.9852] DEBUG 'Game':'Get'.
User IP: ::1. Execution time: 4 milliseconds.

[22:27:35.1172] DEBUG 'Basket':'Add'.
User IP: ::1. Execution time: 127 milliseconds.

[22:27:35.1272] DEBUG 'Basket':'Get'.
User IP: ::1. Execution time: 1 milliseconds.

[22:27:35.7904] DEBUG 'Order':'New'.
User IP: ::1. Execution time: 17 milliseconds.

[22:27:35.8004] DEBUG 'Order':'Get'.
User IP: ::1. Execution time: 1 milliseconds.

[22:27:36.4768] DEBUG 'Payment':'Get'.
User IP: ::1. Execution time: 15 milliseconds.

[22:27:53.6016] DEBUG 'Payment':'Get'.
User IP: ::1. Execution time: 56 milliseconds.

[22:27:53.6186] DEBUG 'Game':'Get'.
User IP: ::1. Execution time: 7 milliseconds.

