[12:34:41.0416] DEBUG 'Game':'Get'.
User IP: ::1. Execution time: 6713 milliseconds.

[12:34:58.5683] DEBUG 'Account':'Login'.
User IP: ::1. Execution time: 0 milliseconds.

[13:03:36.3332] DEBUG 'Account':'Register'.
User IP: ::1. Execution time: 1 milliseconds.

[13:05:03.0902] DEBUG 'Account':'Register'.
User IP: ::1. Execution time: 0 milliseconds.

[13:05:22.2557] DEBUG 'Account':'Register'.
User IP: ::1. Execution time: 0 milliseconds.

[13:05:53.3752] DEBUG 'Account':'Register'.
User IP: ::1. Execution time: 0 milliseconds.

[13:06:11.2626] DEBUG 'Account':'Register'.
User IP: ::1. Execution time: 0 milliseconds.

[13:06:29.7431] DEBUG 'Account':'Register'.
User IP: ::1. Execution time: 0 milliseconds.

[13:06:36.8939] DEBUG 'Account':'Register'.
User IP: ::1. Execution time: 0 milliseconds.

[13:06:50.8980] DEBUG 'Account':'Register'.
User IP: ::1. Execution time: 0 milliseconds.

[13:07:23.2947] DEBUG 'Account':'Register'.
User IP: ::1. Execution time: 0 milliseconds.

[13:07:25.5916] DEBUG 'Account':'Register'.
User IP: ::1. Execution time: 0 milliseconds.

[13:07:47.2645] DEBUG 'Account':'Register'.
User IP: ::1. Execution time: 0 milliseconds.

[13:08:10.2550] DEBUG 'Account':'Register'.
User IP: ::1. Execution time: 0 milliseconds.

[13:08:40.5262] DEBUG 'Account':'Register'.
User IP: ::1. Execution time: 0 milliseconds.

[13:08:49.1507] DEBUG 'Account':'Register'.
User IP: ::1. Execution time: 0 milliseconds.

[13:08:54.6534] DEBUG 'Account':'Register'.
User IP: ::1. Execution time: 0 milliseconds.

[13:09:20.5105] DEBUG 'Account':'Register'.
User IP: ::1. Execution time: 10 milliseconds.

[13:10:06.3024] DEBUG 'Account':'Register'.
User IP: ::1. Execution time: 0 milliseconds.

[13:10:16.4949] DEBUG 'Account':'Register'.
User IP: ::1. Execution time: 0 milliseconds.

[13:10:30.1733] DEBUG 'Account':'Register'.
User IP: ::1. Execution time: 0 milliseconds.

[13:10:59.9336] DEBUG 'Account':'Register'.
User IP: ::1. Execution time: 0 milliseconds.

[13:11:14.3332] DEBUG 'Account':'Register'.
User IP: ::1. Execution time: 0 milliseconds.

[13:11:19.6395] DEBUG 'Account':'Login'.
User IP: ::1. Execution time: 0 milliseconds.

[13:11:21.8864] DEBUG 'Account':'Register'.
User IP: ::1. Execution time: 0 milliseconds.

[13:11:23.4140] DEBUG 'Account':'Login'.
User IP: ::1. Execution time: 0 milliseconds.

[13:11:27.6933] DEBUG 'Account':'Register'.
User IP: ::1. Execution time: 0 milliseconds.

[13:11:52.9572] DEBUG 'Account':'Register'.
User IP: ::1. Execution time: 0 milliseconds.

[13:12:05.2470] DEBUG 'Account':'Register'.
User IP: ::1. Execution time: 0 milliseconds.

[13:12:18.7510] DEBUG 'Account':'Register'.
User IP: ::1. Execution time: 0 milliseconds.

[13:12:28.3017] DEBUG 'Account':'Register'.
User IP: ::1. Execution time: 0 milliseconds.

[13:12:35.0530] DEBUG 'Account':'Register'.
User IP: ::1. Execution time: 0 milliseconds.

[13:12:58.2215] DEBUG 'Account':'Register'.
User IP: ::1. Execution time: 0 milliseconds.

[13:13:06.7954] DEBUG 'Account':'Register'.
User IP: ::1. Execution time: 0 milliseconds.

[13:13:13.7253] DEBUG 'Account':'Register'.
User IP: ::1. Execution time: 0 milliseconds.

[13:13:28.6894] DEBUG 'Account':'Register'.
User IP: ::1. Execution time: 0 milliseconds.

[13:13:34.9923] DEBUG 'Account':'Register'.
User IP: ::1. Execution time: 5 milliseconds.

[13:16:19.2291] DEBUG 'Game':'Get'.
User IP: ::1. Execution time: 3716 milliseconds.

[13:16:48.6865] DEBUG 'Account':'Register'.
User IP: ::1. Execution time: 0 milliseconds.

[13:19:01.2991] DEBUG 'Game':'Get'.
User IP: ::1. Execution time: 3411 milliseconds.

[13:19:08.9564] DEBUG 'Account':'Register'.
User IP: ::1. Execution time: 0 milliseconds.

[13:19:43.5610] DEBUG 'Game':'Get'.
User IP: ::1. Execution time: 3785 milliseconds.

[13:20:55.6212] DEBUG 'Account':'Register'.
User IP: ::1. Execution time: 0 milliseconds.

[13:21:25.8017] DEBUG 'Game':'Get'.
User IP: ::1. Execution time: 3408 milliseconds.

[13:21:30.7483] DEBUG 'Account':'Register'.
User IP: ::1. Execution time: 0 milliseconds.

[13:23:08.3020] DEBUG 'Game':'Get'.
User IP: ::1. Execution time: 3683 milliseconds.

[13:23:16.6350] DEBUG 'Account':'Register'.
User IP: ::1. Execution time: 0 milliseconds.

[13:25:51.4264] DEBUG 'Game':'Get'.
User IP: ::1. Execution time: 4047 milliseconds.

[13:25:59.9551] DEBUG 'Account':'Register'.
User IP: ::1. Execution time: 0 milliseconds.

[13:30:00.7651] DEBUG 'Game':'Get'.
User IP: ::1. Execution time: 3538 milliseconds.

[13:30:07.0724] DEBUG 'Account':'Register'.
User IP: ::1. Execution time: 0 milliseconds.

[13:32:06.5228] DEBUG 'Game':'Get'.
User IP: ::1. Execution time: 3741 milliseconds.

[13:32:16.7298] DEBUG 'Account':'Register'.
User IP: ::1. Execution time: 0 milliseconds.

[13:48:20.4406] DEBUG 'Game':'Get'.
User IP: ::1. Execution time: 5325 milliseconds.

[13:48:34.9243] DEBUG 'Account':'Register'.
User IP: ::1. Execution time: 0 milliseconds.

[13:49:25.7210] DEBUG 'Game':'Get'.
User IP: ::1. Execution time: 3127 milliseconds.

[13:49:31.5726] DEBUG 'Account':'Register'.
User IP: ::1. Execution time: 0 milliseconds.

[13:49:40.6180] DEBUG 'Account':'Register'.
User IP: ::1. Execution time: 233 milliseconds.

[13:49:40.6640] DEBUG 'Game':'Get'.
User IP: ::1. Execution time: 4 milliseconds.

[13:50:00.5076] DEBUG 'Account':'Register'.
User IP: ::1. Execution time: 0 milliseconds.

[14:01:29.5054] DEBUG 'Game':'Get'.
User IP: ::1. Execution time: 5624 milliseconds.

[14:01:43.0537] DEBUG 'Account':'Register'.
User IP: ::1. Execution time: 0 milliseconds.

[14:01:43.0697] DEBUG 'Game':'Get'.
User IP: ::1. Execution time: 4 milliseconds.

[14:01:47.8017] DEBUG 'Account':'Login'.
User IP: ::1. Execution time: 0 milliseconds.

[14:01:47.8127] DEBUG 'Game':'Get'.
User IP: ::1. Execution time: 2 milliseconds.

[14:15:08.7102] DEBUG 'Game':'Get'.
User IP: ::1. Execution time: 6619 milliseconds.

[14:17:20.2879] DEBUG 'Game':'Get'.
User IP: ::1. Execution time: 4499 milliseconds.

[14:18:11.2366] DEBUG 'Game':'Get'.
User IP: ::1. Execution time: 3613 milliseconds.

[14:18:17.9215] DEBUG 'Error':'AccessDenied'.
User IP: ::1. Execution time: 0 milliseconds.

[14:19:55.2840] DEBUG 'Error':'AccessDenied'.
User IP: ::1. Execution time: 0 milliseconds.

[14:20:25.6507] DEBUG 'Error':'AccessDenied'.
User IP: ::1. Execution time: 0 milliseconds.

[14:20:37.9688] DEBUG 'Error':'AccessDenied'.
User IP: ::1. Execution time: 0 milliseconds.

[14:20:52.1771] DEBUG 'Error':'AccessDenied'.
User IP: ::1. Execution time: 0 milliseconds.

[14:21:02.9201] DEBUG 'Game':'Get'.
User IP: ::1. Execution time: 4 milliseconds.

[14:21:03.8422] DEBUG 'Error':'AccessDenied'.
User IP: ::1. Execution time: 0 milliseconds.

[14:21:11.0056] DEBUG 'Game':'Get'.
User IP: ::1. Execution time: 2 milliseconds.

[14:21:55.2152] DEBUG 'Error':'AccessDenied'.
User IP: ::1. Execution time: 1 milliseconds.

[14:22:04.0054] DEBUG 'Game':'Get'.
User IP: ::1. Execution time: 194 milliseconds.

[14:22:05.5096] DEBUG 'Account':'LogOut'.
User IP: ::1. Execution time: 0 milliseconds.

[14:22:05.5298] DEBUG 'Game':'Get'.
User IP: ::1. Execution time: 2 milliseconds.

[14:22:08.2574] DEBUG 'Account':'Login'.
User IP: ::1. Execution time: 0 milliseconds.

[14:22:34.2916] DEBUG 'Account':'Login'.
User IP: ::1. Execution time: 0 milliseconds.

[14:23:11.4256] DEBUG 'Account':'Login'.
User IP: ::1. Execution time: 0 milliseconds.

[14:23:31.7612] DEBUG 'Account':'Login'.
User IP: ::1. Execution time: 0 milliseconds.

[14:25:14.6698] DEBUG 'Account':'Login'.
User IP: ::1. Execution time: 10 milliseconds.

[14:25:34.1275] DEBUG 'Account':'Login'.
User IP: ::1. Execution time: 0 milliseconds.

[14:25:54.8973] DEBUG 'Account':'Login'.
User IP: ::1. Execution time: 0 milliseconds.

[14:26:01.2636] DEBUG 'Account':'Login'.
User IP: ::1. Execution time: 0 milliseconds.

[14:26:21.7178] DEBUG 'Account':'Login'.
User IP: ::1. Execution time: 0 milliseconds.

[14:26:55.6322] DEBUG 'Account':'Login'.
User IP: ::1. Execution time: 0 milliseconds.

[14:27:04.8049] DEBUG 'Account':'Login'.
User IP: ::1. Execution time: 292 milliseconds.

[14:27:05.0061] DEBUG 'Game':'Get'.
User IP: ::1. Execution time: 150 milliseconds.

[14:27:07.2729] DEBUG 'Account':'LogOut'.
User IP: ::1. Execution time: 0 milliseconds.

[14:27:07.2839] DEBUG 'Game':'Get'.
User IP: ::1. Execution time: 2 milliseconds.

[14:27:10.2736] DEBUG 'Account':'Register'.
User IP: ::1. Execution time: 0 milliseconds.

[14:27:11.7125] DEBUG 'Account':'Register'.
User IP: ::1. Execution time: 0 milliseconds.

[14:27:14.5433] DEBUG 'Account':'Login'.
User IP: ::1. Execution time: 0 milliseconds.

[14:27:15.7269] DEBUG 'Account':'Register'.
User IP: ::1. Execution time: 0 milliseconds.

[14:27:24.8153] DEBUG 'Account':'Login'.
User IP: ::1. Execution time: 0 milliseconds.

[14:27:25.7132] DEBUG 'Account':'Register'.
User IP: ::1. Execution time: 0 milliseconds.

[14:27:40.5917] DEBUG 'Account':'Register'.
User IP: ::1. Execution time: 0 milliseconds.

[14:27:53.9979] DEBUG 'Account':'Register'.
User IP: ::1. Execution time: 0 milliseconds.

[15:11:05.1792] DEBUG 'Account':'Register'.
User IP: ::1. Execution time: 1 milliseconds.

[15:11:32.5638] DEBUG 'Game':'Get'.
User IP: ::1. Execution time: 177 milliseconds.

[15:11:33.7576] DEBUG 'Game':'New'.
User IP: ::1. Execution time: 2 milliseconds.

[15:11:36.9695] DEBUG 'Game':'New'.
User IP: ::1. Execution time: 1 milliseconds.

[15:11:46.2324] DEBUG 'Account':'Login'.
User IP: ::1. Execution time: 0 milliseconds.

[15:11:57.7982] DEBUG 'Account':'Login'.
User IP: ::1. Execution time: 52 milliseconds.

[15:12:02.5860] DEBUG 'Account':'Login'.
User IP: ::1. Execution time: 202 milliseconds.

[15:12:02.6350] DEBUG 'Game':'Get'.
User IP: ::1. Execution time: 2 milliseconds.

[15:12:03.6107] DEBUG 'Error':'AccessDenied'.
User IP: ::1. Execution time: 0 milliseconds.

[15:12:30.9965] DEBUG 'Account':'LogOut'.
User IP: ::1. Execution time: 0 milliseconds.

[15:12:31.0105] DEBUG 'Game':'Get'.
User IP: ::1. Execution time: 5 milliseconds.

[15:12:31.7776] DEBUG 'Game':'New'.
User IP: ::1. Execution time: 1 milliseconds.

[15:12:58.6463] DEBUG 'Game':'New'.
User IP: ::1. Execution time: 1 milliseconds.

[15:15:09.5840] DEBUG 'Game':'Get'.
User IP: ::1. Execution time: 3373 milliseconds.

[15:15:16.9863] DEBUG 'Error':'AuthorizedOnly'.
User IP: ::1. Execution time: 0 milliseconds.

[15:15:27.9447] DEBUG 'Error':'AuthorizedOnly'.
User IP: ::1. Execution time: 0 milliseconds.

[15:15:43.0963] DEBUG 'Game':'Get'.
User IP: ::1. Execution time: 4 milliseconds.

[15:15:51.3303] DEBUG 'Game':'Get'.
User IP: ::1. Execution time: 2 milliseconds.

[15:15:52.4261] DEBUG 'Game':'Get'.
User IP: ::1. Execution time: 3 milliseconds.

[15:15:56.6501] DEBUG 'Game':'Get'.
User IP: ::1. Execution time: 2 milliseconds.

[15:16:13.6785] DEBUG 'Game':'Get'.
User IP: ::1. Execution time: 2 milliseconds.

[15:16:16.8269] DEBUG 'Game':'Get'.
User IP: ::1. Execution time: 2 milliseconds.

[15:57:56.4234] DEBUG 'Game':'Get'.
User IP: ::1. Execution time: 5747 milliseconds.

[15:59:21.7354] DEBUG 'Game':'Get'.
User IP: ::1. Execution time: 3993 milliseconds.

[15:59:29.9497] DEBUG 'Order':'Get'.
User IP: ::1. Execution time: 16 milliseconds.

[15:59:31.2772] DEBUG 'Basket':'Get'.
User IP: ::1. Execution time: 62 milliseconds.

[15:59:32.3114] DEBUG 'Publisher':'Get'.
User IP: ::1. Execution time: 2 milliseconds.

[16:00:30.9296] DEBUG 'Publisher':'Get'.
User IP: ::1. Execution time: 2 milliseconds.

[16:07:53.4360] DEBUG 'Game':'Get'.
User IP: ::1. Execution time: 4294 milliseconds.

[16:08:09.5886] DEBUG 'Game':'Details'.
User IP: ::1. Execution time: 13 milliseconds.

[16:09:02.4419] DEBUG 'Game':'Get'.
User IP: ::1. Execution time: 3254 milliseconds.

[16:09:07.4374] DEBUG 'Game':'Details'.
User IP: ::1. Execution time: 13 milliseconds.

[16:09:10.7228] DEBUG 'Comment':'Comments'.
User IP: ::1. Execution time: 1 milliseconds.

[16:09:14.5647] DEBUG 'Game':'Get'.
User IP: ::1. Execution time: 2 milliseconds.

[16:09:16.0019] DEBUG 'Publisher':'Get'.
User IP: ::1. Execution time: 2 milliseconds.

[16:09:17.4123] DEBUG 'Publisher':'Details'.
User IP: ::1. Execution time: 4 milliseconds.

[16:09:18.9590] DEBUG 'Publisher':'Get'.
User IP: ::1. Execution time: 0 milliseconds.

[16:09:20.2852] DEBUG 'Order':'Get'.
User IP: ::1. Execution time: 45 milliseconds.

[16:09:21.4461] DEBUG 'Order':'History'.
User IP: ::1. Execution time: 4 milliseconds.

[16:09:23.9198] DEBUG 'Order':'Get'.
User IP: ::1. Execution time: 0 milliseconds.

[16:09:25.9596] DEBUG 'Order':'History'.
User IP: ::1. Execution time: 0 milliseconds.

[16:09:42.8997] DEBUG 'Game':'Get'.
User IP: ::1. Execution time: 2 milliseconds.

[16:09:56.4159] DEBUG 'Publisher':'Get'.
User IP: ::1. Execution time: 1 milliseconds.

[16:10:00.9387] DEBUG 'Game':'Get'.
User IP: ::1. Execution time: 3 milliseconds.

[16:10:11.9213] DEBUG 'Game':'Get'.
User IP: ::1. Execution time: 2 milliseconds.

[18:27:38.3864] DEBUG 'Game':'Get'.
User IP: ::1. Execution time: 8448 milliseconds.

[18:31:03.4444] DEBUG 'Game':'Get'.
User IP: ::1. Execution time: 5 milliseconds.

[18:31:06.6933] DEBUG 'Account':'Login'.
User IP: ::1. Execution time: 0 milliseconds.

[18:31:12.0166] DEBUG 'Account':'Login'.
User IP: ::1. Execution time: 261 milliseconds.

[18:31:12.0667] DEBUG 'Game':'Get'.
User IP: ::1. Execution time: 2 milliseconds.

[18:31:14.5993] DEBUG 'User':'Get'.
User IP: ::1. Execution time: 6 milliseconds.

[18:32:06.2701] DEBUG 'User':'Get'.
User IP: ::1. Execution time: 1 milliseconds.

[18:33:05.7130] DEBUG 'Game':'Get'.
User IP: ::1. Execution time: 5190 milliseconds.

[18:33:11.2784] DEBUG 'User':'Get'.
User IP: ::1. Execution time: 40 milliseconds.

[18:33:14.3720] DEBUG 'Account':'LogOut'.
User IP: ::1. Execution time: 0 milliseconds.

[18:33:14.3870] DEBUG 'Game':'Get'.
User IP: ::1. Execution time: 4 milliseconds.

[18:33:15.1464] DEBUG 'Account':'Login'.
User IP: ::1. Execution time: 0 milliseconds.

[18:33:17.7469] DEBUG 'Account':'Register'.
User IP: ::1. Execution time: 0 milliseconds.

[18:33:19.6505] DEBUG 'Validation':'IsUserNameAvailable'.
User IP: ::1. Execution time: 55 milliseconds.

[18:33:27.2252] DEBUG 'Account':'Register'.
User IP: ::1. Execution time: 257 milliseconds.

[18:33:27.2462] DEBUG 'Game':'Get'.
User IP: ::1. Execution time: 2 milliseconds.

[18:33:29.3067] DEBUG 'Account':'LogOut'.
User IP: ::1. Execution time: 0 milliseconds.

[18:33:29.3167] DEBUG 'Game':'Get'.
User IP: ::1. Execution time: 2 milliseconds.

[18:33:31.8181] DEBUG 'Account':'Login'.
User IP: ::1. Execution time: 0 milliseconds.

[18:33:35.3054] DEBUG 'Account':'Login'.
User IP: ::1. Execution time: 1 milliseconds.

[18:33:35.3184] DEBUG 'Game':'Get'.
User IP: ::1. Execution time: 2 milliseconds.

[18:33:38.8990] DEBUG 'User':'Get'.
User IP: ::1. Execution time: 0 milliseconds.

[19:01:54.7906] DEBUG 'User':'Get'.
User IP: ::1. Execution time: 5236 milliseconds.

[19:03:09.0578] DEBUG 'User':'Get'.
User IP: ::1. Execution time: 1 milliseconds.

[19:03:10.5302] DEBUG 'User':'Get'.
User IP: ::1. Execution time: 0 milliseconds.

[19:03:32.1945] DEBUG 'User':'Get'.
User IP: ::1. Execution time: 0 milliseconds.

[19:04:40.0663] DEBUG 'User':'Get'.
User IP: ::1. Execution time: 1 milliseconds.

[19:04:40.6275] ERROR 'User':'Get'.
Exception: System.Web.HttpParseException (0x80004005): "class" is a reserved word and cannot be used in implicit expressions.  An explicit expression ("@()") must be used.

   at System.Web.WebPages.Razor.RazorBuildProvider.EnsureGeneratedCode()
   at System.Web.WebPages.Razor.RazorBuildProvider.get_CodeCompilerType()
   at System.Web.Compilation.BuildProvider.GetCompilerTypeFromBuildProvider(BuildProvider buildProvider)
   at System.Web.Compilation.BuildProvidersCompiler.ProcessBuildProviders()
   at System.Web.Compilation.BuildProvidersCompiler.PerformBuild()
   at System.Web.Compilation.BuildManager.CompileWebFile(VirtualPath virtualPath)
   at System.Web.Compilation.BuildManager.GetVPathBuildResultInternal(VirtualPath virtualPath, Boolean noBuild, Boolean allowCrossApp, Boolean allowBuildInPrecompile, Boolean throwIfNotFound, Boolean ensureIsUpToDate)
   at System.Web.Compilation.BuildManager.GetVPathBuildResultWithNoAssert(HttpContext context, VirtualPath virtualPath, Boolean noBuild, Boolean allowCrossApp, Boolean allowBuildInPrecompile, Boolean throwIfNotFound, Boolean ensureIsUpToDate)
   at System.Web.Compilation.BuildManager.GetVirtualPathObjectFactory(VirtualPath virtualPath, HttpContext context, Boolean allowCrossApp, Boolean throwIfNotFound)
   at System.Web.Compilation.BuildManager.GetObjectFactory(String virtualPath, Boolean throwIfNotFound)
   at System.Web.Mvc.BuildManagerWrapper.System.Web.Mvc.IBuildManager.FileExists(String virtualPath)
   at System.Web.Mvc.BuildManagerViewEngine.FileExists(ControllerContext controllerContext, String virtualPath)
   at Microsoft.Web.Mvc.FixedRazorViewEngine.Microsoft.Web.Mvc.IViewEngineProxy.FileExists(ControllerContext controllerContext, String virtualPath)
   at Microsoft.Web.Mvc.ViewEngineFixWorker`1.FileExists(ControllerContext controllerContext, String virtualPath)
   at Microsoft.Web.Mvc.ViewEngineFixWorker`1.<>c__DisplayClass4.<GetPathFromGeneralName>b__0(String path)
   at System.Web.WebPages.DefaultDisplayMode.GetDisplayInfo(HttpContextBase httpContext, String virtualPath, Func`2 virtualPathExists)
   at System.Web.WebPages.DisplayModeProvider.<>c__DisplayClassb.<GetDisplayInfoForVirtualPath>b__8(IDisplayMode mode)
   at System.Linq.Enumerable.WhereSelectListIterator`2.MoveNext()
   at System.Linq.Enumerable.FirstOrDefault[TSource](IEnumerable`1 source, Func`2 predicate)
   at System.Web.WebPages.DisplayModeProvider.GetDisplayInfoForVirtualPath(String virtualPath, HttpContextBase httpContext, Func`2 virtualPathExists, IDisplayMode currentDisplayMode, Boolean requireConsistentDisplayMode)
   at System.Web.WebPages.DisplayModeProvider.GetDisplayInfoForVirtualPath(String virtualPath, HttpContextBase httpContext, Func`2 virtualPathExists, IDisplayMode currentDisplayMode)
   at Microsoft.Web.Mvc.ViewEngineFixWorker`1.GetPathFromGeneralName(ControllerContext controllerContext, List`1 locations, String name, String controllerName, String areaName, String cacheKey, String[]& searchedLocations)
   at Microsoft.Web.Mvc.ViewEngineFixWorker`1.GetPath(ControllerContext controllerContext, String[] locations, String[] areaLocations, String locationsPropertyName, String name, String controllerName, String cacheKeyPrefix, Boolean useCache, String[]& searchedLocations)
   at Microsoft.Web.Mvc.ViewEngineFixWorker`1.FindView(ControllerContext controllerContext, String viewName, String masterName, Boolean useCache)
   at Microsoft.Web.Mvc.FixedRazorViewEngine.FindView(ControllerContext controllerContext, String viewName, String masterName, Boolean useCache)
   at System.Web.Mvc.ViewEngineCollection.<>c__DisplayClassc.<FindView>b__b(IViewEngine e)
   at System.Web.Mvc.ViewEngineCollection.Find(Func`2 lookup, Boolean trackSearchedPaths)
   at System.Web.Mvc.ViewEngineCollection.FindView(ControllerContext controllerContext, String viewName, String masterName)
   at System.Web.Mvc.ViewResult.FindView(ControllerContext context)
   at System.Web.Mvc.ViewResultBase.ExecuteResult(ControllerContext context)
   at System.Web.Mvc.ControllerActionInvoker.InvokeActionResult(ControllerContext controllerContext, ActionResult actionResult)
   at System.Web.Mvc.ControllerActionInvoker.<>c__DisplayClass1a.<InvokeActionResultWithFilters>b__17()
   at System.Web.Mvc.ControllerActionInvoker.InvokeActionResultFilter(IResultFilter filter, ResultExecutingContext preContext, Func`1 continuation)
   at System.Web.Mvc.ControllerActionInvoker.<>c__DisplayClass1a.<>c__DisplayClass1c.<InvokeActionResultWithFilters>b__19()
   at System.Web.Mvc.ControllerActionInvoker.InvokeActionResultFilter(IResultFilter filter, ResultExecutingContext preContext, Func`1 continuation)
   at System.Web.Mvc.ControllerActionInvoker.<>c__DisplayClass1a.<>c__DisplayClass1c.<InvokeActionResultWithFilters>b__19()
   at System.Web.Mvc.ControllerActionInvoker.InvokeActionResultFilter(IResultFilter filter, ResultExecutingContext preContext, Func`1 continuation)
   at System.Web.Mvc.ControllerActionInvoker.<>c__DisplayClass1a.<>c__DisplayClass1c.<InvokeActionResultWithFilters>b__19()
   at System.Web.Mvc.ControllerActionInvoker.InvokeActionResultWithFilters(ControllerContext controllerContext, IList`1 filters, ActionResult actionResult)
   at System.Web.Mvc.Async.AsyncControllerActionInvoker.<>c__DisplayClass25.<>c__DisplayClass2a.<BeginInvokeAction>b__20()
   at System.Web.Mvc.Async.AsyncControllerActionInvoker.<>c__DisplayClass25.<BeginInvokeAction>b__22(IAsyncResult asyncResult).

[19:04:40.8353] DEBUG 'Game':'Get'.
User IP: ::1. Execution time: 197 milliseconds.

[19:04:52.2178] DEBUG 'User':'Get'.
User IP: ::1. Execution time: 0 milliseconds.

[19:05:03.2656] DEBUG 'User':'Get'.
User IP: ::1. Execution time: 0 milliseconds.

[19:06:04.6490] DEBUG 'Game':'Get'.
User IP: ::1. Execution time: 6639 milliseconds.

[19:06:12.5498] DEBUG 'User':'Get'.
User IP: ::1. Execution time: 41 milliseconds.

[19:06:14.7679] DEBUG 'User':'Update'.
User IP: ::1. Execution time: 5 milliseconds.

[19:08:08.2906] DEBUG 'User':'Update'.
User IP: ::1. Execution time: 2 milliseconds.

[19:08:08.2906] ERROR 'User':'Update'.
Exception: System.Web.HttpCompileException (0x80004005): c:\Users\Ivan_Yurchenko1\Documents\Visual Studio 2013\Projects\MVCTask\GameStore\GameStore.WebUI\Views\Shared\EditorTemplates\UserViewModel.cshtml(6): error CS1061: 'GameStore.WebUI.Security.UserViewModel' does not contain a definition for 'UserName' and no extension method 'UserName' accepting a first argument of type 'GameStore.WebUI.Security.UserViewModel' could be found (are you missing a using directive or an assembly reference?)
   at System.Web.Compilation.AssemblyBuilder.Compile()
   at System.Web.Compilation.BuildProvidersCompiler.PerformBuild()
   at System.Web.Compilation.BuildManager.CompileWebFile(VirtualPath virtualPath)
   at System.Web.Compilation.BuildManager.GetVPathBuildResultInternal(VirtualPath virtualPath, Boolean noBuild, Boolean allowCrossApp, Boolean allowBuildInPrecompile, Boolean throwIfNotFound, Boolean ensureIsUpToDate)
   at System.Web.Compilation.BuildManager.GetVPathBuildResultWithNoAssert(HttpContext context, VirtualPath virtualPath, Boolean noBuild, Boolean allowCrossApp, Boolean allowBuildInPrecompile, Boolean throwIfNotFound, Boolean ensureIsUpToDate)
   at System.Web.Compilation.BuildManager.GetVirtualPathObjectFactory(VirtualPath virtualPath, HttpContext context, Boolean allowCrossApp, Boolean throwIfNotFound)
   at System.Web.Compilation.BuildManager.GetObjectFactory(String virtualPath, Boolean throwIfNotFound)
   at System.Web.Mvc.BuildManagerWrapper.System.Web.Mvc.IBuildManager.FileExists(String virtualPath)
   at System.Web.Mvc.BuildManagerViewEngine.FileExists(ControllerContext controllerContext, String virtualPath)
   at Microsoft.Web.Mvc.FixedRazorViewEngine.Microsoft.Web.Mvc.IViewEngineProxy.FileExists(ControllerContext controllerContext, String virtualPath)
   at Microsoft.Web.Mvc.ViewEngineFixWorker`1.FileExists(ControllerContext controllerContext, String virtualPath)
   at Microsoft.Web.Mvc.ViewEngineFixWorker`1.<>c__DisplayClass4.<GetPathFromGeneralName>b__0(String path)
   at System.Web.WebPages.DefaultDisplayMode.GetDisplayInfo(HttpContextBase httpContext, String virtualPath, Func`2 virtualPathExists)
   at System.Web.WebPages.DisplayModeProvider.<>c__DisplayClassb.<GetDisplayInfoForVirtualPath>b__8(IDisplayMode mode)
   at System.Linq.Enumerable.WhereSelectListIterator`2.MoveNext()
   at System.Linq.Enumerable.FirstOrDefault[TSource](IEnumerable`1 source, Func`2 predicate)
   at System.Web.WebPages.DisplayModeProvider.GetDisplayInfoForVirtualPath(String virtualPath, HttpContextBase httpContext, Func`2 virtualPathExists, IDisplayMode currentDisplayMode, Boolean requireConsistentDisplayMode)
   at System.Web.WebPages.DisplayModeProvider.GetDisplayInfoForVirtualPath(String virtualPath, HttpContextBase httpContext, Func`2 virtualPathExists, IDisplayMode currentDisplayMode)
   at Microsoft.Web.Mvc.ViewEngineFixWorker`1.GetPathFromGeneralName(ControllerContext controllerContext, List`1 locations, String name, String controllerName, String areaName, String cacheKey, String[]& searchedLocations)
   at Microsoft.Web.Mvc.ViewEngineFixWorker`1.GetPath(ControllerContext controllerContext, String[] locations, String[] areaLocations, String locationsPropertyName, String name, String controllerName, String cacheKeyPrefix, Boolean useCache, String[]& searchedLocations)
   at Microsoft.Web.Mvc.ViewEngineFixWorker`1.FindPartialView(ControllerContext controllerContext, String partialViewName, Boolean useCache)
   at Microsoft.Web.Mvc.FixedRazorViewEngine.FindPartialView(ControllerContext controllerContext, String partialViewName, Boolean useCache)
   at System.Web.Mvc.ViewEngineCollection.<>c__DisplayClass8.<FindPartialView>b__7(IViewEngine e)
   at System.Web.Mvc.ViewEngineCollection.Find(Func`2 lookup, Boolean trackSearchedPaths)
   at System.Web.Mvc.ViewEngineCollection.FindPartialView(ControllerContext controllerContext, String partialViewName)
   at System.Web.Mvc.Html.TemplateHelpers.ExecuteTemplate(HtmlHelper html, ViewDataDictionary viewData, String templateName, DataBoundControlMode mode, GetViewNamesDelegate getViewNames, GetDefaultActionsDelegate getDefaultActions)
   at System.Web.Mvc.Html.TemplateHelpers.TemplateHelper(HtmlHelper html, ModelMetadata metadata, String htmlFieldName, String templateName, DataBoundControlMode mode, Object additionalViewData, ExecuteTemplateDelegate executeTemplate)
   at System.Web.Mvc.Html.TemplateHelpers.TemplateHelper(HtmlHelper html, ModelMetadata metadata, String htmlFieldName, String templateName, DataBoundControlMode mode, Object additionalViewData)
   at System.Web.Mvc.Html.EditorExtensions.EditorForModel(HtmlHelper html)
   at ASP._Page_Views_User_Update_cshtml.Execute() in c:\Users\Ivan_Yurchenko1\Documents\Visual Studio 2013\Projects\MVCTask\GameStore\GameStore.WebUI\Views\User\Update.cshtml:line 18
   at System.Web.WebPages.WebPageBase.ExecutePageHierarchy()
   at System.Web.Mvc.WebViewPage.ExecutePageHierarchy()
   at System.Web.WebPages.StartPage.RunPage()
   at System.Web.WebPages.StartPage.ExecutePageHierarchy()
   at System.Web.WebPages.WebPageBase.ExecutePageHierarchy(WebPageContext pageContext, TextWriter writer, WebPageRenderingBase startPage)
   at System.Web.Mvc.RazorView.RenderView(ViewContext viewContext, TextWriter writer, Object instance)
   at System.Web.Mvc.BuildManagerCompiledView.Render(ViewContext viewContext, TextWriter writer)
   at System.Web.Mvc.ViewResultBase.ExecuteResult(ControllerContext context)
   at System.Web.Mvc.ControllerActionInvoker.InvokeActionResult(ControllerContext controllerContext, ActionResult actionResult)
   at System.Web.Mvc.ControllerActionInvoker.<>c__DisplayClass1a.<InvokeActionResultWithFilters>b__17()
   at System.Web.Mvc.ControllerActionInvoker.InvokeActionResultFilter(IResultFilter filter, ResultExecutingContext preContext, Func`1 continuation)
   at System.Web.Mvc.ControllerActionInvoker.<>c__DisplayClass1a.<>c__DisplayClass1c.<InvokeActionResultWithFilters>b__19()
   at System.Web.Mvc.ControllerActionInvoker.InvokeActionResultFilter(IResultFilter filter, ResultExecutingContext preContext, Func`1 continuation)
   at System.Web.Mvc.ControllerActionInvoker.<>c__DisplayClass1a.<>c__DisplayClass1c.<InvokeActionResultWithFilters>b__19()
   at System.Web.Mvc.ControllerActionInvoker.InvokeActionResultFilter(IResultFilter filter, ResultExecutingContext preContext, Func`1 continuation)
   at System.Web.Mvc.ControllerActionInvoker.<>c__DisplayClass1a.<>c__DisplayClass1c.<InvokeActionResultWithFilters>b__19()
   at System.Web.Mvc.ControllerActionInvoker.InvokeActionResultWithFilters(ControllerContext controllerContext, IList`1 filters, ActionResult actionResult)
   at System.Web.Mvc.Async.AsyncControllerActionInvoker.<>c__DisplayClass25.<>c__DisplayClass2a.<BeginInvokeAction>b__20()
   at System.Web.Mvc.Async.AsyncControllerActionInvoker.<>c__DisplayClass25.<BeginInvokeAction>b__22(IAsyncResult asyncResult).

[19:08:30.1137] DEBUG 'User':'Update'.
User IP: ::1. Execution time: 0 milliseconds.

[19:08:49.1699] DEBUG 'User':'Update'.
User IP: ::1. Execution time: 1 milliseconds.

[19:08:51.1201] DEBUG 'User':'Update'.
User IP: ::1. Execution time: 0 milliseconds.

[19:08:57.6792] DEBUG 'User':'Update'.
User IP: ::1. Execution time: 0 milliseconds.

[19:09:39.5245] ERROR 'User':'Update'.
Exception: System.Web.HttpCompileException (0x80004005): c:\Users\Ivan_Yurchenko1\Documents\Visual Studio 2013\Projects\MVCTask\GameStore\GameStore.WebUI\Views\Shared\EditorTemplates\UserViewModel.cshtml(7): error CS1061: 'GameStore.WebUI.Security.UserViewModel' does not contain a definition for 'UserName' and no extension method 'UserName' accepting a first argument of type 'GameStore.WebUI.Security.UserViewModel' could be found (are you missing a using directive or an assembly reference?)
   at System.Web.Compilation.AssemblyBuilder.Compile()
   at System.Web.Compilation.BuildProvidersCompiler.PerformBuild()
   at System.Web.Compilation.BuildManager.CompileWebFile(VirtualPath virtualPath)
   at System.Web.Compilation.BuildManager.GetVPathBuildResultInternal(VirtualPath virtualPath, Boolean noBuild, Boolean allowCrossApp, Boolean allowBuildInPrecompile, Boolean throwIfNotFound, Boolean ensureIsUpToDate)
   at System.Web.Compilation.BuildManager.GetVPathBuildResultWithNoAssert(HttpContext context, VirtualPath virtualPath, Boolean noBuild, Boolean allowCrossApp, Boolean allowBuildInPrecompile, Boolean throwIfNotFound, Boolean ensureIsUpToDate)
   at System.Web.Compilation.BuildManager.GetVirtualPathObjectFactory(VirtualPath virtualPath, HttpContext context, Boolean allowCrossApp, Boolean throwIfNotFound)
   at System.Web.Compilation.BuildManager.GetObjectFactory(String virtualPath, Boolean throwIfNotFound)
   at System.Web.Mvc.BuildManagerWrapper.System.Web.Mvc.IBuildManager.FileExists(String virtualPath)
   at System.Web.Mvc.BuildManagerViewEngine.FileExists(ControllerContext controllerContext, String virtualPath)
   at Microsoft.Web.Mvc.FixedRazorViewEngine.Microsoft.Web.Mvc.IViewEngineProxy.FileExists(ControllerContext controllerContext, String virtualPath)
   at Microsoft.Web.Mvc.ViewEngineFixWorker`1.FileExists(ControllerContext controllerContext, String virtualPath)
   at Microsoft.Web.Mvc.ViewEngineFixWorker`1.<>c__DisplayClass4.<GetPathFromGeneralName>b__0(String path)
   at System.Web.WebPages.DefaultDisplayMode.GetDisplayInfo(HttpContextBase httpContext, String virtualPath, Func`2 virtualPathExists)
   at System.Web.WebPages.DisplayModeProvider.<>c__DisplayClassb.<GetDisplayInfoForVirtualPath>b__8(IDisplayMode mode)
   at System.Linq.Enumerable.WhereSelectListIterator`2.MoveNext()
   at System.Linq.Enumerable.FirstOrDefault[TSource](IEnumerable`1 source, Func`2 predicate)
   at System.Web.WebPages.DisplayModeProvider.GetDisplayInfoForVirtualPath(String virtualPath, HttpContextBase httpContext, Func`2 virtualPathExists, IDisplayMode currentDisplayMode, Boolean requireConsistentDisplayMode)
   at System.Web.WebPages.DisplayModeProvider.GetDisplayInfoForVirtualPath(String virtualPath, HttpContextBase httpContext, Func`2 virtualPathExists, IDisplayMode currentDisplayMode)
   at Microsoft.Web.Mvc.ViewEngineFixWorker`1.GetPathFromGeneralName(ControllerContext controllerContext, List`1 locations, String name, String controllerName, String areaName, String cacheKey, String[]& searchedLocations)
   at Microsoft.Web.Mvc.ViewEngineFixWorker`1.GetPath(ControllerContext controllerContext, String[] locations, String[] areaLocations, String locationsPropertyName, String name, String controllerName, String cacheKeyPrefix, Boolean useCache, String[]& searchedLocations)
   at Microsoft.Web.Mvc.ViewEngineFixWorker`1.FindPartialView(ControllerContext controllerContext, String partialViewName, Boolean useCache)
   at Microsoft.Web.Mvc.FixedRazorViewEngine.FindPartialView(ControllerContext controllerContext, String partialViewName, Boolean useCache)
   at System.Web.Mvc.ViewEngineCollection.<>c__DisplayClass8.<FindPartialView>b__7(IViewEngine e)
   at System.Web.Mvc.ViewEngineCollection.Find(Func`2 lookup, Boolean trackSearchedPaths)
   at System.Web.Mvc.ViewEngineCollection.FindPartialView(ControllerContext controllerContext, String partialViewName)
   at System.Web.Mvc.Html.TemplateHelpers.ExecuteTemplate(HtmlHelper html, ViewDataDictionary viewData, String templateName, DataBoundControlMode mode, GetViewNamesDelegate getViewNames, GetDefaultActionsDelegate getDefaultActions)
   at System.Web.Mvc.Html.TemplateHelpers.TemplateHelper(HtmlHelper html, ModelMetadata metadata, String htmlFieldName, String templateName, DataBoundControlMode mode, Object additionalViewData, ExecuteTemplateDelegate executeTemplate)
   at System.Web.Mvc.Html.TemplateHelpers.TemplateHelper(HtmlHelper html, ModelMetadata metadata, String htmlFieldName, String templateName, DataBoundControlMode mode, Object additionalViewData)
   at System.Web.Mvc.Html.EditorExtensions.EditorForModel(HtmlHelper html)
   at ASP._Page_Views_User_Update_cshtml.Execute() in c:\Users\Ivan_Yurchenko1\Documents\Visual Studio 2013\Projects\MVCTask\GameStore\GameStore.WebUI\Views\User\Update.cshtml:line 18
   at System.Web.WebPages.WebPageBase.ExecutePageHierarchy()
   at System.Web.Mvc.WebViewPage.ExecutePageHierarchy()
   at System.Web.WebPages.StartPage.RunPage()
   at System.Web.WebPages.StartPage.ExecutePageHierarchy()
   at System.Web.WebPages.WebPageBase.ExecutePageHierarchy(WebPageContext pageContext, TextWriter writer, WebPageRenderingBase startPage)
   at System.Web.Mvc.RazorView.RenderView(ViewContext viewContext, TextWriter writer, Object instance)
   at System.Web.Mvc.BuildManagerCompiledView.Render(ViewContext viewContext, TextWriter writer)
   at System.Web.Mvc.ViewResultBase.ExecuteResult(ControllerContext context)
   at System.Web.Mvc.ControllerActionInvoker.InvokeActionResult(ControllerContext controllerContext, ActionResult actionResult)
   at System.Web.Mvc.ControllerActionInvoker.<>c__DisplayClass1a.<InvokeActionResultWithFilters>b__17()
   at System.Web.Mvc.ControllerActionInvoker.InvokeActionResultFilter(IResultFilter filter, ResultExecutingContext preContext, Func`1 continuation)
   at System.Web.Mvc.ControllerActionInvoker.<>c__DisplayClass1a.<>c__DisplayClass1c.<InvokeActionResultWithFilters>b__19()
   at System.Web.Mvc.ControllerActionInvoker.InvokeActionResultFilter(IResultFilter filter, ResultExecutingContext preContext, Func`1 continuation)
   at System.Web.Mvc.ControllerActionInvoker.<>c__DisplayClass1a.<>c__DisplayClass1c.<InvokeActionResultWithFilters>b__19()
   at System.Web.Mvc.ControllerActionInvoker.InvokeActionResultFilter(IResultFilter filter, ResultExecutingContext preContext, Func`1 continuation)
   at System.Web.Mvc.ControllerActionInvoker.<>c__DisplayClass1a.<>c__DisplayClass1c.<InvokeActionResultWithFilters>b__19()
   at System.Web.Mvc.ControllerActionInvoker.InvokeActionResultWithFilters(ControllerContext controllerContext, IList`1 filters, ActionResult actionResult)
   at System.Web.Mvc.Async.AsyncControllerActionInvoker.<>c__DisplayClass25.<>c__DisplayClass2a.<BeginInvokeAction>b__20()
   at System.Web.Mvc.Async.AsyncControllerActionInvoker.<>c__DisplayClass25.<BeginInvokeAction>b__22(IAsyncResult asyncResult).

[19:09:39.5706] DEBUG 'Game':'Get'.
User IP: ::1. Execution time: 10 milliseconds.

[19:09:41.9920] DEBUG 'User':'Get'.
User IP: ::1. Execution time: 1 milliseconds.

[19:09:43.3539] DEBUG 'User':'Update'.
User IP: ::1. Execution time: 1 milliseconds.

[19:10:56.2899] DEBUG 'Game':'Get'.
User IP: ::1. Execution time: 4157 milliseconds.

[19:10:58.8266] DEBUG 'User':'Get'.
User IP: ::1. Execution time: 104 milliseconds.

[19:11:00.4766] DEBUG 'User':'Update'.
User IP: ::1. Execution time: 60 milliseconds.

[19:11:52.1635] ERROR 'User':'Update'.
Exception: System.Web.HttpCompileException (0x80004005): c:\Users\Ivan_Yurchenko1\Documents\Visual Studio 2013\Projects\MVCTask\GameStore\GameStore.WebUI\Views\Shared\EditorTemplates\UserViewModel.cshtml(32): error CS1061: 'GameStore.WebUI.Security.UserViewModel' does not contain a definition for 'UserName' and no extension method 'UserName' accepting a first argument of type 'GameStore.WebUI.Security.UserViewModel' could be found (are you missing a using directive or an assembly reference?)
   at System.Web.Compilation.AssemblyBuilder.Compile()
   at System.Web.Compilation.BuildProvidersCompiler.PerformBuild()
   at System.Web.Compilation.BuildManager.CompileWebFile(VirtualPath virtualPath)
   at System.Web.Compilation.BuildManager.GetVPathBuildResultInternal(VirtualPath virtualPath, Boolean noBuild, Boolean allowCrossApp, Boolean allowBuildInPrecompile, Boolean throwIfNotFound, Boolean ensureIsUpToDate)
   at System.Web.Compilation.BuildManager.GetVPathBuildResultWithNoAssert(HttpContext context, VirtualPath virtualPath, Boolean noBuild, Boolean allowCrossApp, Boolean allowBuildInPrecompile, Boolean throwIfNotFound, Boolean ensureIsUpToDate)
   at System.Web.Compilation.BuildManager.GetVirtualPathObjectFactory(VirtualPath virtualPath, HttpContext context, Boolean allowCrossApp, Boolean throwIfNotFound)
   at System.Web.Compilation.BuildManager.GetObjectFactory(String virtualPath, Boolean throwIfNotFound)
   at System.Web.Mvc.BuildManagerWrapper.System.Web.Mvc.IBuildManager.FileExists(String virtualPath)
   at System.Web.Mvc.BuildManagerViewEngine.FileExists(ControllerContext controllerContext, String virtualPath)
   at Microsoft.Web.Mvc.FixedRazorViewEngine.Microsoft.Web.Mvc.IViewEngineProxy.FileExists(ControllerContext controllerContext, String virtualPath)
   at Microsoft.Web.Mvc.ViewEngineFixWorker`1.FileExists(ControllerContext controllerContext, String virtualPath)
   at Microsoft.Web.Mvc.ViewEngineFixWorker`1.<>c__DisplayClass4.<GetPathFromGeneralName>b__0(String path)
   at System.Web.WebPages.DefaultDisplayMode.GetDisplayInfo(HttpContextBase httpContext, String virtualPath, Func`2 virtualPathExists)
   at System.Web.WebPages.DisplayModeProvider.<>c__DisplayClassb.<GetDisplayInfoForVirtualPath>b__8(IDisplayMode mode)
   at System.Linq.Enumerable.WhereSelectListIterator`2.MoveNext()
   at System.Linq.Enumerable.FirstOrDefault[TSource](IEnumerable`1 source, Func`2 predicate)
   at System.Web.WebPages.DisplayModeProvider.GetDisplayInfoForVirtualPath(String virtualPath, HttpContextBase httpContext, Func`2 virtualPathExists, IDisplayMode currentDisplayMode, Boolean requireConsistentDisplayMode)
   at System.Web.WebPages.DisplayModeProvider.GetDisplayInfoForVirtualPath(String virtualPath, HttpContextBase httpContext, Func`2 virtualPathExists, IDisplayMode currentDisplayMode)
   at Microsoft.Web.Mvc.ViewEngineFixWorker`1.GetPathFromGeneralName(ControllerContext controllerContext, List`1 locations, String name, String controllerName, String areaName, String cacheKey, String[]& searchedLocations)
   at Microsoft.Web.Mvc.ViewEngineFixWorker`1.GetPath(ControllerContext controllerContext, String[] locations, String[] areaLocations, String locationsPropertyName, String name, String controllerName, String cacheKeyPrefix, Boolean useCache, String[]& searchedLocations)
   at Microsoft.Web.Mvc.ViewEngineFixWorker`1.FindPartialView(ControllerContext controllerContext, String partialViewName, Boolean useCache)
   at Microsoft.Web.Mvc.FixedRazorViewEngine.FindPartialView(ControllerContext controllerContext, String partialViewName, Boolean useCache)
   at System.Web.Mvc.ViewEngineCollection.<>c__DisplayClass8.<FindPartialView>b__7(IViewEngine e)
   at System.Web.Mvc.ViewEngineCollection.Find(Func`2 lookup, Boolean trackSearchedPaths)
   at System.Web.Mvc.ViewEngineCollection.FindPartialView(ControllerContext controllerContext, String partialViewName)
   at System.Web.Mvc.Html.TemplateHelpers.ExecuteTemplate(HtmlHelper html, ViewDataDictionary viewData, String templateName, DataBoundControlMode mode, GetViewNamesDelegate getViewNames, GetDefaultActionsDelegate getDefaultActions)
   at System.Web.Mvc.Html.TemplateHelpers.TemplateHelper(HtmlHelper html, ModelMetadata metadata, String htmlFieldName, String templateName, DataBoundControlMode mode, Object additionalViewData, ExecuteTemplateDelegate executeTemplate)
   at System.Web.Mvc.Html.TemplateHelpers.TemplateHelper(HtmlHelper html, ModelMetadata metadata, String htmlFieldName, String templateName, DataBoundControlMode mode, Object additionalViewData)
   at System.Web.Mvc.Html.EditorExtensions.EditorForModel(HtmlHelper html)
   at ASP._Page_Views_User_Update_cshtml.Execute() in c:\Users\Ivan_Yurchenko1\Documents\Visual Studio 2013\Projects\MVCTask\GameStore\GameStore.WebUI\Views\User\Update.cshtml:line 18
   at System.Web.WebPages.WebPageBase.ExecutePageHierarchy()
   at System.Web.Mvc.WebViewPage.ExecutePageHierarchy()
   at System.Web.WebPages.StartPage.RunPage()
   at System.Web.WebPages.StartPage.ExecutePageHierarchy()
   at System.Web.WebPages.WebPageBase.ExecutePageHierarchy(WebPageContext pageContext, TextWriter writer, WebPageRenderingBase startPage)
   at System.Web.Mvc.RazorView.RenderView(ViewContext viewContext, TextWriter writer, Object instance)
   at System.Web.Mvc.BuildManagerCompiledView.Render(ViewContext viewContext, TextWriter writer)
   at System.Web.Mvc.ViewResultBase.ExecuteResult(ControllerContext context)
   at System.Web.Mvc.ControllerActionInvoker.InvokeActionResult(ControllerContext controllerContext, ActionResult actionResult)
   at System.Web.Mvc.ControllerActionInvoker.<>c__DisplayClass1a.<InvokeActionResultWithFilters>b__17()
   at System.Web.Mvc.ControllerActionInvoker.InvokeActionResultFilter(IResultFilter filter, ResultExecutingContext preContext, Func`1 continuation)
   at System.Web.Mvc.ControllerActionInvoker.<>c__DisplayClass1a.<>c__DisplayClass1c.<InvokeActionResultWithFilters>b__19()
   at System.Web.Mvc.ControllerActionInvoker.InvokeActionResultFilter(IResultFilter filter, ResultExecutingContext preContext, Func`1 continuation)
   at System.Web.Mvc.ControllerActionInvoker.<>c__DisplayClass1a.<>c__DisplayClass1c.<InvokeActionResultWithFilters>b__19()
   at System.Web.Mvc.ControllerActionInvoker.InvokeActionResultFilter(IResultFilter filter, ResultExecutingContext preContext, Func`1 continuation)
   at System.Web.Mvc.ControllerActionInvoker.<>c__DisplayClass1a.<>c__DisplayClass1c.<InvokeActionResultWithFilters>b__19()
   at System.Web.Mvc.ControllerActionInvoker.InvokeActionResultWithFilters(ControllerContext controllerContext, IList`1 filters, ActionResult actionResult)
   at System.Web.Mvc.Async.AsyncControllerActionInvoker.<>c__DisplayClass25.<>c__DisplayClass2a.<BeginInvokeAction>b__20()
   at System.Web.Mvc.Async.AsyncControllerActionInvoker.<>c__DisplayClass25.<BeginInvokeAction>b__22(IAsyncResult asyncResult).

[19:11:52.1835] DEBUG 'Game':'Get'.
User IP: ::1. Execution time: 5 milliseconds.

[19:11:54.0486] DEBUG 'User':'Get'.
User IP: ::1. Execution time: 1 milliseconds.

[19:11:55.5613] DEBUG 'User':'Update'.
User IP: ::1. Execution time: 1 milliseconds.

[19:40:42.9740] DEBUG 'Game':'Get'.
User IP: ::1. Execution time: 10242 milliseconds.

[19:41:28.3896] DEBUG 'Game':'Get'.
User IP: ::1. Execution time: 5604 milliseconds.

[19:41:35.3066] DEBUG 'User':'Get'.
User IP: ::1. Execution time: 39 milliseconds.

[19:41:39.1988] DEBUG 'User':'Update'.
User IP: ::1. Execution time: 30 milliseconds.

[19:42:20.5497] DEBUG 'Game':'Get'.
User IP: ::1. Execution time: 5489 milliseconds.

[19:42:36.9686] DEBUG 'User':'Get'.
User IP: ::1. Execution time: 123 milliseconds.

[19:42:41.0494] DEBUG 'User':'Update'.
User IP: ::1. Execution time: 40 milliseconds.

[19:46:12.3874] DEBUG 'Game':'Get'.
User IP: ::1. Execution time: 4151 milliseconds.

[19:46:44.9140] DEBUG 'User':'Get'.
User IP: ::1. Execution time: 39 milliseconds.

[19:47:01.6470] DEBUG 'User':'Update'.
User IP: ::1. Execution time: 15037 milliseconds.

[19:47:09.7709] DEBUG 'User':'Update'.
User IP: ::1. Execution time: 0 milliseconds.

[19:48:11.3212] ERROR 'User':'Update'.
Exception: System.ArgumentNullException: Value cannot be null.
Parameter name: items
   at System.Web.Mvc.MultiSelectList..ctor(IEnumerable items, String dataValueField, String dataTextField, IEnumerable selectedValues)
   at ASP._Page_Views_Shared_EditorTemplates_UserViewModel_cshtml.Execute() in c:\Users\Ivan_Yurchenko1\Documents\Visual Studio 2013\Projects\MVCTask\GameStore\GameStore.WebUI\Views\Shared\EditorTemplates\UserViewModel.cshtml:line 66
   at System.Web.WebPages.WebPageBase.ExecutePageHierarchy()
   at System.Web.Mvc.WebViewPage.ExecutePageHierarchy()
   at System.Web.WebPages.WebPageBase.ExecutePageHierarchy(WebPageContext pageContext, TextWriter writer, WebPageRenderingBase startPage)
   at System.Web.Mvc.RazorView.RenderView(ViewContext viewContext, TextWriter writer, Object instance)
   at System.Web.Mvc.BuildManagerCompiledView.Render(ViewContext viewContext, TextWriter writer)
   at System.Web.Mvc.Html.TemplateHelpers.ExecuteTemplate(HtmlHelper html, ViewDataDictionary viewData, String templateName, DataBoundControlMode mode, GetViewNamesDelegate getViewNames, GetDefaultActionsDelegate getDefaultActions)
   at System.Web.Mvc.Html.TemplateHelpers.TemplateHelper(HtmlHelper html, ModelMetadata metadata, String htmlFieldName, String templateName, DataBoundControlMode mode, Object additionalViewData, ExecuteTemplateDelegate executeTemplate)
   at System.Web.Mvc.Html.TemplateHelpers.TemplateHelper(HtmlHelper html, ModelMetadata metadata, String htmlFieldName, String templateName, DataBoundControlMode mode, Object additionalViewData)
   at System.Web.Mvc.Html.EditorExtensions.EditorForModel(HtmlHelper html)
   at ASP._Page_Views_User_Update_cshtml.Execute() in c:\Users\Ivan_Yurchenko1\Documents\Visual Studio 2013\Projects\MVCTask\GameStore\GameStore.WebUI\Views\User\Update.cshtml:line 18
   at System.Web.WebPages.WebPageBase.ExecutePageHierarchy()
   at System.Web.Mvc.WebViewPage.ExecutePageHierarchy()
   at System.Web.WebPages.StartPage.RunPage()
   at System.Web.WebPages.StartPage.ExecutePageHierarchy()
   at System.Web.WebPages.WebPageBase.ExecutePageHierarchy(WebPageContext pageContext, TextWriter writer, WebPageRenderingBase startPage)
   at System.Web.Mvc.RazorView.RenderView(ViewContext viewContext, TextWriter writer, Object instance)
   at System.Web.Mvc.BuildManagerCompiledView.Render(ViewContext viewContext, TextWriter writer)
   at System.Web.Mvc.ViewResultBase.ExecuteResult(ControllerContext context)
   at System.Web.Mvc.ControllerActionInvoker.InvokeActionResult(ControllerContext controllerContext, ActionResult actionResult)
   at System.Web.Mvc.ControllerActionInvoker.<>c__DisplayClass1a.<InvokeActionResultWithFilters>b__17()
   at System.Web.Mvc.ControllerActionInvoker.InvokeActionResultFilter(IResultFilter filter, ResultExecutingContext preContext, Func`1 continuation)
   at System.Web.Mvc.ControllerActionInvoker.<>c__DisplayClass1a.<>c__DisplayClass1c.<InvokeActionResultWithFilters>b__19()
   at System.Web.Mvc.ControllerActionInvoker.InvokeActionResultFilter(IResultFilter filter, ResultExecutingContext preContext, Func`1 continuation)
   at System.Web.Mvc.ControllerActionInvoker.<>c__DisplayClass1a.<>c__DisplayClass1c.<InvokeActionResultWithFilters>b__19()
   at System.Web.Mvc.ControllerActionInvoker.InvokeActionResultFilter(IResultFilter filter, ResultExecutingContext preContext, Func`1 continuation)
   at System.Web.Mvc.ControllerActionInvoker.<>c__DisplayClass1a.<>c__DisplayClass1c.<InvokeActionResultWithFilters>b__19()
   at System.Web.Mvc.ControllerActionInvoker.InvokeActionResultWithFilters(ControllerContext controllerContext, IList`1 filters, ActionResult actionResult)
   at System.Web.Mvc.Async.AsyncControllerActionInvoker.<>c__DisplayClass25.<>c__DisplayClass2a.<BeginInvokeAction>b__20()
   at System.Web.Mvc.Async.AsyncControllerActionInvoker.<>c__DisplayClass25.<BeginInvokeAction>b__22(IAsyncResult asyncResult).

[19:48:11.3692] DEBUG 'Game':'Get'.
User IP: ::1. Execution time: 5 milliseconds.

[19:48:13.0797] DEBUG 'User':'Get'.
User IP: ::1. Execution time: 1 milliseconds.

[19:48:14.0656] DEBUG 'User':'Update'.
User IP: ::1. Execution time: 2 milliseconds.

[19:48:15.4478] DEBUG 'User':'Update'.
User IP: ::1. Execution time: 0 milliseconds.

[19:49:20.1591] ERROR 'User':'Update'.
Exception: System.ArgumentNullException: Value cannot be null.
Parameter name: items
   at System.Web.Mvc.MultiSelectList..ctor(IEnumerable items, String dataValueField, String dataTextField, IEnumerable selectedValues)
   at ASP._Page_Views_Shared_EditorTemplates_UserViewModel_cshtml.Execute() in c:\Users\Ivan_Yurchenko1\Documents\Visual Studio 2013\Projects\MVCTask\GameStore\GameStore.WebUI\Views\Shared\EditorTemplates\UserViewModel.cshtml:line 66
   at System.Web.WebPages.WebPageBase.ExecutePageHierarchy()
   at System.Web.Mvc.WebViewPage.ExecutePageHierarchy()
   at System.Web.WebPages.WebPageBase.ExecutePageHierarchy(WebPageContext pageContext, TextWriter writer, WebPageRenderingBase startPage)
   at System.Web.Mvc.RazorView.RenderView(ViewContext viewContext, TextWriter writer, Object instance)
   at System.Web.Mvc.BuildManagerCompiledView.Render(ViewContext viewContext, TextWriter writer)
   at System.Web.Mvc.Html.TemplateHelpers.ExecuteTemplate(HtmlHelper html, ViewDataDictionary viewData, String templateName, DataBoundControlMode mode, GetViewNamesDelegate getViewNames, GetDefaultActionsDelegate getDefaultActions)
   at System.Web.Mvc.Html.TemplateHelpers.TemplateHelper(HtmlHelper html, ModelMetadata metadata, String htmlFieldName, String templateName, DataBoundControlMode mode, Object additionalViewData, ExecuteTemplateDelegate executeTemplate)
   at System.Web.Mvc.Html.TemplateHelpers.TemplateHelper(HtmlHelper html, ModelMetadata metadata, String htmlFieldName, String templateName, DataBoundControlMode mode, Object additionalViewData)
   at System.Web.Mvc.Html.EditorExtensions.EditorForModel(HtmlHelper html)
   at ASP._Page_Views_User_Update_cshtml.Execute() in c:\Users\Ivan_Yurchenko1\Documents\Visual Studio 2013\Projects\MVCTask\GameStore\GameStore.WebUI\Views\User\Update.cshtml:line 18
   at System.Web.WebPages.WebPageBase.ExecutePageHierarchy()
   at System.Web.Mvc.WebViewPage.ExecutePageHierarchy()
   at System.Web.WebPages.StartPage.RunPage()
   at System.Web.WebPages.StartPage.ExecutePageHierarchy()
   at System.Web.WebPages.WebPageBase.ExecutePageHierarchy(WebPageContext pageContext, TextWriter writer, WebPageRenderingBase startPage)
   at System.Web.Mvc.RazorView.RenderView(ViewContext viewContext, TextWriter writer, Object instance)
   at System.Web.Mvc.BuildManagerCompiledView.Render(ViewContext viewContext, TextWriter writer)
   at System.Web.Mvc.ViewResultBase.ExecuteResult(ControllerContext context)
   at System.Web.Mvc.ControllerActionInvoker.InvokeActionResult(ControllerContext controllerContext, ActionResult actionResult)
   at System.Web.Mvc.ControllerActionInvoker.<>c__DisplayClass1a.<InvokeActionResultWithFilters>b__17()
   at System.Web.Mvc.ControllerActionInvoker.InvokeActionResultFilter(IResultFilter filter, ResultExecutingContext preContext, Func`1 continuation)
   at System.Web.Mvc.ControllerActionInvoker.<>c__DisplayClass1a.<>c__DisplayClass1c.<InvokeActionResultWithFilters>b__19()
   at System.Web.Mvc.ControllerActionInvoker.InvokeActionResultFilter(IResultFilter filter, ResultExecutingContext preContext, Func`1 continuation)
   at System.Web.Mvc.ControllerActionInvoker.<>c__DisplayClass1a.<>c__DisplayClass1c.<InvokeActionResultWithFilters>b__19()
   at System.Web.Mvc.ControllerActionInvoker.InvokeActionResultFilter(IResultFilter filter, ResultExecutingContext preContext, Func`1 continuation)
   at System.Web.Mvc.ControllerActionInvoker.<>c__DisplayClass1a.<>c__DisplayClass1c.<InvokeActionResultWithFilters>b__19()
   at System.Web.Mvc.ControllerActionInvoker.InvokeActionResultWithFilters(ControllerContext controllerContext, IList`1 filters, ActionResult actionResult)
   at System.Web.Mvc.Async.AsyncControllerActionInvoker.<>c__DisplayClass25.<>c__DisplayClass2a.<BeginInvokeAction>b__20()
   at System.Web.Mvc.Async.AsyncControllerActionInvoker.<>c__DisplayClass25.<BeginInvokeAction>b__22(IAsyncResult asyncResult).

[19:49:20.1731] DEBUG 'Game':'Get'.
User IP: ::1. Execution time: 4 milliseconds.

[19:49:31.7033] DEBUG 'User':'Get'.
User IP: ::1. Execution time: 1 milliseconds.

[19:49:33.1537] DEBUG 'User':'Update'.
User IP: ::1. Execution time: 2 milliseconds.

[19:51:45.0750] DEBUG 'Game':'Get'.
User IP: ::1. Execution time: 4225 milliseconds.

[19:52:04.4802] DEBUG 'User':'Get'.
User IP: ::1. Execution time: 40 milliseconds.

[19:52:05.9889] DEBUG 'User':'Update'.
User IP: ::1. Execution time: 37 milliseconds.

[19:52:11.5958] DEBUG 'User':'Update'.
User IP: ::1. Execution time: 3524 milliseconds.

[19:52:11.6058] DEBUG 'User':'Get'.
User IP: ::1. Execution time: 0 milliseconds.

[19:52:14.8470] DEBUG 'User':'Update'.
User IP: ::1. Execution time: 1 milliseconds.

[19:52:19.2914] DEBUG 'User':'Update'.
User IP: ::1. Execution time: 3013 milliseconds.

[19:52:19.2914] DEBUG 'User':'Get'.
User IP: ::1. Execution time: 0 milliseconds.

[19:52:23.2674] DEBUG 'User':'Get'.
User IP: ::1. Execution time: 0 milliseconds.

[19:52:33.8435] DEBUG 'User':'Get'.
User IP: ::1. Execution time: 2 milliseconds.

[19:52:34.8469] DEBUG 'User':'Update'.
User IP: ::1. Execution time: 1 milliseconds.

[19:54:39.9461] DEBUG 'Game':'Get'.
User IP: ::1. Execution time: 4330 milliseconds.

[19:54:48.2213] DEBUG 'User':'Get'.
User IP: ::1. Execution time: 42 milliseconds.

[19:54:49.7909] DEBUG 'User':'Update'.
User IP: ::1. Execution time: 135 milliseconds.

[19:54:55.2479] DEBUG 'User':'Update'.
User IP: ::1. Execution time: 1246 milliseconds.

[19:54:55.2579] DEBUG 'User':'Get'.
User IP: ::1. Execution time: 1 milliseconds.

[19:54:59.6786] DEBUG 'User':'Update'.
User IP: ::1. Execution time: 2 milliseconds.

