[10:02:02.2623] DEBUG 'Game':'Get'.
User IP: ::1. Execution time: 122768 milliseconds.

[10:02:39.8753] DEBUG 'Game':'Get'.
User IP: ::1. Execution time: 9 milliseconds.

[10:03:42.0483] DEBUG 'Game':'Details'.
User IP: ::1. Execution time: 41509 milliseconds.

[10:03:42.0623] ERROR 'Game':'Details'.
Exception: System.NullReferenceException: Object reference not set to an instance of an object.
   at GameStore.WebUI.Controllers.GameController.GetGameDetails(String key) in d:\Work\HomeWork\Ivan\06.12 13-32 MVCTask (task8 completed)\GameStore\GameStore.WebUI\Controllers\GameController.cs:line 89
   at lambda_method(Closure , ControllerBase , Object[] )
   at System.Web.Mvc.ActionMethodDispatcher.Execute(ControllerBase controller, Object[] parameters)
   at System.Web.Mvc.ReflectedActionDescriptor.Execute(ControllerContext controllerContext, IDictionary`2 parameters)
   at System.Web.Mvc.ControllerActionInvoker.InvokeActionMethod(ControllerContext controllerContext, ActionDescriptor actionDescriptor, IDictionary`2 parameters)
   at System.Web.Mvc.Async.AsyncControllerActionInvoker.<>c__DisplayClass42.<BeginInvokeSynchronousActionMethod>b__41()
   at System.Web.Mvc.Async.AsyncResultWrapper.<>c__DisplayClass8`1.<BeginSynchronous>b__7(IAsyncResult _)
   at System.Web.Mvc.Async.AsyncResultWrapper.WrappedAsyncResult`1.End()
   at System.Web.Mvc.Async.AsyncControllerActionInvoker.EndInvokeActionMethod(IAsyncResult asyncResult)
   at System.Web.Mvc.Async.AsyncControllerActionInvoker.<>c__DisplayClass37.<>c__DisplayClass39.<BeginInvokeActionMethodWithFilters>b__33()
   at System.Web.Mvc.Async.AsyncControllerActionInvoker.<>c__DisplayClass4f.<InvokeActionMethodFilterAsynchronously>b__49()
   at System.Web.Mvc.Async.AsyncControllerActionInvoker.<>c__DisplayClass4f.<InvokeActionMethodFilterAsynchronously>b__49()
   at System.Web.Mvc.Async.AsyncControllerActionInvoker.<>c__DisplayClass4f.<InvokeActionMethodFilterAsynchronously>b__49()
   at System.Web.Mvc.Async.AsyncControllerActionInvoker.<>c__DisplayClass37.<BeginInvokeActionMethodWithFilters>b__36(IAsyncResult asyncResult)
   at System.Web.Mvc.Async.AsyncResultWrapper.WrappedAsyncResult`1.End()
   at System.Web.Mvc.Async.AsyncControllerActionInvoker.EndInvokeActionMethodWithFilters(IAsyncResult asyncResult)
   at System.Web.Mvc.Async.AsyncControllerActionInvoker.<>c__DisplayClass25.<>c__DisplayClass2a.<BeginInvokeAction>b__20()
   at System.Web.Mvc.Async.AsyncControllerActionInvoker.<>c__DisplayClass25.<BeginInvokeAction>b__22(IAsyncResult asyncResult).

[10:03:44.6543] DEBUG 'Game':'Get'.
User IP: ::1. Execution time: 5 milliseconds.

[10:03:52.5883] DEBUG 'Game':'Get'.
User IP: ::1. Execution time: 7 milliseconds.

[10:05:58.7583] DEBUG 'Account':'Login'.
User IP: ::1. Execution time: 50940 milliseconds.

[10:10:26.7713] DEBUG 'Account':'Login'.
User IP: ::1. Execution time: 250606 milliseconds.

[10:11:31.0943] DEBUG 'Account':'Login'.
User IP: ::1. Execution time: 0 milliseconds.

[10:11:46.6473] DEBUG 'Account':'Login'.
User IP: ::1. Execution time: 2771 milliseconds.

