[18:31:46.5619] DEBUG 'Game':'Get'.
User IP: ::1. Execution time: 7639 milliseconds.

[18:33:00.1433] DEBUG 'Game':'New'.
User IP: ::1. Execution time: 11 milliseconds.

[18:33:00.2486] DEBUG 'Game':'New'.
User IP: ::1. Execution time: 6 milliseconds.

[18:33:22.7232] DEBUG 'Game':'Get'.
User IP: ::1. Execution time: 4907 milliseconds.

[18:33:38.3400] DEBUG 'Game':'New'.
User IP: ::1. Execution time: 9 milliseconds.

[18:33:44.5326] DEBUG 'Validation':'IsGameKeyAvailable'.
User IP: ::1. Execution time: 7 milliseconds.

[18:33:49.1499] DEBUG 'Game':'New'.
User IP: ::1. Execution time: 17 milliseconds.

[18:33:49.1680] DEBUG 'Game':'Get'.
User IP: ::1. Execution time: 6 milliseconds.

[18:33:51.7382] DEBUG 'Game':'Details'.
User IP: ::1. Execution time: 6 milliseconds.

[18:33:53.0966] DEBUG 'Game':'Update'.
User IP: ::1. Execution time: 5 milliseconds.

[18:34:01.6374] DEBUG 'Validation':'IsGameKeyAvailable'.
User IP: ::1. Execution time: 1 milliseconds.

[18:34:01.8085] DEBUG 'Game':'Update'.
User IP: ::1. Execution time: 72 milliseconds.

[18:34:01.8226] DEBUG 'Game':'Get'.
User IP: ::1. Execution time: 6 milliseconds.

